Loading bisheng/kml25.0.0/kml
  Loading requirement: /pacific_fs/HPCKit/latest/modulefiles/bisheng/kml25.0.0/kspblas/omp /pacific_fs/HPCKit/latest/modulefiles/bisheng/kml25.0.0/kvml/serial
    /pacific_fs/HPCKit/latest/modulefiles/bisheng/kml25.0.0/kblas/multi
Currently Loaded Modulefiles:
 1) bisheng/compiler4.2.0/bishengmodule   3) /pacific_fs/HPCKit/latest/modulefiles/bisheng/kml25.0.0/kspblas/omp <aL>   5) /pacific_fs/HPCKit/latest/modulefiles/bisheng/kml25.0.0/kblas/multi <aL>  
 2) bisheng/hmpi25.0.0/hmpi               4) /pacific_fs/HPCKit/latest/modulefiles/bisheng/kml25.0.0/kvml/serial <aL>   6) bisheng/kml25.0.0/kml                                                     

Key:
<module-tag>  <aL>=auto-loaded  
Running job !!!!!
Initializing AMReX (24.07)...
MPI initialized with 16 MPI processes
MPI initialized with thread support level 1
OMP initialized with 32 OMP threads
AMReX (24.07) initialized
WarpX (Unknown)

    __        __             __  __
    \ \      / /_ _ _ __ _ __\ \/ /
     \ \ /\ / / _` | '__| '_ \\  /
      \ V  V / (_| | |  | |_) /  \
       \_/\_/ \__,_|_|  | .__/_/\_\
                        |_|

Level 0: dt = 4.343827613e-16 ; dx = 9.375e-07 ; dy = 9.375e-07 ; dz = 1.328125e-07

Grids Summary:
  Level 0   16 grids  2097152 cells  100 % of domain
            smallest grid: 64 x 64 x 32  biggest grid: 64 x 64 x 32

-------------------------------------------------------------------------------
--------------------------- MAIN EM PIC PARAMETERS ----------------------------
-------------------------------------------------------------------------------
Precision:            | DOUBLE
Particle precision:   | DOUBLE
Geometry:             | 3D (XYZ)
Operation mode:       | Electromagnetic
                      | - vacuum
-------------------------------------------------------------------------------
Current Deposition:   | direct 
Particle Pusher:      | Boris 
Charge Deposition:    | standard 
Field Gathering:      | energy-conserving 
Particle Shape Factor:| 1
-------------------------------------------------------------------------------
Maxwell Solver:       | CKC 
                      | - collocated grid 
-------------------------------------------------------------------------------
For full input parameters, see the file: warpx_used_inputs

STEP 1 starts ...

 Sustained Performence: 17.607518 TFLOPS 

 Peak Performence: 17.607518 TFLOPS 
arvg_metric: 78219238.093907

Unused ParmParse Variables:
  [TOP]::diag1.diag_type(nvals = 1)  :: [Full]
  [TOP]::diag1.fields_to_plot(nvals = 10)  :: [Ex, Ey, Ez, Bx, By, Bz, jx, jy, jz, rho]
  [TOP]::diag1.intervals(nvals = 1)  :: [100]
  [TOP]::warpx.moving_window_dir(nvals = 1)  :: [z]
  [TOP]::warpx.moving_window_v(nvals = 1)  :: [1.0]
  [TOP]::warpx.sort_intervals(nvals = 1)  :: [-1]


**** WARNINGS ******************************************************************
* GLOBAL warning list  after  [ FIRST STEP ]
*
* No recorded warnings.
********************************************************************************

STEP 1 ends. TIME = 4.343827613e-16 DT = 4.343827613e-16
Evolve time = 3.459394832 s; This step = 3.459394832 s; Avg. per step = 3.459394832 s

STEP 2 starts ...

 Sustained Performence: 18.785610 TFLOPS 

 Peak Performence: 18.785610 TFLOPS 
arvg_metric: 165965340.083704
STEP 2 ends. TIME = 8.687655226e-16 DT = 4.343827613e-16
Evolve time = 4.282716033 s; This step = 0.823321201 s; Avg. per step = 2.141358017 s

STEP 3 starts ...

 Sustained Performence: 18.802777 TFLOPS 

 Peak Performence: 18.802777 TFLOPS 
arvg_metric: 99162100.450726
STEP 3 ends. TIME = 1.303148284e-15 DT = 4.343827613e-16
Evolve time = 5.652016019 s; This step = 1.369299986 s; Avg. per step = 1.88400534 s

STEP 4 starts ...

 Sustained Performence: 18.847491 TFLOPS 

 Peak Performence: 18.847491 TFLOPS 
arvg_metric: 166163585.801717
STEP 4 ends. TIME = 1.737531045e-15 DT = 4.343827613e-16
Evolve time = 6.491611285 s; This step = 0.839595266 s; Avg. per step = 1.622902821 s

STEP 5 starts ...

 Sustained Performence: 18.718752 TFLOPS 

 Peak Performence: 18.847491 TFLOPS 
arvg_metric: 165248510.178109
STEP 5 ends. TIME = 2.171913806e-15 DT = 4.343827613e-16
Evolve time = 7.316158049 s; This step = 0.824546764 s; Avg. per step = 1.46323161 s

STEP 6 starts ...

 Sustained Performence: 18.494069 TFLOPS 

 Peak Performence: 18.847491 TFLOPS 
arvg_metric: 163769452.842300
STEP 6 ends. TIME = 2.606296568e-15 DT = 4.343827613e-16
Evolve time = 8.148993101 s; This step = 0.832835052 s; Avg. per step = 1.358165517 s

STEP 7 starts ...

 Sustained Performence: 18.516532 TFLOPS 

 Peak Performence: 18.847491 TFLOPS 
arvg_metric: 163882945.601493
STEP 7 ends. TIME = 3.040679329e-15 DT = 4.343827613e-16
Evolve time = 8.989482859 s; This step = 0.840489758 s; Avg. per step = 1.284211837 s

STEP 8 starts ...

 Sustained Performence: 18.482259 TFLOPS 

 Peak Performence: 18.847491 TFLOPS 
arvg_metric: 75393314.888489
STEP 8 ends. TIME = 3.47506209e-15 DT = 4.343827613e-16
Evolve time = 10.42507966 s; This step = 1.435596798 s; Avg. per step = 1.303134957 s

STEP 9 starts ...

 Sustained Performence: 18.392962 TFLOPS 

 Peak Performence: 18.847491 TFLOPS 
arvg_metric: 163116894.141076
STEP 9 ends. TIME = 3.909444852e-15 DT = 4.343827613e-16
Evolve time = 11.25721493 s; This step = 0.83213527 s; Avg. per step = 1.250801659 s

STEP 10 starts ...

 Sustained Performence: 18.722860 TFLOPS 

 Peak Performence: 18.847491 TFLOPS 
arvg_metric: 165220524.650863
STEP 10 ends. TIME = 4.343827613e-15 DT = 4.343827613e-16
Evolve time = 12.0960249 s; This step = 0.838809974 s; Avg. per step = 1.20960249 s

STEP 11 starts ...

 Sustained Performence: 18.545627 TFLOPS 

 Peak Performence: 18.847491 TFLOPS 
arvg_metric: 162136086.823185
STEP 11 ends. TIME = 4.778210374e-15 DT = 4.343827613e-16
Evolve time = 12.93398149 s; This step = 0.837956592 s; Avg. per step = 1.175816499 s

STEP 12 starts ...

 Sustained Performence: 18.495572 TFLOPS 

 Peak Performence: 18.847491 TFLOPS 
arvg_metric: 163616605.335495
STEP 12 ends. TIME = 5.212593136e-15 DT = 4.343827613e-16
Evolve time = 13.76666425 s; This step = 0.832682761 s; Avg. per step = 1.147222021 s

STEP 13 starts ...

 Sustained Performence: 18.550080 TFLOPS 

 Peak Performence: 18.847491 TFLOPS 
arvg_metric: 163913584.167954
STEP 13 ends. TIME = 5.646975897e-15 DT = 4.343827613e-16
Evolve time = 14.59846455 s; This step = 0.831800299 s; Avg. per step = 1.122958812 s

STEP 14 starts ...

 Sustained Performence: 18.581628 TFLOPS 

 Peak Performence: 18.847491 TFLOPS 
arvg_metric: 154692417.221529
STEP 14 ends. TIME = 6.081358658e-15 DT = 4.343827613e-16
Evolve time = 15.7003914 s; This step = 1.10192685 s; Avg. per step = 1.121456529 s

STEP 15 starts ...

 Sustained Performence: 18.532752 TFLOPS 

 Peak Performence: 18.847491 TFLOPS 
arvg_metric: 163944827.735528
STEP 15 ends. TIME = 6.515741419e-15 DT = 4.343827613e-16
Evolve time = 16.53304566 s; This step = 0.832654261 s; Avg. per step = 1.102203044 s

STEP 16 starts ...

 Sustained Performence: 18.460436 TFLOPS 

 Peak Performence: 18.847491 TFLOPS 
arvg_metric: 163315755.455606
STEP 16 ends. TIME = 6.950124181e-15 DT = 4.343827613e-16
Evolve time = 17.36874011 s; This step = 0.835694448 s; Avg. per step = 1.085546257 s

STEP 17 starts ...

 Sustained Performence: 18.384122 TFLOPS 

 Peak Performence: 18.847491 TFLOPS 
arvg_metric: 163058763.280132
STEP 17 ends. TIME = 7.384506942e-15 DT = 4.343827613e-16
Evolve time = 18.20514442 s; This step = 0.836404309 s; Avg. per step = 1.070890848 s

STEP 18 starts ...

 Sustained Performence: 18.497024 TFLOPS 

 Peak Performence: 18.847491 TFLOPS 
arvg_metric: 163965274.564917
STEP 18 ends. TIME = 7.818889703e-15 DT = 4.343827613e-16
Evolve time = 19.0512987 s; This step = 0.84615428 s; Avg. per step = 1.058405483 s

STEP 19 starts ...

 Sustained Performence: 18.300799 TFLOPS 

 Peak Performence: 18.847491 TFLOPS 
arvg_metric: 90512043.645635
STEP 19 ends. TIME = 8.253272465e-15 DT = 4.343827613e-16
Evolve time = 20.63715718 s; This step = 1.585858481 s; Avg. per step = 1.086166167 s

STEP 20 starts ...

 Sustained Performence: 18.410649 TFLOPS 

 Peak Performence: 18.847491 TFLOPS 
arvg_metric: 163175676.836453
STEP 20 ends. TIME = 8.687655226e-15 DT = 4.343827613e-16
Evolve time = 21.72777411 s; This step = 1.090616926 s; Avg. per step = 1.086388705 s


**** WARNINGS ******************************************************************
* GLOBAL warning list  after  [ THE END ]
*
* No recorded warnings.
********************************************************************************

Total Time                     : 57.67420592


TinyProfiler total time across processes [min...avg...max]: 57.62 ... 57.65 ... 57.67

----------------------------------------------------------------------------------------------------------
Name                                                       NCalls  Excl. Min  Excl. Avg  Excl. Max   Max %
----------------------------------------------------------------------------------------------------------
ParticleContainer::RedistributeMPI()                           64     0.4477      37.26      40.41  70.06%
PhysicalParticleContainer::AddPlasma()                          1   0.003888      2.258       35.7  61.90%
WarpX::OneStep_nosub()                                         20      1.762        6.5      12.93  22.42%
FabArray::ParallelCopy_finish()                                60    0.07764      3.842      10.06  17.44%
PhysicalParticleContainer::Evolve::GatherAndPush               16          0      0.909      5.295   9.18%
FillBoundary_finish()                                         248      0.667      2.374      4.269   7.40%
WarpX::Evolve::step                                            20      1.671      2.056      3.072   5.33%
ParticleContainer::RedistributeCPU()                           64      0.153     0.5753      2.435   4.22%
WarpXParticleContainer::SortParticlesByBin()                    2  0.0001002     0.3974      2.292   3.97%
WarpXParticleContainer::ApplyBoundaryConditions()              40   0.002674      0.392      2.171   3.77%
[1] USER SME_sortanrpre                                        19          0     0.1721      1.058   1.83%
PhysicalParticleContainer::Evolve()                            20   0.002467     0.1755      1.026   1.78%
Filter::ApplyStencil(MultiFab)                                 60    0.02373     0.1158     0.8603   1.49%
[2] USER SME_kernal                                            19          0     0.1329      0.819   1.42%
PhysicalParticleContainer::PushP()                              2  0.0001462    0.08603     0.4842   0.84%
FillBoundary_nowait()                                         248    0.05327     0.1035     0.4463   0.77%
[0] USER doDepositionShapeN_special()                          19          0    0.02357     0.1455   0.25%
main()                                                          1   0.002668    0.02807    0.05404   0.09%
WarpXParticleContainer::DepositCurrent::CurrentDeposition      19          0   0.006176    0.04334   0.08%
WarpX::InitData()                                               1   0.001311   0.005764    0.03192   0.06%
WarpX::Evolve()                                                 1  0.0001472   0.009747    0.01045   0.02%
ParticleContainer::BuildRedistributeMask                       80    0.00703   0.007614   0.008236   0.01%
WarpX::SyncCurrent()                                           20   0.002706   0.003436   0.004343   0.01%
ablastr::utils::communication::FillBoundary                   246   0.002189   0.002613   0.002933   0.01%
FabArray<FAB>::SumBoundary_finish()                            60   0.001297   0.001558   0.001864   0.00%
FabArray::FillBoundary()                                      128  0.0008296  0.0009353   0.001105   0.00%
FabArray<FAB>::SumBoundary()                                   60  0.0005086  0.0006201  0.0008274   0.00%
FabArray::FillBoundaryAndSync()                               120  0.0002883   0.000319  0.0004125   0.00%
FillBoundaryAndSync_nowait()                                  120  0.0002555  0.0003017  0.0004043   0.00%
FillBoundaryAndSync_finish()                                  120  0.0002168  0.0002464  0.0002866   0.00%
ablastr::utils::communication::SumBoundary                     60    0.00019  0.0002127  0.0002551   0.00%
PhysicalParticleContainer::AddParticles()                       2  3.604e-05  6.986e-05  0.0001073   0.00%
REG::WarpX::Evolve()                                            1   6.06e-06  1.155e-05  2.484e-05   0.00%
Other                                                        1313      0.139     0.2119       0.36   0.62%
----------------------------------------------------------------------------------------------------------

----------------------------------------------------------------------------------------------------------
Name                                                       NCalls  Incl. Min  Incl. Avg  Incl. Max   Max %
----------------------------------------------------------------------------------------------------------
main()                                                          1      57.62      57.65      57.67 100.00%
ParticleContainer::RedistributeCPU()                           64      2.801      37.87      40.58  70.36%
ParticleContainer::RedistributeMPI()                           64      0.448      37.26      40.41  70.06%
WarpX::InitData()                                               1      35.85      36.28      38.24  66.31%
PhysicalParticleContainer::AddParticles()                       2    0.00397      2.258       35.7  61.90%
PhysicalParticleContainer::AddPlasma()                          1   0.003888      2.258       35.7  61.90%
REG::WarpX::Evolve()                                            1      19.38      21.34      21.75  37.71%
WarpX::Evolve()                                                 1      19.38      21.34      21.75  37.71%
WarpX::Evolve::step                                            20      19.37      21.33      21.74  37.69%
WarpX::OneStep_nosub()                                         20      12.24      13.26       14.9  25.84%
WarpX::SyncCurrent()                                           20     0.2061      4.057      10.18  17.65%
ablastr::utils::communication::SumBoundary                     60     0.1679      3.933      10.15  17.59%
FabArray<FAB>::SumBoundary()                                   60     0.1677      3.933      10.15  17.59%
FabArray<FAB>::SumBoundary_finish()                            60    0.07947      3.844      10.06  17.44%
FabArray::ParallelCopy_finish()                                60    0.07764      3.842      10.06  17.44%
PhysicalParticleContainer::Evolve()                            20   0.002467      1.422      8.059  13.97%
PhysicalParticleContainer::Evolve::GatherAndPush               16          0      0.909      5.295   9.18%
ablastr::utils::communication::FillBoundary                   246     0.7237      2.461      4.344   7.53%
FillBoundary_finish()                                         248      0.667      2.374      4.269   7.40%
FabArray::FillBoundary()                                      128    0.07247      1.231      2.839   4.92%
WarpXParticleContainer::SortParticlesByBin()                    2  0.0001002     0.4116      2.373   4.11%
FabArray::FillBoundaryAndSync()                               120     0.3559       1.25      2.249   3.90%
FillBoundaryAndSync_finish()                                  120     0.3372       1.22      2.231   3.87%
WarpXParticleContainer::ApplyBoundaryConditions()              40   0.002674      0.392      2.171   3.77%
WarpXParticleContainer::DepositCurrent::CurrentDeposition      19          0      0.336      2.047   3.55%
[0] USER doDepositionShapeN_special()                          19          0     0.3299      2.013   3.49%
[1] USER SME_sortanrpre                                        19          0     0.1721      1.058   1.83%
Filter::ApplyStencil(MultiFab)                                 60    0.02373     0.1158     0.8603   1.49%
[2] USER SME_kernal                                            19          0     0.1329      0.819   1.42%
PhysicalParticleContainer::PushP()                              2  0.0001462    0.08603     0.4842   0.84%
FillBoundary_nowait()                                         248    0.05455      0.105     0.4479   0.78%
ParticleContainer::BuildRedistributeMask                       80      0.009    0.04389     0.1291   0.22%
FillBoundaryAndSync_nowait()                                  120    0.01273    0.02942     0.1147   0.20%
Other                                                        1313     0.2372     0.3501     0.5225   0.91%
----------------------------------------------------------------------------------------------------------



BEGIN REGION WarpX::Evolve()

----------------------------------------------------------------------------------------------------------
Name                                                       NCalls  Excl. Min  Excl. Avg  Excl. Max   Max %
----------------------------------------------------------------------------------------------------------
WarpX::OneStep_nosub()                                         20      1.762        6.5      12.93  22.42%
FabArray::ParallelCopy_finish()                                60    0.07764      3.842      10.06  17.44%
PhysicalParticleContainer::Evolve::GatherAndPush               16          0      0.909      5.295   9.18%
ParticleContainer::RedistributeMPI()                           60    0.02795      3.737      4.596   7.97%
FillBoundary_finish()                                         248      0.667      2.374      4.269   7.40%
WarpX::Evolve::step                                            20      1.671      2.056      3.072   5.33%
ParticleContainer::RedistributeCPU()                           60     0.1428     0.5445      2.313   4.01%
WarpXParticleContainer::ApplyBoundaryConditions()              40   0.002674      0.392      2.171   3.77%
[1] USER SME_sortanrpre                                        19          0     0.1721      1.058   1.83%
PhysicalParticleContainer::Evolve()                            20   0.002467     0.1755      1.026   1.78%
Filter::ApplyStencil(MultiFab)                                 60    0.02373     0.1158     0.8603   1.49%
[2] USER SME_kernal                                            19          0     0.1329      0.819   1.42%
PhysicalParticleContainer::PushP()                              2  0.0001462    0.08603     0.4842   0.84%
FillBoundary_nowait()                                         248    0.05327     0.1035     0.4463   0.77%
[0] USER doDepositionShapeN_special()                          19          0    0.02357     0.1455   0.25%
WarpXParticleContainer::DepositCurrent::CurrentDeposition      19          0   0.006176    0.04334   0.08%
WarpX::Evolve()                                                 1  0.0001472   0.009747    0.01045   0.02%
WarpX::SyncCurrent()                                           20   0.002706   0.003436   0.004343   0.01%
ablastr::utils::communication::FillBoundary                   246   0.002189   0.002613   0.002933   0.01%
FabArray<FAB>::SumBoundary_finish()                            60   0.001297   0.001558   0.001864   0.00%
FabArray::FillBoundary()                                      128  0.0008296  0.0009353   0.001105   0.00%
FabArray<FAB>::SumBoundary()                                   60  0.0005086  0.0006201  0.0008274   0.00%
FabArray::FillBoundaryAndSync()                               120  0.0002883   0.000319  0.0004125   0.00%
FillBoundaryAndSync_finish()                                  120  0.0002168  0.0002464  0.0002866   0.00%
ablastr::utils::communication::SumBoundary                     60    0.00019  0.0002127  0.0002551   0.00%
REG::WarpX::Evolve()                                            1   6.06e-06  1.155e-05  2.484e-05   0.00%
Other                                                        1449     0.1229     0.1487     0.2043   0.35%
----------------------------------------------------------------------------------------------------------

----------------------------------------------------------------------------------------------------------
Name                                                       NCalls  Incl. Min  Incl. Avg  Incl. Max   Max %
----------------------------------------------------------------------------------------------------------
REG::WarpX::Evolve()                                            1      19.38      21.34      21.75  37.71%
WarpX::Evolve()                                                 1      19.38      21.34      21.75  37.71%
WarpX::Evolve::step                                            20      19.37      21.33      21.74  37.69%
WarpX::OneStep_nosub()                                         20      12.24      13.26       14.9  25.84%
WarpX::SyncCurrent()                                           20     0.2061      4.057      10.18  17.65%
ablastr::utils::communication::SumBoundary                     60     0.1679      3.933      10.15  17.59%
FabArray<FAB>::SumBoundary()                                   60     0.1677      3.933      10.15  17.59%
FabArray<FAB>::SumBoundary_finish()                            60    0.07947      3.844      10.06  17.44%
FabArray::ParallelCopy_finish()                                60    0.07764      3.842      10.06  17.44%
PhysicalParticleContainer::Evolve()                            20   0.002467      1.422      8.059  13.97%
PhysicalParticleContainer::Evolve::GatherAndPush               16          0      0.909      5.295   9.18%
ParticleContainer::RedistributeCPU()                           60      2.349      4.325      4.756   8.25%
ParticleContainer::RedistributeMPI()                           60    0.02813      3.737      4.596   7.97%
ablastr::utils::communication::FillBoundary                   246     0.7237      2.461      4.344   7.53%
FillBoundary_finish()                                         248      0.667      2.374      4.269   7.40%
FabArray::FillBoundary()                                      128    0.07247      1.231      2.839   4.92%
FabArray::FillBoundaryAndSync()                               120     0.3559       1.25      2.249   3.90%
FillBoundaryAndSync_finish()                                  120     0.3372       1.22      2.231   3.87%
WarpXParticleContainer::ApplyBoundaryConditions()              40   0.002674      0.392      2.171   3.77%
WarpXParticleContainer::DepositCurrent::CurrentDeposition      19          0      0.336      2.047   3.55%
[0] USER doDepositionShapeN_special()                          19          0     0.3299      2.013   3.49%
[1] USER SME_sortanrpre                                        19          0     0.1721      1.058   1.83%
Filter::ApplyStencil(MultiFab)                                 60    0.02373     0.1158     0.8603   1.49%
[2] USER SME_kernal                                            19          0     0.1329      0.819   1.42%
PhysicalParticleContainer::PushP()                              2  0.0001462    0.08603     0.4842   0.84%
FillBoundary_nowait()                                         248    0.05455      0.105     0.4479   0.78%
Other                                                        1449     0.2256     0.3086      0.554   0.96%
----------------------------------------------------------------------------------------------------------

END REGION WarpX::Evolve()
Unused ParmParse Variables:
  [TOP]::diag1.diag_type(nvals = 1)  :: [Full]
  [TOP]::diag1.fields_to_plot(nvals = 10)  :: [Ex, Ey, Ez, Bx, By, Bz, jx, jy, jz, rho]
  [TOP]::diag1.intervals(nvals = 1)  :: [100]
  [TOP]::warpx.moving_window_dir(nvals = 1)  :: [z]
  [TOP]::warpx.moving_window_v(nvals = 1)  :: [1.0]
  [TOP]::warpx.sort_intervals(nvals = 1)  :: [-1]

Pinned Memory Usage:
-----------------------------------------------------------------------------------------------------------------------------
Name                                    Nalloc  Nfree  AvgMem min  AvgMem avg  AvgMem max  MaxMem min  MaxMem avg  MaxMem max
-----------------------------------------------------------------------------------------------------------------------------
The_Pinned_Arena::Initialize()              16     16     235   B     290   B     495   B    8192 KiB    8192 KiB    8192 KiB
WarpX::InitData()                          460    460       3   B       4   B       9   B      25 KiB      32 KiB      59 KiB
main()                                    1216   1216     799   B     799   B     799   B     800   B     800   B     800   B
PhysicalParticleContainer::AddPlasma()      32     32     159   B     159   B     159   B     160   B     160   B     160   B
-----------------------------------------------------------------------------------------------------------------------------

AMReX (24.07) finalized
Done!
