Loading bisheng/kml25.0.0/kml
  Loading requirement: /pacific_fs/HPCKit/latest/modulefiles/bisheng/kml25.0.0/kspblas/omp /pacific_fs/HPCKit/latest/modulefiles/bisheng/kml25.0.0/kvml/serial
    /pacific_fs/HPCKit/latest/modulefiles/bisheng/kml25.0.0/kblas/multi
Currently Loaded Modulefiles:
 1) bisheng/compiler4.2.0/bishengmodule   3) /pacific_fs/HPCKit/latest/modulefiles/bisheng/kml25.0.0/kspblas/omp <aL>   5) /pacific_fs/HPCKit/latest/modulefiles/bisheng/kml25.0.0/kblas/multi <aL>  
 2) bisheng/hmpi25.0.0/hmpi               4) /pacific_fs/HPCKit/latest/modulefiles/bisheng/kml25.0.0/kvml/serial <aL>   6) bisheng/kml25.0.0/kml                                                     

Key:
<module-tag>  <aL>=auto-loaded  
Running job !!!!!
Initializing AMReX (24.07)...
MPI initialized with 16 MPI processes
MPI initialized with thread support level 1
OMP initialized with 32 OMP threads
AMReX (24.07) initialized
WarpX (Unknown)

    __        __             __  __
    \ \      / /_ _ _ __ _ __\ \/ /
     \ \ /\ / / _` | '__| '_ \\  /
      \ V  V / (_| | |  | |_) /  \
       \_/\_/ \__,_|_|  | .__/_/\_\
                        |_|

Level 0: dt = 4.255530363e-16 ; dx = 1.5625e-07 ; dy = 3.125e-07 ; dz = 3.125e-07

Grids Summary:
  Level 0   16 grids  4194304 cells  100 % of domain
            smallest grid: 64 x 64 x 64  biggest grid: 64 x 64 x 64

-------------------------------------------------------------------------------
--------------------------- MAIN EM PIC PARAMETERS ----------------------------
-------------------------------------------------------------------------------
Precision:            | DOUBLE
Particle precision:   | DOUBLE
Geometry:             | 3D (XYZ)
Operation mode:       | Electromagnetic
                      | - vacuum
-------------------------------------------------------------------------------
Current Deposition:   | direct 
Particle Pusher:      | Boris 
Charge Deposition:    | standard 
Field Gathering:      | energy-conserving 
Particle Shape Factor:| 1
-------------------------------------------------------------------------------
Maxwell Solver:       | CKC 
                      | - collocated grid 
-------------------------------------------------------------------------------
For full input parameters, see the file: warpx_used_inputs

STEP 1 starts ...

 Sustained Performence: 57.882458 TFLOPS 

 Peak Performence: 57.882458 TFLOPS 
arvg_metric: 356526482.150438

Unused ParmParse Variables:
  [TOP]::chk.diag_type(nvals = 1)  :: [Full]
  [TOP]::chk.intervals(nvals = 1)  :: [6]
  [TOP]::diag1.diag_type(nvals = 1)  :: [Full]
  [TOP]::diag1.electrons.variables(nvals = 7)  :: [x, y, z, ux, uy, uz, w]
  [TOP]::diag1.fields_to_plot(nvals = 10)  :: [Bx, By, Bz, Ex, Ey, Ez, jx, jy, jz, rho]
  [TOP]::diag1.intervals(nvals = 1)  :: [4]
  [TOP]::warpx.sort_intervals(nvals = 1)  :: [-1]


**** WARNINGS ******************************************************************
* GLOBAL warning list  after  [ FIRST STEP ]
*
* No recorded warnings.
********************************************************************************

STEP 1 ends. TIME = 4.255530363e-16 DT = 4.255530363e-16
Evolve time = 0.191080103 s; This step = 0.191080103 s; Avg. per step = 0.191080103 s

STEP 2 starts ...

 Sustained Performence: 87.280895 TFLOPS 

 Peak Performence: 87.280895 TFLOPS 
arvg_metric: 446027876.597243
STEP 2 ends. TIME = 8.511060727e-16 DT = 4.255530363e-16
Evolve time = 0.289465416 s; This step = 0.098385313 s; Avg. per step = 0.144732708 s

STEP 3 starts ...

 Sustained Performence: 86.789229 TFLOPS 

 Peak Performence: 87.280895 TFLOPS 
arvg_metric: 345892495.003503
STEP 3 ends. TIME = 1.276659109e-15 DT = 4.255530363e-16
Evolve time = 0.411032419 s; This step = 0.121567003 s; Avg. per step = 0.1370108063 s

STEP 4 starts ...

 Sustained Performence: 86.531886 TFLOPS 

 Peak Performence: 87.280895 TFLOPS 
arvg_metric: 352340516.336926
STEP 4 ends. TIME = 1.702212145e-15 DT = 4.255530363e-16
Evolve time = 0.531101808 s; This step = 0.120069389 s; Avg. per step = 0.132775452 s

STEP 5 starts ...

 Sustained Performence: 86.666948 TFLOPS 

 Peak Performence: 87.280895 TFLOPS 
arvg_metric: 351816725.512940
STEP 5 ends. TIME = 2.127765182e-15 DT = 4.255530363e-16
Evolve time = 0.650185805 s; This step = 0.119083997 s; Avg. per step = 0.130037161 s

STEP 6 starts ...

 Sustained Performence: 85.979496 TFLOPS 

 Peak Performence: 87.280895 TFLOPS 
arvg_metric: 40687393.265638
STEP 6 ends. TIME = 2.553318218e-15 DT = 4.255530363e-16
Evolve time = 1.498923009 s; This step = 0.848737204 s; Avg. per step = 0.2498205015 s

STEP 7 starts ...

 Sustained Performence: 86.381570 TFLOPS 

 Peak Performence: 87.280895 TFLOPS 
arvg_metric: 354812375.962229
STEP 7 ends. TIME = 2.978871254e-15 DT = 4.255530363e-16
Evolve time = 1.617527155 s; This step = 0.118604146 s; Avg. per step = 0.2310753079 s

STEP 8 starts ...

 Sustained Performence: 86.294485 TFLOPS 

 Peak Performence: 87.280895 TFLOPS 
arvg_metric: 352286294.410051
STEP 8 ends. TIME = 3.404424291e-15 DT = 4.255530363e-16
Evolve time = 1.737574455 s; This step = 0.1200473 s; Avg. per step = 0.2171968069 s

STEP 9 starts ...

 Sustained Performence: 86.424930 TFLOPS 

 Peak Performence: 87.280895 TFLOPS 
arvg_metric: 352780779.906377
STEP 9 ends. TIME = 3.829977327e-15 DT = 4.255530363e-16
Evolve time = 1.857464604 s; This step = 0.119890149 s; Avg. per step = 0.206384956 s

STEP 10 starts ...

 Sustained Performence: 86.546224 TFLOPS 

 Peak Performence: 87.280895 TFLOPS 
arvg_metric: 347280435.730750
STEP 10 ends. TIME = 4.255530363e-15 DT = 4.255530363e-16
Evolve time = 1.978611696 s; This step = 0.121147092 s; Avg. per step = 0.1978611696 s

STEP 11 starts ...

 Sustained Performence: 86.146392 TFLOPS 

 Peak Performence: 87.280895 TFLOPS 
arvg_metric: 347369211.649186
STEP 11 ends. TIME = 4.6810834e-15 DT = 4.255530363e-16
Evolve time = 2.100360059 s; This step = 0.121748363 s; Avg. per step = 0.1909418235 s

STEP 12 starts ...

 Sustained Performence: 86.072290 TFLOPS 

 Peak Performence: 87.280895 TFLOPS 
arvg_metric: 351737835.067104
STEP 12 ends. TIME = 5.106636436e-15 DT = 4.255530363e-16
Evolve time = 2.220448958 s; This step = 0.120088899 s; Avg. per step = 0.1850374132 s

STEP 13 starts ...

 Sustained Performence: 86.081106 TFLOPS 

 Peak Performence: 87.280895 TFLOPS 
arvg_metric: 354857681.310810
STEP 13 ends. TIME = 5.532189472e-15 DT = 4.255530363e-16
Evolve time = 2.339782585 s; This step = 0.119333627 s; Avg. per step = 0.1799832758 s

STEP 14 starts ...

 Sustained Performence: 86.984839 TFLOPS 

 Peak Performence: 87.280895 TFLOPS 
arvg_metric: 349046364.440070
STEP 14 ends. TIME = 5.957742509e-15 DT = 4.255530363e-16
Evolve time = 2.460320305 s; This step = 0.12053772 s; Avg. per step = 0.1757371646 s

STEP 15 starts ...

 Sustained Performence: 86.252011 TFLOPS 

 Peak Performence: 87.280895 TFLOPS 
arvg_metric: 349141990.748035
STEP 15 ends. TIME = 6.383295545e-15 DT = 4.255530363e-16
Evolve time = 2.581032736 s; This step = 0.120712431 s; Avg. per step = 0.1720688491 s

STEP 16 starts ...

 Sustained Performence: 86.364347 TFLOPS 

 Peak Performence: 87.280895 TFLOPS 
arvg_metric: 351651268.307784
STEP 16 ends. TIME = 6.808848581e-15 DT = 4.255530363e-16
Evolve time = 2.700671975 s; This step = 0.119639239 s; Avg. per step = 0.1687919984 s

STEP 17 starts ...

 Sustained Performence: 86.888233 TFLOPS 

 Peak Performence: 87.280895 TFLOPS 
arvg_metric: 441521917.470827
STEP 17 ends. TIME = 7.234401618e-15 DT = 4.255530363e-16
Evolve time = 2.801450553 s; This step = 0.100778578 s; Avg. per step = 0.164791209 s

STEP 18 starts ...

 Sustained Performence: 85.407180 TFLOPS 

 Peak Performence: 87.280895 TFLOPS 
arvg_metric: 186646758.708864
STEP 18 ends. TIME = 7.659954654e-15 DT = 4.255530363e-16
Evolve time = 3.005358043 s; This step = 0.20390749 s; Avg. per step = 0.1669643357 s

STEP 19 starts ...

 Sustained Performence: 86.370683 TFLOPS 

 Peak Performence: 87.280895 TFLOPS 
arvg_metric: 349572924.967851
STEP 19 ends. TIME = 8.08550769e-15 DT = 4.255530363e-16
Evolve time = 3.126908205 s; This step = 0.121550162 s; Avg. per step = 0.1645741161 s

STEP 20 starts ...

 Sustained Performence: 86.549582 TFLOPS 

 Peak Performence: 87.280895 TFLOPS 
arvg_metric: 349536872.075861
STEP 20 ends. TIME = 8.511060727e-15 DT = 4.255530363e-16
Evolve time = 3.247409585 s; This step = 0.12050138 s; Avg. per step = 0.1623704792 s

STEP 21 starts ...

 Sustained Performence: 86.054315 TFLOPS 

 Peak Performence: 87.280895 TFLOPS 
arvg_metric: 347477630.585141
STEP 21 ends. TIME = 8.936613763e-15 DT = 4.255530363e-16
Evolve time = 3.368670917 s; This step = 0.121261332 s; Avg. per step = 0.1604129008 s

STEP 22 starts ...

 Sustained Performence: 86.094071 TFLOPS 

 Peak Performence: 87.280895 TFLOPS 
arvg_metric: 354447569.657494
STEP 22 ends. TIME = 9.362166799e-15 DT = 4.255530363e-16
Evolve time = 3.487820624 s; This step = 0.119149707 s; Avg. per step = 0.1585373011 s

STEP 23 starts ...

 Sustained Performence: 85.833078 TFLOPS 

 Peak Performence: 87.280895 TFLOPS 
arvg_metric: 352133332.386975
STEP 23 ends. TIME = 9.787719836e-15 DT = 4.255530363e-16
Evolve time = 3.681972983 s; This step = 0.194152359 s; Avg. per step = 0.1600857819 s

STEP 24 starts ...

 Sustained Performence: 86.310980 TFLOPS 

 Peak Performence: 87.280895 TFLOPS 
arvg_metric: 353001464.622895
STEP 24 ends. TIME = 1.021327287e-14 DT = 4.255530363e-16
Evolve time = 3.801643171 s; This step = 0.119670188 s; Avg. per step = 0.1584017988 s

STEP 25 starts ...

 Sustained Performence: 86.331751 TFLOPS 

 Peak Performence: 87.280895 TFLOPS 
arvg_metric: 349638854.199058
STEP 25 ends. TIME = 1.063882591e-14 DT = 4.255530363e-16
Evolve time = 3.922609622 s; This step = 0.120966451 s; Avg. per step = 0.1569043849 s

STEP 26 starts ...

 Sustained Performence: 86.210956 TFLOPS 

 Peak Performence: 87.280895 TFLOPS 
arvg_metric: 346484950.404397
STEP 26 ends. TIME = 1.106437894e-14 DT = 4.255530363e-16
Evolve time = 4.043238482 s; This step = 0.12062886 s; Avg. per step = 0.1555091724 s

STEP 27 starts ...

 Sustained Performence: 86.236965 TFLOPS 

 Peak Performence: 87.280895 TFLOPS 
arvg_metric: 351215831.054949
STEP 27 ends. TIME = 1.148993198e-14 DT = 4.255530363e-16
Evolve time = 4.163150861 s; This step = 0.119912379 s; Avg. per step = 0.1541907726 s

STEP 28 starts ...

 Sustained Performence: 86.191520 TFLOPS 

 Peak Performence: 87.280895 TFLOPS 
arvg_metric: 348554372.701455
STEP 28 ends. TIME = 1.191548502e-14 DT = 4.255530363e-16
Evolve time = 4.284139873 s; This step = 0.120989012 s; Avg. per step = 0.1530049955 s

STEP 29 starts ...

 Sustained Performence: 86.612195 TFLOPS 

 Peak Performence: 87.280895 TFLOPS 
arvg_metric: 347872971.098269
STEP 29 ends. TIME = 1.234103805e-14 DT = 4.255530363e-16
Evolve time = 4.404606034 s; This step = 0.120466161 s; Avg. per step = 0.1518829667 s

STEP 30 starts ...

 Sustained Performence: 86.415313 TFLOPS 

 Peak Performence: 87.280895 TFLOPS 
arvg_metric: 347310817.331553
STEP 30 ends. TIME = 1.276659109e-14 DT = 4.255530363e-16
Evolve time = 4.525690516 s; This step = 0.121084482 s; Avg. per step = 0.1508563505 s

STEP 31 starts ...

 Sustained Performence: 86.810307 TFLOPS 

 Peak Performence: 87.280895 TFLOPS 
arvg_metric: 346500825.943079
STEP 31 ends. TIME = 1.319214413e-14 DT = 4.255530363e-16
Evolve time = 4.647122439 s; This step = 0.121431923 s; Avg. per step = 0.1499071755 s

STEP 32 starts ...

 Sustained Performence: 86.746316 TFLOPS 

 Peak Performence: 87.280895 TFLOPS 
arvg_metric: 432436572.449588
STEP 32 ends. TIME = 1.361769716e-14 DT = 4.255530363e-16
Evolve time = 4.74920948 s; This step = 0.102087041 s; Avg. per step = 0.1484127963 s

STEP 33 starts ...

 Sustained Performence: 76.958992 TFLOPS 

 Peak Performence: 87.280895 TFLOPS 
arvg_metric: 434651802.420617
STEP 33 ends. TIME = 1.40432502e-14 DT = 4.255530363e-16
Evolve time = 4.85121281 s; This step = 0.10200333 s; Avg. per step = 0.1470064488 s

STEP 34 starts ...

 Sustained Performence: 86.216140 TFLOPS 

 Peak Performence: 87.280895 TFLOPS 
arvg_metric: 352924537.742724
STEP 34 ends. TIME = 1.446880324e-14 DT = 4.255530363e-16
Evolve time = 4.970975369 s; This step = 0.119762559 s; Avg. per step = 0.1462051579 s

STEP 35 starts ...

 Sustained Performence: 86.351225 TFLOPS 

 Peak Performence: 87.280895 TFLOPS 
arvg_metric: 349529277.829028
STEP 35 ends. TIME = 1.489435627e-14 DT = 4.255530363e-16
Evolve time = 5.0915217 s; This step = 0.120546331 s; Avg. per step = 0.1454720486 s

STEP 36 starts ...

 Sustained Performence: 86.207246 TFLOPS 

 Peak Performence: 87.280895 TFLOPS 
arvg_metric: 353310366.381799
STEP 36 ends. TIME = 1.531990931e-14 DT = 4.255530363e-16
Evolve time = 5.211482219 s; This step = 0.119960519 s; Avg. per step = 0.144763395 s

STEP 37 starts ...

 Sustained Performence: 86.602310 TFLOPS 

 Peak Performence: 87.280895 TFLOPS 
arvg_metric: 349348704.955885
STEP 37 ends. TIME = 1.574546234e-14 DT = 4.255530363e-16
Evolve time = 5.331818129 s; This step = 0.12033591 s; Avg. per step = 0.1441031927 s

STEP 38 starts ...

 Sustained Performence: 86.711075 TFLOPS 

 Peak Performence: 87.280895 TFLOPS 
arvg_metric: 351290188.145537
STEP 38 ends. TIME = 1.617101538e-14 DT = 4.255530363e-16
Evolve time = 5.451788918 s; This step = 0.119970789 s; Avg. per step = 0.1434681294 s

STEP 39 starts ...

 Sustained Performence: 86.498609 TFLOPS 

 Peak Performence: 87.280895 TFLOPS 
arvg_metric: 348989019.257142
STEP 39 ends. TIME = 1.659656842e-14 DT = 4.255530363e-16
Evolve time = 5.648357693 s; This step = 0.196568775 s; Avg. per step = 0.1448296844 s

STEP 40 starts ...

 Sustained Performence: 86.377422 TFLOPS 

 Peak Performence: 87.280895 TFLOPS 
arvg_metric: 43313236.901188
STEP 40 ends. TIME = 1.702212145e-14 DT = 4.255530363e-16
Evolve time = 6.446638378 s; This step = 0.798280685 s; Avg. per step = 0.1611659595 s

STEP 41 starts ...

 Sustained Performence: 86.302064 TFLOPS 

 Peak Performence: 87.280895 TFLOPS 
arvg_metric: 356897773.098011
STEP 41 ends. TIME = 1.744767449e-14 DT = 4.255530363e-16
Evolve time = 6.565041864 s; This step = 0.118403486 s; Avg. per step = 0.1601229723 s

STEP 42 starts ...

 Sustained Performence: 86.441927 TFLOPS 

 Peak Performence: 87.280895 TFLOPS 
arvg_metric: 347651449.277862
STEP 42 ends. TIME = 1.787322753e-14 DT = 4.255530363e-16
Evolve time = 6.685621745 s; This step = 0.120579881 s; Avg. per step = 0.1591814701 s

STEP 43 starts ...

 Sustained Performence: 86.230874 TFLOPS 

 Peak Performence: 87.280895 TFLOPS 
arvg_metric: 356909854.469106
STEP 43 ends. TIME = 1.829878056e-14 DT = 4.255530363e-16
Evolve time = 6.804012851 s; This step = 0.118391106 s; Avg. per step = 0.158232857 s

STEP 44 starts ...

 Sustained Performence: 86.473825 TFLOPS 

 Peak Performence: 87.280895 TFLOPS 
arvg_metric: 355227581.487577
STEP 44 ends. TIME = 1.87243336e-14 DT = 4.255530363e-16
Evolve time = 6.923246138 s; This step = 0.119233287 s; Avg. per step = 0.1573465031 s

STEP 45 starts ...

 Sustained Performence: 86.575344 TFLOPS 

 Peak Performence: 87.280895 TFLOPS 
arvg_metric: 345637330.599016
STEP 45 ends. TIME = 1.914988663e-14 DT = 4.255530363e-16
Evolve time = 7.04475657 s; This step = 0.121510432 s; Avg. per step = 0.156550146 s

STEP 46 starts ...

 Sustained Performence: 86.200260 TFLOPS 

 Peak Performence: 87.280895 TFLOPS 
arvg_metric: 348314435.388287
STEP 46 ends. TIME = 1.957543967e-14 DT = 4.255530363e-16
Evolve time = 7.16540142 s; This step = 0.12064485 s; Avg. per step = 0.1557695961 s

STEP 47 starts ...

 Sustained Performence: 87.080479 TFLOPS 

 Peak Performence: 87.280895 TFLOPS 
arvg_metric: 356854816.633615
STEP 47 ends. TIME = 2.000099271e-14 DT = 4.255530363e-16
Evolve time = 7.284218157 s; This step = 0.118816737 s; Avg. per step = 0.154983365 s

STEP 48 starts ...

 Sustained Performence: 86.542109 TFLOPS 

 Peak Performence: 87.280895 TFLOPS 
arvg_metric: 349256777.636950
STEP 48 ends. TIME = 2.042654574e-14 DT = 4.255530363e-16
Evolve time = 7.404919308 s; This step = 0.120701151 s; Avg. per step = 0.1542691523 s

STEP 49 starts ...

 Sustained Performence: 81.673067 TFLOPS 

 Peak Performence: 87.280895 TFLOPS 
arvg_metric: 433741734.971107
STEP 49 ends. TIME = 2.085209878e-14 DT = 4.255530363e-16
Evolve time = 7.506495378 s; This step = 0.10157607 s; Avg. per step = 0.1531937832 s

STEP 50 starts ...

 Sustained Performence: 86.157150 TFLOPS 

 Peak Performence: 87.280895 TFLOPS 
arvg_metric: 353973883.247151
STEP 50 ends. TIME = 2.127765182e-14 DT = 4.255530363e-16
Evolve time = 7.625149084 s; This step = 0.118653706 s; Avg. per step = 0.1525029817 s

STEP 51 starts ...

 Sustained Performence: 26.193423 TFLOPS 

 Peak Performence: 87.280895 TFLOPS 
arvg_metric: 220478894.957697
STEP 51 ends. TIME = 2.170320485e-14 DT = 4.255530363e-16
Evolve time = 7.802004976 s; This step = 0.176855892 s; Avg. per step = 0.1529804897 s

STEP 52 starts ...

 Sustained Performence: 86.355825 TFLOPS 

 Peak Performence: 87.280895 TFLOPS 
arvg_metric: 350200448.887921
STEP 52 ends. TIME = 2.212875789e-14 DT = 4.255530363e-16
Evolve time = 8.000919276 s; This step = 0.1989143 s; Avg. per step = 0.1538638322 s

STEP 53 starts ...

 Sustained Performence: 86.213233 TFLOPS 

 Peak Performence: 87.280895 TFLOPS 
arvg_metric: 351433222.366779
STEP 53 ends. TIME = 2.255431093e-14 DT = 4.255530363e-16
Evolve time = 8.121000306 s; This step = 0.12008103 s; Avg. per step = 0.1532264209 s

STEP 54 starts ...

 Sustained Performence: 86.310251 TFLOPS 

 Peak Performence: 87.280895 TFLOPS 
arvg_metric: 347603175.037376
STEP 54 ends. TIME = 2.297986396e-14 DT = 4.255530363e-16
Evolve time = 8.242378338 s; This step = 0.121378032 s; Avg. per step = 0.1526366359 s

STEP 55 starts ...

 Sustained Performence: 86.344967 TFLOPS 

 Peak Performence: 87.280895 TFLOPS 
arvg_metric: 350540025.298636
STEP 55 ends. TIME = 2.3405417e-14 DT = 4.255530363e-16
Evolve time = 8.361959416 s; This step = 0.119581078 s; Avg. per step = 0.1520356257 s

STEP 56 starts ...

 Sustained Performence: 85.942706 TFLOPS 

 Peak Performence: 87.280895 TFLOPS 
arvg_metric: 347834455.071724
STEP 56 ends. TIME = 2.383097003e-14 DT = 4.255530363e-16
Evolve time = 8.482717297 s; This step = 0.120757881 s; Avg. per step = 0.1514770946 s

STEP 57 starts ...

 Sustained Performence: 86.041387 TFLOPS 

 Peak Performence: 87.280895 TFLOPS 
arvg_metric: 353613108.533468
STEP 57 ends. TIME = 2.425652307e-14 DT = 4.255530363e-16
Evolve time = 8.602242815 s; This step = 0.119525518 s; Avg. per step = 0.1509165406 s

STEP 58 starts ...

 Sustained Performence: 86.275263 TFLOPS 

 Peak Performence: 87.280895 TFLOPS 
arvg_metric: 348583687.391875
STEP 58 ends. TIME = 2.468207611e-14 DT = 4.255530363e-16
Evolve time = 8.723027576 s; This step = 0.120784761 s; Avg. per step = 0.1503970272 s

STEP 59 starts ...

 Sustained Performence: 24.707307 TFLOPS 

 Peak Performence: 87.280895 TFLOPS 
arvg_metric: 202328636.479766
STEP 59 ends. TIME = 2.510762914e-14 DT = 4.255530363e-16
Evolve time = 8.914011449 s; This step = 0.190983873 s; Avg. per step = 0.1510849398 s

STEP 60 starts ...

 Sustained Performence: 86.264099 TFLOPS 

 Peak Performence: 87.280895 TFLOPS 
arvg_metric: 351406068.672404
STEP 60 ends. TIME = 2.553318218e-14 DT = 4.255530363e-16
Evolve time = 9.033853728 s; This step = 0.119842279 s; Avg. per step = 0.1505642288 s

STEP 61 starts ...

 Sustained Performence: 86.862589 TFLOPS 

 Peak Performence: 87.280895 TFLOPS 
arvg_metric: 354522718.265176
STEP 61 ends. TIME = 2.595873522e-14 DT = 4.255530363e-16
Evolve time = 9.152389944 s; This step = 0.118536216 s; Avg. per step = 0.1500391794 s

STEP 62 starts ...

 Sustained Performence: 86.653760 TFLOPS 

 Peak Performence: 87.280895 TFLOPS 
arvg_metric: 352291477.894588
STEP 62 ends. TIME = 2.638428825e-14 DT = 4.255530363e-16
Evolve time = 9.272289713 s; This step = 0.119899769 s; Avg. per step = 0.1495530599 s

STEP 63 starts ...

 Sustained Performence: 86.403535 TFLOPS 

 Peak Performence: 87.280895 TFLOPS 
arvg_metric: 351873400.269420
STEP 63 ends. TIME = 2.680984129e-14 DT = 4.255530363e-16
Evolve time = 9.392273382 s; This step = 0.119983669 s; Avg. per step = 0.1490837045 s

STEP 64 starts ...

 Sustained Performence: 86.913206 TFLOPS 

 Peak Performence: 87.280895 TFLOPS 
arvg_metric: 357084354.392804
STEP 64 ends. TIME = 2.723539432e-14 DT = 4.255530363e-16
Evolve time = 9.510702127 s; This step = 0.118428745 s; Avg. per step = 0.1486047207 s

STEP 65 starts ...

 Sustained Performence: 86.343233 TFLOPS 

 Peak Performence: 87.280895 TFLOPS 
arvg_metric: 353201251.874899
STEP 65 ends. TIME = 2.766094736e-14 DT = 4.255530363e-16
Evolve time = 9.630039315 s; This step = 0.119337188 s; Avg. per step = 0.148154451 s

STEP 66 starts ...

 Sustained Performence: 86.269919 TFLOPS 

 Peak Performence: 87.280895 TFLOPS 
arvg_metric: 350288109.284251
STEP 66 ends. TIME = 2.80865004e-14 DT = 4.255530363e-16
Evolve time = 9.750466935 s; This step = 0.12042762 s; Avg. per step = 0.1477343475 s

STEP 67 starts ...

 Sustained Performence: 86.291524 TFLOPS 

 Peak Performence: 87.280895 TFLOPS 
arvg_metric: 351756761.484514
STEP 67 ends. TIME = 2.851205343e-14 DT = 4.255530363e-16
Evolve time = 9.943279082 s; This step = 0.192812147 s; Avg. per step = 0.1484071505 s

STEP 68 starts ...

 Sustained Performence: 86.451449 TFLOPS 

 Peak Performence: 87.280895 TFLOPS 
arvg_metric: 352682307.117531
STEP 68 ends. TIME = 2.893760647e-14 DT = 4.255530363e-16
Evolve time = 10.06225457 s; This step = 0.118975487 s; Avg. per step = 0.1479743319 s

STEP 69 starts ...

 Sustained Performence: 86.316878 TFLOPS 

 Peak Performence: 87.280895 TFLOPS 
arvg_metric: 348312807.830432
STEP 69 ends. TIME = 2.936315951e-14 DT = 4.255530363e-16
Evolve time = 10.18322174 s; This step = 0.120967171 s; Avg. per step = 0.1475829238 s

STEP 70 starts ...

 Sustained Performence: 86.217921 TFLOPS 

 Peak Performence: 87.280895 TFLOPS 
arvg_metric: 435080253.070135
STEP 70 ends. TIME = 2.978871254e-14 DT = 4.255530363e-16
Evolve time = 10.28452695 s; This step = 0.101305209 s; Avg. per step = 0.1469218136 s

STEP 71 starts ...

 Sustained Performence: 86.545416 TFLOPS 

 Peak Performence: 87.280895 TFLOPS 
arvg_metric: 349428557.862146
STEP 71 ends. TIME = 3.021426558e-14 DT = 4.255530363e-16
Evolve time = 10.40520514 s; This step = 0.120678191 s; Avg. per step = 0.1465521851 s

STEP 72 starts ...

 Sustained Performence: 86.221078 TFLOPS 

 Peak Performence: 87.280895 TFLOPS 
arvg_metric: 347729532.148869
STEP 72 ends. TIME = 3.063981862e-14 DT = 4.255530363e-16
Evolve time = 10.52630178 s; This step = 0.121096642 s; Avg. per step = 0.1461986359 s

STEP 73 starts ...

 Sustained Performence: 86.324893 TFLOPS 

 Peak Performence: 87.280895 TFLOPS 
arvg_metric: 349346131.784464
STEP 73 ends. TIME = 3.106537165e-14 DT = 4.255530363e-16
Evolve time = 10.64675897 s; This step = 0.12045719 s; Avg. per step = 0.1458460133 s

STEP 74 starts ...

 Sustained Performence: 85.989911 TFLOPS 

 Peak Performence: 87.280895 TFLOPS 
arvg_metric: 48169174.910544
STEP 74 ends. TIME = 3.149092469e-14 DT = 4.255530363e-16
Evolve time = 11.36739058 s; This step = 0.720631607 s; Avg. per step = 0.1536133862 s

STEP 75 starts ...

 Sustained Performence: 86.712925 TFLOPS 

 Peak Performence: 87.280895 TFLOPS 
arvg_metric: 434162022.410449
STEP 75 ends. TIME = 3.191647772e-14 DT = 4.255530363e-16
Evolve time = 11.46891048 s; This step = 0.1015199 s; Avg. per step = 0.1529188064 s

STEP 76 starts ...

 Sustained Performence: 86.130686 TFLOPS 

 Peak Performence: 87.280895 TFLOPS 
arvg_metric: 348854852.553565
STEP 76 ends. TIME = 3.234203076e-14 DT = 4.255530363e-16
Evolve time = 11.62136473 s; This step = 0.152454249 s; Avg. per step = 0.1529126938 s

STEP 77 starts ...

 Sustained Performence: 50.461134 TFLOPS 

 Peak Performence: 87.280895 TFLOPS 
arvg_metric: 278332175.144348
STEP 77 ends. TIME = 3.27675838e-14 DT = 4.255530363e-16
Evolve time = 11.81678744 s; This step = 0.195422712 s; Avg. per step = 0.1534647719 s

STEP 78 starts ...

 Sustained Performence: 63.303790 TFLOPS 

 Peak Performence: 87.280895 TFLOPS 
arvg_metric: 243901649.380148
STEP 78 ends. TIME = 3.319313683e-14 DT = 4.255530363e-16
Evolve time = 12.09147838 s; This step = 0.274690943 s; Avg. per step = 0.1550189536 s

STEP 79 starts ...

 Sustained Performence: 51.466957 TFLOPS 

 Peak Performence: 87.280895 TFLOPS 
arvg_metric: 216605005.046738
STEP 79 ends. TIME = 3.361868987e-14 DT = 4.255530363e-16
Evolve time = 12.28839408 s; This step = 0.196915695 s; Avg. per step = 0.1555492921 s

STEP 80 starts ...

 Sustained Performence: 50.312019 TFLOPS 

 Peak Performence: 87.280895 TFLOPS 
arvg_metric: 197996488.130115
STEP 80 ends. TIME = 3.404424291e-14 DT = 4.255530363e-16
Evolve time = 12.57263142 s; This step = 0.284237344 s; Avg. per step = 0.1571578928 s

STEP 81 starts ...

 Sustained Performence: 50.428737 TFLOPS 

 Peak Performence: 87.280895 TFLOPS 
arvg_metric: 213188733.320239
STEP 81 ends. TIME = 3.446979594e-14 DT = 4.255530363e-16
Evolve time = 12.79803285 s; This step = 0.225401427 s; Avg. per step = 0.1580004055 s

STEP 82 starts ...

 Sustained Performence: 44.853350 TFLOPS 

 Peak Performence: 87.280895 TFLOPS 
arvg_metric: 183734138.606171
STEP 82 ends. TIME = 3.489534898e-14 DT = 4.255530363e-16
Evolve time = 13.14423205 s; This step = 0.346199198 s; Avg. per step = 0.1602955128 s

STEP 83 starts ...

 Sustained Performence: 43.536854 TFLOPS 

 Peak Performence: 87.280895 TFLOPS 
arvg_metric: 115344280.221383
STEP 83 ends. TIME = 3.532090202e-14 DT = 4.255530363e-16
Evolve time = 13.49327053 s; This step = 0.349038484 s; Avg. per step = 0.1625695245 s

STEP 84 starts ...

 Sustained Performence: 22.398270 TFLOPS 

 Peak Performence: 87.280895 TFLOPS 
arvg_metric: 127055422.483025
STEP 84 ends. TIME = 3.574645505e-14 DT = 4.255530363e-16
Evolve time = 13.8546193 s; This step = 0.361348771 s; Avg. per step = 0.1649359441 s

STEP 85 starts ...

 Sustained Performence: 56.380753 TFLOPS 

 Peak Performence: 87.280895 TFLOPS 
arvg_metric: 203087429.506345
STEP 85 ends. TIME = 3.617200809e-14 DT = 4.255530363e-16
Evolve time = 14.19976369 s; This step = 0.345144386 s; Avg. per step = 0.1670560434 s

STEP 86 starts ...

 Sustained Performence: 45.298008 TFLOPS 

 Peak Performence: 87.280895 TFLOPS 
arvg_metric: 165368683.891248
STEP 86 ends. TIME = 3.659756112e-14 DT = 4.255530363e-16
Evolve time = 14.52207611 s; This step = 0.322312427 s; Avg. per step = 0.1688613502 s

STEP 87 starts ...

 Sustained Performence: 51.102260 TFLOPS 

 Peak Performence: 87.280895 TFLOPS 
arvg_metric: 265362320.160670
STEP 87 ends. TIME = 3.702311416e-14 DT = 4.255530363e-16
Evolve time = 14.71638723 s; This step = 0.19431111 s; Avg. per step = 0.1691538761 s

STEP 88 starts ...

 Sustained Performence: 43.107125 TFLOPS 

 Peak Performence: 87.280895 TFLOPS 
arvg_metric: 237817154.874588
STEP 88 ends. TIME = 3.74486672e-14 DT = 4.255530363e-16
Evolve time = 14.95478252 s; This step = 0.238395295 s; Avg. per step = 0.1699407105 s

STEP 89 starts ...

 Sustained Performence: 57.872725 TFLOPS 

 Peak Performence: 87.280895 TFLOPS 
arvg_metric: 316832651.243505
STEP 89 ends. TIME = 3.787422023e-14 DT = 4.255530363e-16
Evolve time = 15.08347826 s; This step = 0.128695738 s; Avg. per step = 0.1694772838 s

STEP 90 starts ...

 Sustained Performence: 86.376517 TFLOPS 

 Peak Performence: 87.280895 TFLOPS 
arvg_metric: 351558839.797106
STEP 90 ends. TIME = 3.829977327e-14 DT = 4.255530363e-16
Evolve time = 15.20321718 s; This step = 0.119738919 s; Avg. per step = 0.1689246353 s

STEP 91 starts ...

 Sustained Performence: 71.978660 TFLOPS 

 Peak Performence: 87.280895 TFLOPS 
arvg_metric: 352192988.828538
STEP 91 ends. TIME = 3.872532631e-14 DT = 4.255530363e-16
Evolve time = 15.32252513 s; This step = 0.119307948 s; Avg. per step = 0.168379397 s

STEP 92 starts ...

 Sustained Performence: 86.563368 TFLOPS 

 Peak Performence: 87.280895 TFLOPS 
arvg_metric: 352459126.419532
STEP 92 ends. TIME = 3.915087934e-14 DT = 4.255530363e-16
Evolve time = 15.44322819 s; This step = 0.12070307 s; Avg. per step = 0.167861176 s

STEP 93 starts ...

 Sustained Performence: 86.443892 TFLOPS 

 Peak Performence: 87.280895 TFLOPS 
arvg_metric: 352532569.280765
STEP 93 ends. TIME = 3.957643238e-14 DT = 4.255530363e-16
Evolve time = 15.5624703 s; This step = 0.119242107 s; Avg. per step = 0.1673383903 s

STEP 94 starts ...

 Sustained Performence: 87.092573 TFLOPS 

 Peak Performence: 87.280895 TFLOPS 
arvg_metric: 352846231.244519
STEP 94 ends. TIME = 4.000198541e-14 DT = 4.255530363e-16
Evolve time = 15.68209741 s; This step = 0.119627108 s; Avg. per step = 0.1668308235 s

STEP 95 starts ...

 Sustained Performence: 61.534966 TFLOPS 

 Peak Performence: 87.280895 TFLOPS 
arvg_metric: 51625894.274433
STEP 95 ends. TIME = 4.042753845e-14 DT = 4.255530363e-16
Evolve time = 16.35652224 s; This step = 0.674424827 s; Avg. per step = 0.1721739183 s

STEP 96 starts ...

 Sustained Performence: 86.446660 TFLOPS 

 Peak Performence: 87.280895 TFLOPS 
arvg_metric: 437423485.572394
STEP 96 ends. TIME = 4.085309149e-14 DT = 4.255530363e-16
Evolve time = 16.4573281 s; This step = 0.100805868 s; Avg. per step = 0.1714305011 s

STEP 97 starts ...

 Sustained Performence: 86.793266 TFLOPS 

 Peak Performence: 87.280895 TFLOPS 
arvg_metric: 354319118.920129
STEP 97 ends. TIME = 4.127864452e-14 DT = 4.255530363e-16
Evolve time = 16.57635573 s; This step = 0.119027628 s; Avg. per step = 0.1708902653 s

STEP 98 starts ...

 Sustained Performence: 86.735487 TFLOPS 

 Peak Performence: 87.280895 TFLOPS 
arvg_metric: 350741375.169699
STEP 98 ends. TIME = 4.170419756e-14 DT = 4.255530363e-16
Evolve time = 16.69667976 s; This step = 0.12032403 s; Avg. per step = 0.1703742833 s

STEP 99 starts ...

 Sustained Performence: 86.055435 TFLOPS 

 Peak Performence: 87.280895 TFLOPS 
arvg_metric: 348216073.691327
STEP 99 ends. TIME = 4.21297506e-14 DT = 4.255530363e-16
Evolve time = 16.82112829 s; This step = 0.124448529 s; Avg. per step = 0.1699103868 s

STEP 100 starts ...

 Sustained Performence: 86.887368 TFLOPS 

 Peak Performence: 87.280895 TFLOPS 
arvg_metric: 360882313.426518
STEP 100 ends. TIME = 4.255530363e-14 DT = 4.255530363e-16
Evolve time = 16.98391162 s; This step = 0.162783331 s; Avg. per step = 0.1698391162 s


**** WARNINGS ******************************************************************
* GLOBAL warning list  after  [ THE END ]
*
* No recorded warnings.
********************************************************************************

Total Time                     : 18.30356295


TinyProfiler total time across processes [min...avg...max]: 18.3 ... 18.3 ... 18.3

----------------------------------------------------------------------------------------------------------
Name                                                       NCalls  Excl. Min  Excl. Avg  Excl. Max   Max %
----------------------------------------------------------------------------------------------------------
FabArray::ParallelCopy_finish()                               300      3.816      5.559      6.406  35.00%
FillBoundary_finish()                                        1207      2.351      2.821      3.824  20.89%
PhysicalParticleContainer::Evolve::GatherAndPush             1513      1.808      1.844      1.877  10.25%
Filter::ApplyStencil(MultiFab)                                300     0.5022     0.9922      1.681   9.18%
WarpX::OneStep_nosub()                                        100     0.8315     0.9667      1.563   8.54%
ParticleContainer::RedistributeCPU()                          102     0.8607      0.906      1.141   6.23%
PhysicalParticleContainer::AddPlasma()                          1     0.8817     0.8894     0.9322   5.09%
WarpX::Evolve::step                                           100      0.762     0.8083      0.851   4.65%
FillBoundary_nowait()                                        1207     0.5559     0.6177     0.8409   4.59%
amrex::Copy()                                                1206     0.0402    0.09288     0.6918   3.78%
PhysicalParticleContainer::Evolve()                           100     0.2294     0.3104     0.6075   3.32%
ParticleContainer::RedistributeMPI()                          102     0.0923     0.3921      0.531   2.90%
[2] USER SME_kernal                                          1513     0.4459     0.4585     0.4665   2.55%
[1] USER SME_sortanrpre                                      1513     0.3492     0.4048     0.4447   2.43%
FabArray::setVal()                                            622    0.08441     0.1305     0.2219   1.21%
WarpXParticleContainer::DepositCurrent::Accumulate           1513     0.1716     0.1937      0.215   1.17%
FabArray::ParallelCopy_nowait()                               300     0.1209     0.1628     0.1991   1.09%
WarpXParticleContainer::SortParticlesByBin()                    1     0.1567     0.1615     0.1663   0.91%
[0] USER doDepositionShapeN_special()                        1513     0.1022     0.1142     0.1251   0.68%
WarpXParticleContainer::DepositCurrent::CurrentDeposition    1513    0.08197    0.09301     0.1041   0.57%
WarpX::EvolveB()                                              200    0.05607    0.06531    0.08072   0.44%
DenseBins<T>::buildOpenMP                                     512    0.03931    0.04235      0.057   0.31%
main()                                                          1     0.0409     0.0458     0.0554   0.30%
[3] USER SME_post                                            1513    0.04743    0.05045    0.05347   0.29%
ablastr::utils::communication::FillBoundary                  1206    0.01658    0.01928    0.02115   0.12%
WarpX::SyncCurrent()                                          100    0.01434    0.01626    0.01874   0.10%
FabArray<FAB>::SumBoundary_nowait()                           300   0.005675   0.006714   0.009185   0.05%
WarpX::InitData()                                               1  0.0007742   0.001476   0.008057   0.04%
FabArray<FAB>::SumBoundary_finish()                           300   0.004854   0.006145   0.007723   0.04%
FabArray::FillBoundary()                                      607   0.005003   0.005912   0.007456   0.04%
FabArray::FillBoundaryAndSync()                               600   0.002262   0.003154   0.004268   0.02%
FillBoundaryAndSync_finish()                                  600   0.001884   0.002729   0.004207   0.02%
FabArray<FAB>::SumBoundary()                                  300   0.001553   0.002318   0.004048   0.02%
MultiFab::Copy()                                              906   0.002227   0.002483   0.003789   0.02%
FillBoundaryAndSync_nowait()                                  600   0.001865    0.00245   0.003075   0.02%
WarpX::Evolve()                                                 1  0.0003471  0.0006766   0.001204   0.01%
ablastr::utils::communication::SumBoundary                    300   0.000797  0.0009475   0.001087   0.01%
PhysicalParticleContainer::AddParticles()                       2  3.032e-05  4.324e-05  6.702e-05   0.00%
REG::WarpX::Evolve()                                            1   1.51e-05  1.923e-05   2.31e-05   0.00%
Other                                                        2521    0.08793      0.109     0.1449   0.79%
----------------------------------------------------------------------------------------------------------

----------------------------------------------------------------------------------------------------------
Name                                                       NCalls  Incl. Min  Incl. Avg  Incl. Max   Max %
----------------------------------------------------------------------------------------------------------
main()                                                          1       18.3       18.3       18.3 100.00%
REG::WarpX::Evolve()                                            1      16.99      17.01      17.01  92.96%
WarpX::Evolve()                                                 1      16.99      17.01      17.01  92.96%
WarpX::Evolve::step                                           100      16.99      17.01      17.01  92.95%
WarpX::OneStep_nosub()                                        100      13.12      13.16      13.24  72.36%
WarpX::SyncCurrent()                                          100      5.544      6.859      7.423  40.55%
ablastr::utils::communication::SumBoundary                    300      4.087      5.774      6.621  36.17%
FabArray<FAB>::SumBoundary()                                  300      4.086      5.773       6.62  36.17%
FabArray<FAB>::SumBoundary_finish()                           300      3.823      5.565      6.412  35.03%
FabArray::ParallelCopy_finish()                               300      3.816      5.559      6.406  35.00%
ablastr::utils::communication::FillBoundary                  1206      3.004      3.474      4.425  24.18%
FillBoundary_finish()                                        1207      2.351      2.821      3.824  20.89%
PhysicalParticleContainer::Evolve()                           100      3.382      3.469      3.758  20.53%
FabArray::FillBoundaryAndSync()                               600      1.286      1.718      2.583  14.11%
FillBoundaryAndSync_finish()                                  600      1.044      1.473      2.371  12.95%
PhysicalParticleContainer::Evolve::GatherAndPush             1513      1.808      1.844      1.877  10.25%
FabArray::FillBoundary()                                      607      1.674      1.741      1.858  10.15%
Filter::ApplyStencil(MultiFab)                                300     0.5022     0.9922      1.681   9.18%
ParticleContainer::RedistributeCPU()                          102      1.184      1.334      1.454   7.94%
WarpX::InitData()                                               1       1.24      1.249      1.255   6.85%
WarpXParticleContainer::DepositCurrent::CurrentDeposition    1513      1.072      1.121      1.153   6.30%
[0] USER doDepositionShapeN_special()                        1513     0.9683      1.028      1.066   5.83%
PhysicalParticleContainer::AddParticles()                       2     0.8818     0.8894     0.9323   5.09%
PhysicalParticleContainer::AddPlasma()                          1     0.8817     0.8894     0.9322   5.09%
FillBoundary_nowait()                                        1207     0.5621     0.6241     0.8474   4.63%
amrex::Copy()                                                1206     0.0402    0.09288     0.6918   3.78%
MultiFab::Copy()                                              906    0.02619    0.07781     0.6726   3.67%
ParticleContainer::RedistributeMPI()                          102    0.09268     0.3925     0.5314   2.90%
[2] USER SME_kernal                                          1513     0.4459     0.4585     0.4665   2.55%
[1] USER SME_sortanrpre                                      1513     0.3492     0.4048     0.4447   2.43%
FillBoundaryAndSync_nowait()                                  600     0.2029     0.2419     0.3122   1.71%
FabArray<FAB>::SumBoundary_nowait()                           300     0.1599     0.2056     0.2586   1.41%
FabArray::setVal()                                            622    0.08441     0.1305     0.2219   1.21%
WarpXParticleContainer::SortParticlesByBin()                    1      0.197     0.2039      0.219   1.20%
WarpXParticleContainer::DepositCurrent::Accumulate           1513     0.1716     0.1937      0.215   1.17%
FabArray::ParallelCopy_nowait()                               300     0.1229      0.165     0.2013   1.10%
WarpX::EvolveB()                                              200    0.05607    0.06531    0.08072   0.44%
DenseBins<T>::buildOpenMP                                     512    0.03931    0.04235      0.057   0.31%
[3] USER SME_post                                            1513    0.04743    0.05045    0.05347   0.29%
Other                                                        2521     0.1181     0.1589     0.1765   0.96%
----------------------------------------------------------------------------------------------------------



BEGIN REGION WarpX::Evolve()

----------------------------------------------------------------------------------------------------------
Name                                                       NCalls  Excl. Min  Excl. Avg  Excl. Max   Max %
----------------------------------------------------------------------------------------------------------
FabArray::ParallelCopy_finish()                               300      3.816      5.559      6.406  35.00%
FillBoundary_finish()                                        1207      2.351      2.821      3.824  20.89%
PhysicalParticleContainer::Evolve::GatherAndPush             1513      1.808      1.844      1.877  10.25%
Filter::ApplyStencil(MultiFab)                                300     0.5022     0.9922      1.681   9.18%
WarpX::OneStep_nosub()                                        100     0.8315     0.9667      1.563   8.54%
ParticleContainer::RedistributeCPU()                          100     0.8479     0.8933      1.128   6.16%
WarpX::Evolve::step                                           100      0.762     0.8083      0.851   4.65%
FillBoundary_nowait()                                        1207     0.5559     0.6177     0.8409   4.59%
amrex::Copy()                                                1206     0.0402    0.09288     0.6918   3.78%
PhysicalParticleContainer::Evolve()                           100     0.2294     0.3104     0.6075   3.32%
[2] USER SME_kernal                                          1513     0.4459     0.4585     0.4665   2.55%
[1] USER SME_sortanrpre                                      1513     0.3492     0.4048     0.4447   2.43%
ParticleContainer::RedistributeMPI()                          100    0.03801      0.319     0.4343   2.37%
WarpXParticleContainer::DepositCurrent::Accumulate           1513     0.1716     0.1937      0.215   1.17%
FabArray::ParallelCopy_nowait()                               300     0.1209     0.1628     0.1991   1.09%
FabArray::setVal()                                            601     0.0424    0.07323     0.1606   0.88%
[0] USER doDepositionShapeN_special()                        1513     0.1022     0.1142     0.1251   0.68%
WarpXParticleContainer::DepositCurrent::CurrentDeposition    1513    0.08197    0.09301     0.1041   0.57%
WarpX::EvolveB()                                              200    0.05607    0.06531    0.08072   0.44%
[3] USER SME_post                                            1513    0.04743    0.05045    0.05347   0.29%
ablastr::utils::communication::FillBoundary                  1206    0.01658    0.01928    0.02115   0.12%
WarpX::SyncCurrent()                                          100    0.01434    0.01626    0.01874   0.10%
FabArray<FAB>::SumBoundary_nowait()                           300   0.005675   0.006714   0.009185   0.05%
FabArray<FAB>::SumBoundary_finish()                           300   0.004854   0.006145   0.007723   0.04%
FabArray::FillBoundary()                                      607   0.005003   0.005912   0.007456   0.04%
FabArray::FillBoundaryAndSync()                               600   0.002262   0.003154   0.004268   0.02%
FillBoundaryAndSync_finish()                                  600   0.001884   0.002729   0.004207   0.02%
FabArray<FAB>::SumBoundary()                                  300   0.001553   0.002318   0.004048   0.02%
MultiFab::Copy()                                              906   0.002227   0.002483   0.003789   0.02%
FillBoundaryAndSync_nowait()                                  600   0.001865    0.00245   0.003075   0.02%
WarpX::Evolve()                                                 1  0.0003471  0.0006766   0.001204   0.01%
ablastr::utils::communication::SumBoundary                    300   0.000797  0.0009475   0.001087   0.01%
REG::WarpX::Evolve()                                            1   1.51e-05  1.923e-05   2.31e-05   0.00%
Other                                                        2515    0.08777    0.09832     0.1332   0.73%
----------------------------------------------------------------------------------------------------------

----------------------------------------------------------------------------------------------------------
Name                                                       NCalls  Incl. Min  Incl. Avg  Incl. Max   Max %
----------------------------------------------------------------------------------------------------------
REG::WarpX::Evolve()                                            1      16.99      17.01      17.01  92.96%
WarpX::Evolve()                                                 1      16.99      17.01      17.01  92.96%
WarpX::Evolve::step                                           100      16.99      17.01      17.01  92.95%
WarpX::OneStep_nosub()                                        100      13.12      13.16      13.24  72.36%
WarpX::SyncCurrent()                                          100      5.544      6.859      7.423  40.55%
ablastr::utils::communication::SumBoundary                    300      4.087      5.774      6.621  36.17%
FabArray<FAB>::SumBoundary()                                  300      4.086      5.773       6.62  36.17%
FabArray<FAB>::SumBoundary_finish()                           300      3.823      5.565      6.412  35.03%
FabArray::ParallelCopy_finish()                               300      3.816      5.559      6.406  35.00%
ablastr::utils::communication::FillBoundary                  1206      3.004      3.474      4.425  24.18%
FillBoundary_finish()                                        1207      2.351      2.821      3.824  20.89%
PhysicalParticleContainer::Evolve()                           100      3.382      3.469      3.758  20.53%
FabArray::FillBoundaryAndSync()                               600      1.286      1.718      2.583  14.11%
FillBoundaryAndSync_finish()                                  600      1.044      1.473      2.371  12.95%
PhysicalParticleContainer::Evolve::GatherAndPush             1513      1.808      1.844      1.877  10.25%
FabArray::FillBoundary()                                      607      1.674      1.741      1.858  10.15%
Filter::ApplyStencil(MultiFab)                                300     0.5022     0.9922      1.681   9.18%
ParticleContainer::RedistributeCPU()                          100      1.154      1.248      1.331   7.27%
WarpXParticleContainer::DepositCurrent::CurrentDeposition    1513      1.072      1.121      1.153   6.30%
[0] USER doDepositionShapeN_special()                        1513     0.9683      1.028      1.066   5.83%
FillBoundary_nowait()                                        1207     0.5621     0.6241     0.8474   4.63%
amrex::Copy()                                                1206     0.0402    0.09288     0.6918   3.78%
MultiFab::Copy()                                              906    0.02619    0.07781     0.6726   3.67%
[2] USER SME_kernal                                          1513     0.4459     0.4585     0.4665   2.55%
[1] USER SME_sortanrpre                                      1513     0.3492     0.4048     0.4447   2.43%
ParticleContainer::RedistributeMPI()                          100    0.03839     0.3194     0.4348   2.38%
FillBoundaryAndSync_nowait()                                  600     0.2029     0.2419     0.3122   1.71%
FabArray<FAB>::SumBoundary_nowait()                           300     0.1599     0.2056     0.2586   1.41%
WarpXParticleContainer::DepositCurrent::Accumulate           1513     0.1716     0.1937      0.215   1.17%
FabArray::ParallelCopy_nowait()                               300     0.1229      0.165     0.2013   1.10%
FabArray::setVal()                                            601     0.0424    0.07323     0.1606   0.88%
WarpX::EvolveB()                                              200    0.05607    0.06531    0.08072   0.44%
[3] USER SME_post                                            1513    0.04743    0.05045    0.05347   0.29%
Other                                                        2515     0.1177      0.127     0.1414   0.77%
----------------------------------------------------------------------------------------------------------

END REGION WarpX::Evolve()
Unused ParmParse Variables:
  [TOP]::chk.diag_type(nvals = 1)  :: [Full]
  [TOP]::chk.intervals(nvals = 1)  :: [6]
  [TOP]::diag1.diag_type(nvals = 1)  :: [Full]
  [TOP]::diag1.electrons.variables(nvals = 7)  :: [x, y, z, ux, uy, uz, w]
  [TOP]::diag1.fields_to_plot(nvals = 10)  :: [Bx, By, Bz, Ex, Ey, Ez, jx, jy, jz, rho]
  [TOP]::diag1.intervals(nvals = 1)  :: [4]
  [TOP]::warpx.sort_intervals(nvals = 1)  :: [-1]

Pinned Memory Usage:
---------------------------------------------------------------------------------------------------------------------
Name                            Nalloc  Nfree  AvgMem min  AvgMem avg  AvgMem max  MaxMem min  MaxMem avg  MaxMem max
---------------------------------------------------------------------------------------------------------------------
The_Pinned_Arena::Initialize()      16     16     390   B     904   B    1367   B    8192 KiB    8192 KiB    8192 KiB
main()                             928    928     606   B     606   B     606   B     608   B     608   B     608   B
---------------------------------------------------------------------------------------------------------------------

AMReX (24.07) finalized
Done!
