Loading bisheng/kml25.0.0/kml
  Loading requirement: /pacific_fs/HPCKit/latest/modulefiles/bisheng/kml25.0.0/kspblas/omp /pacific_fs/HPCKit/latest/modulefiles/bisheng/kml25.0.0/kvml/serial
    /pacific_fs/HPCKit/latest/modulefiles/bisheng/kml25.0.0/kblas/multi
Currently Loaded Modulefiles:
 1) bisheng/compiler4.2.0/bishengmodule   3) /pacific_fs/HPCKit/latest/modulefiles/bisheng/kml25.0.0/kspblas/omp <aL>   5) /pacific_fs/HPCKit/latest/modulefiles/bisheng/kml25.0.0/kblas/multi <aL>  
 2) bisheng/hmpi25.0.0/hmpi               4) /pacific_fs/HPCKit/latest/modulefiles/bisheng/kml25.0.0/kvml/serial <aL>   6) bisheng/kml25.0.0/kml                                                     

Key:
<module-tag>  <aL>=auto-loaded  
Running job !!!!!
Initializing AMReX (24.07)...
MPI initialized with 16 MPI processes
MPI initialized with thread support level 1
OMP initialized with 32 OMP threads
AMReX (24.07) initialized
WarpX (Unknown)

    __        __             __  __
    \ \      / /_ _ _ __ _ __\ \/ /
     \ \ /\ / / _` | '__| '_ \\  /
      \ V  V / (_| | |  | |_) /  \
       \_/\_/ \__,_|_|  | .__/_/\_\
                        |_|

Level 0: dt = 4.343827613e-16 ; dx = 9.375e-07 ; dy = 9.375e-07 ; dz = 1.328125e-07
