Loading bisheng/kml25.0.0/kml
  Loading requirement: /pacific_fs/HPCKit/latest/modulefiles/bisheng/kml25.0.0/kspblas/omp /pacific_fs/HPCKit/latest/modulefiles/bisheng/kml25.0.0/kvml/serial
    /pacific_fs/HPCKit/latest/modulefiles/bisheng/kml25.0.0/kblas/multi
Currently Loaded Modulefiles:
 1) bisheng/compiler4.2.0/bishengmodule   3) /pacific_fs/HPCKit/latest/modulefiles/bisheng/kml25.0.0/kspblas/omp <aL>   5) /pacific_fs/HPCKit/latest/modulefiles/bisheng/kml25.0.0/kblas/multi <aL>  
 2) bisheng/hmpi25.0.0/hmpi               4) /pacific_fs/HPCKit/latest/modulefiles/bisheng/kml25.0.0/kvml/serial <aL>   6) bisheng/kml25.0.0/kml                                                     

Key:
<module-tag>  <aL>=auto-loaded  
Running job !!!!!
Initializing AMReX (24.07)...
MPI initialized with 16 MPI processes
MPI initialized with thread support level 1
OMP initialized with 32 OMP threads
AMReX (24.07) initialized
WarpX (Unknown)

    __        __             __  __
    \ \      / /_ _ _ __ _ __\ \/ /
     \ \ /\ / / _` | '__| '_ \\  /
      \ V  V / (_| | |  | |_) /  \
       \_/\_/ \__,_|_|  | .__/_/\_\
                        |_|

Level 0: dt = 4.255530363e-16 ; dx = 1.5625e-07 ; dy = 3.125e-07 ; dz = 3.125e-07

Grids Summary:
  Level 0   16 grids  4194304 cells  100 % of domain
            smallest grid: 64 x 64 x 64  biggest grid: 64 x 64 x 64

-------------------------------------------------------------------------------
--------------------------- MAIN EM PIC PARAMETERS ----------------------------
-------------------------------------------------------------------------------
Precision:            | DOUBLE
Particle precision:   | DOUBLE
Geometry:             | 3D (XYZ)
Operation mode:       | Electromagnetic
                      | - vacuum
-------------------------------------------------------------------------------
Current Deposition:   | direct 
Particle Pusher:      | Boris 
Charge Deposition:    | standard 
Field Gathering:      | energy-conserving 
Particle Shape Factor:| 1
-------------------------------------------------------------------------------
Maxwell Solver:       | CKC 
                      | - collocated grid 
-------------------------------------------------------------------------------
For full input parameters, see the file: warpx_used_inputs

STEP 1 starts ...

 Sustained Performence: 8.685898 TFLOPS 

 Peak Performence: 8.685898 TFLOPS 
arvg_metric: 52588016.206931

Unused ParmParse Variables:
  [TOP]::chk.diag_type(nvals = 1)  :: [Full]
  [TOP]::chk.intervals(nvals = 1)  :: [6]
  [TOP]::diag1.diag_type(nvals = 1)  :: [Full]
  [TOP]::diag1.electrons.variables(nvals = 7)  :: [x, y, z, ux, uy, uz, w]
  [TOP]::diag1.fields_to_plot(nvals = 10)  :: [Bx, By, Bz, Ex, Ey, Ez, jx, jy, jz, rho]
  [TOP]::diag1.intervals(nvals = 1)  :: [4]
  [TOP]::warpx.sort_intervals(nvals = 1)  :: [-1]


**** WARNINGS ******************************************************************
* GLOBAL warning list  after  [ FIRST STEP ]
*
* No recorded warnings.
********************************************************************************

STEP 1 ends. TIME = 4.255530363e-16 DT = 4.255530363e-16
Evolve time = 0.210024533 s; This step = 0.210024533 s; Avg. per step = 0.210024533 s

STEP 2 starts ...

 Sustained Performence: 60.275914 TFLOPS 

 Peak Performence: 60.275914 TFLOPS 
arvg_metric: 108284694.725616
STEP 2 ends. TIME = 8.511060727e-16 DT = 4.255530363e-16
Evolve time = 0.262095945 s; This step = 0.052071412 s; Avg. per step = 0.1310479725 s

STEP 3 starts ...

 Sustained Performence: 58.923892 TFLOPS 

 Peak Performence: 60.275914 TFLOPS 
arvg_metric: 107391370.453239
STEP 3 ends. TIME = 1.276659109e-15 DT = 4.255530363e-16
Evolve time = 0.315744451 s; This step = 0.053648506 s; Avg. per step = 0.1052481503 s

STEP 4 starts ...

 Sustained Performence: 59.406698 TFLOPS 

 Peak Performence: 60.275914 TFLOPS 
arvg_metric: 106710411.346666
STEP 4 ends. TIME = 1.702212145e-15 DT = 4.255530363e-16
Evolve time = 0.369938288 s; This step = 0.054193837 s; Avg. per step = 0.092484572 s

STEP 5 starts ...

 Sustained Performence: 47.724871 TFLOPS 

 Peak Performence: 60.275914 TFLOPS 
arvg_metric: 103977897.191963
STEP 5 ends. TIME = 2.127765182e-15 DT = 4.255530363e-16
Evolve time = 0.424668987 s; This step = 0.054730699 s; Avg. per step = 0.0849337974 s

STEP 6 starts ...

 Sustained Performence: 60.365406 TFLOPS 

 Peak Performence: 60.365406 TFLOPS 
arvg_metric: 108450334.219943
STEP 6 ends. TIME = 2.553318218e-15 DT = 4.255530363e-16
Evolve time = 0.477907272 s; This step = 0.053238285 s; Avg. per step = 0.079651212 s

STEP 7 starts ...

 Sustained Performence: 60.245950 TFLOPS 

 Peak Performence: 60.365406 TFLOPS 
arvg_metric: 47820328.362940
STEP 7 ends. TIME = 2.978871254e-15 DT = 4.255530363e-16
Evolve time = 0.586581067 s; This step = 0.108673795 s; Avg. per step = 0.08379729529 s

STEP 8 starts ...

 Sustained Performence: 25.596318 TFLOPS 

 Peak Performence: 60.365406 TFLOPS 
arvg_metric: 20368957.908527
STEP 8 ends. TIME = 3.404424291e-15 DT = 4.255530363e-16
Evolve time = 0.868195775 s; This step = 0.281614708 s; Avg. per step = 0.1085244719 s

STEP 9 starts ...

 Sustained Performence: 59.760535 TFLOPS 

 Peak Performence: 60.365406 TFLOPS 
arvg_metric: 108140760.052688
STEP 9 ends. TIME = 3.829977327e-15 DT = 4.255530363e-16
Evolve time = 0.92139525 s; This step = 0.053199475 s; Avg. per step = 0.10237725 s

STEP 10 starts ...

 Sustained Performence: 59.641646 TFLOPS 

 Peak Performence: 60.365406 TFLOPS 
arvg_metric: 107398714.863688
STEP 10 ends. TIME = 4.255530363e-15 DT = 4.255530363e-16
Evolve time = 0.975224106 s; This step = 0.053828856 s; Avg. per step = 0.0975224106 s

STEP 11 starts ...

 Sustained Performence: 59.144358 TFLOPS 

 Peak Performence: 60.365406 TFLOPS 
arvg_metric: 106913761.247879
STEP 11 ends. TIME = 4.6810834e-15 DT = 4.255530363e-16
Evolve time = 1.029051292 s; This step = 0.053827186 s; Avg. per step = 0.09355011745 s

STEP 12 starts ...

 Sustained Performence: 60.719544 TFLOPS 

 Peak Performence: 60.719544 TFLOPS 
arvg_metric: 107418136.540593
STEP 12 ends. TIME = 5.106636436e-15 DT = 4.255530363e-16
Evolve time = 1.082564977 s; This step = 0.053513685 s; Avg. per step = 0.09021374808 s

STEP 13 starts ...

 Sustained Performence: 58.797769 TFLOPS 

 Peak Performence: 60.719544 TFLOPS 
arvg_metric: 107140870.066548
STEP 13 ends. TIME = 5.532189472e-15 DT = 4.255530363e-16
Evolve time = 1.136287503 s; This step = 0.053722526 s; Avg. per step = 0.087406731 s

STEP 14 starts ...

 Sustained Performence: 60.015268 TFLOPS 

 Peak Performence: 60.719544 TFLOPS 
arvg_metric: 107041366.061589
STEP 14 ends. TIME = 5.957742509e-15 DT = 4.255530363e-16
Evolve time = 1.19015782 s; This step = 0.053870317 s; Avg. per step = 0.08501127286 s

STEP 15 starts ...

 Sustained Performence: 59.427271 TFLOPS 

 Peak Performence: 60.719544 TFLOPS 
arvg_metric: 107579581.694699
STEP 15 ends. TIME = 6.383295545e-15 DT = 4.255530363e-16
Evolve time = 1.243801066 s; This step = 0.053643246 s; Avg. per step = 0.08292007107 s

STEP 16 starts ...

 Sustained Performence: 59.852936 TFLOPS 

 Peak Performence: 60.719544 TFLOPS 
arvg_metric: 107306179.650556
STEP 16 ends. TIME = 6.808848581e-15 DT = 4.255530363e-16
Evolve time = 1.297163801 s; This step = 0.053362735 s; Avg. per step = 0.08107273756 s

STEP 17 starts ...

 Sustained Performence: 58.115724 TFLOPS 

 Peak Performence: 60.719544 TFLOPS 
arvg_metric: 106693029.064762
STEP 17 ends. TIME = 7.234401618e-15 DT = 4.255530363e-16
Evolve time = 1.351073347 s; This step = 0.053909546 s; Avg. per step = 0.07947490276 s

STEP 18 starts ...

 Sustained Performence: 60.427562 TFLOPS 

 Peak Performence: 60.719544 TFLOPS 
arvg_metric: 105576155.008478
STEP 18 ends. TIME = 7.659954654e-15 DT = 4.255530363e-16
Evolve time = 1.405515444 s; This step = 0.054442097 s; Avg. per step = 0.07808419133 s

STEP 19 starts ...

 Sustained Performence: 60.419203 TFLOPS 

 Peak Performence: 60.719544 TFLOPS 
arvg_metric: 107781748.897093
STEP 19 ends. TIME = 8.08550769e-15 DT = 4.255530363e-16
Evolve time = 1.4593062 s; This step = 0.053790756 s; Avg. per step = 0.07680558947 s

STEP 20 starts ...

 Sustained Performence: 58.533541 TFLOPS 

 Peak Performence: 60.719544 TFLOPS 
arvg_metric: 106525770.042295
STEP 20 ends. TIME = 8.511060727e-15 DT = 4.255530363e-16
Evolve time = 1.513198826 s; This step = 0.053892626 s; Avg. per step = 0.0756599413 s

STEP 21 starts ...

 Sustained Performence: 59.661988 TFLOPS 

 Peak Performence: 60.719544 TFLOPS 
arvg_metric: 107235676.928707
STEP 21 ends. TIME = 8.936613763e-15 DT = 4.255530363e-16
Evolve time = 1.566594501 s; This step = 0.053395675 s; Avg. per step = 0.07459973814 s

STEP 22 starts ...

 Sustained Performence: 60.215927 TFLOPS 

 Peak Performence: 60.719544 TFLOPS 
arvg_metric: 108028409.561457
STEP 22 ends. TIME = 9.362166799e-15 DT = 4.255530363e-16
Evolve time = 1.619948266 s; This step = 0.053353765 s; Avg. per step = 0.07363401209 s

STEP 23 starts ...

 Sustained Performence: 60.324360 TFLOPS 

 Peak Performence: 60.719544 TFLOPS 
arvg_metric: 106087572.505301
STEP 23 ends. TIME = 9.787719836e-15 DT = 4.255530363e-16
Evolve time = 1.674095163 s; This step = 0.054146897 s; Avg. per step = 0.07278674622 s

STEP 24 starts ...

 Sustained Performence: 59.547505 TFLOPS 

 Peak Performence: 60.719544 TFLOPS 
arvg_metric: 107654354.590535
STEP 24 ends. TIME = 1.021327287e-14 DT = 4.255530363e-16
Evolve time = 1.727509848 s; This step = 0.053414685 s; Avg. per step = 0.071979577 s

STEP 25 starts ...

 Sustained Performence: 60.496674 TFLOPS 

 Peak Performence: 60.719544 TFLOPS 
arvg_metric: 30187998.919834
STEP 25 ends. TIME = 1.063882591e-14 DT = 4.255530363e-16
Evolve time = 1.882298142 s; This step = 0.154788294 s; Avg. per step = 0.07529192568 s

STEP 26 starts ...

 Sustained Performence: 58.638683 TFLOPS 

 Peak Performence: 60.719544 TFLOPS 
arvg_metric: 108098487.269352
STEP 26 ends. TIME = 1.106437894e-14 DT = 4.255530363e-16
Evolve time = 1.935932377 s; This step = 0.053634235 s; Avg. per step = 0.07445893758 s

STEP 27 starts ...

 Sustained Performence: 60.310223 TFLOPS 

 Peak Performence: 60.719544 TFLOPS 
arvg_metric: 107296710.107013
STEP 27 ends. TIME = 1.148993198e-14 DT = 4.255530363e-16
Evolve time = 1.989444812 s; This step = 0.053512435 s; Avg. per step = 0.07368314119 s

STEP 28 starts ...

 Sustained Performence: 60.029073 TFLOPS 

 Peak Performence: 60.719544 TFLOPS 
arvg_metric: 106001724.602794
STEP 28 ends. TIME = 1.191548502e-14 DT = 4.255530363e-16
Evolve time = 2.043769249 s; This step = 0.054324437 s; Avg. per step = 0.07299175889 s

STEP 29 starts ...

 Sustained Performence: 59.275290 TFLOPS 

 Peak Performence: 60.719544 TFLOPS 
arvg_metric: 107376141.325757
STEP 29 ends. TIME = 1.234103805e-14 DT = 4.255530363e-16
Evolve time = 2.097622195 s; This step = 0.053852946 s; Avg. per step = 0.07233179983 s

STEP 30 starts ...

 Sustained Performence: 59.375130 TFLOPS 

 Peak Performence: 60.719544 TFLOPS 
arvg_metric: 107901197.237688
STEP 30 ends. TIME = 1.276659109e-14 DT = 4.255530363e-16
Evolve time = 2.15100241 s; This step = 0.053380215 s; Avg. per step = 0.07170008033 s

STEP 31 starts ...

 Sustained Performence: 58.700789 TFLOPS 

 Peak Performence: 60.719544 TFLOPS 
arvg_metric: 107108822.207568
STEP 31 ends. TIME = 1.319214413e-14 DT = 4.255530363e-16
Evolve time = 2.204671455 s; This step = 0.053669045 s; Avg. per step = 0.07111843403 s

STEP 32 starts ...

 Sustained Performence: 59.562521 TFLOPS 

 Peak Performence: 60.719544 TFLOPS 
arvg_metric: 105158242.586888
STEP 32 ends. TIME = 1.361769716e-14 DT = 4.255530363e-16
Evolve time = 2.259139742 s; This step = 0.054468287 s; Avg. per step = 0.07059811694 s

STEP 33 starts ...

 Sustained Performence: 59.911630 TFLOPS 

 Peak Performence: 60.719544 TFLOPS 
arvg_metric: 106594786.275025
STEP 33 ends. TIME = 1.40432502e-14 DT = 4.255530363e-16
Evolve time = 2.312975168 s; This step = 0.053835426 s; Avg. per step = 0.07009015661 s

STEP 34 starts ...

 Sustained Performence: 59.116262 TFLOPS 

 Peak Performence: 60.719544 TFLOPS 
arvg_metric: 107046479.710630
STEP 34 ends. TIME = 1.446880324e-14 DT = 4.255530363e-16
Evolve time = 2.366825665 s; This step = 0.053850497 s; Avg. per step = 0.06961251956 s

STEP 35 starts ...

 Sustained Performence: 60.108166 TFLOPS 

 Peak Performence: 60.719544 TFLOPS 
arvg_metric: 107662304.930240
STEP 35 ends. TIME = 1.489435627e-14 DT = 4.255530363e-16
Evolve time = 2.42031517 s; This step = 0.053489505 s; Avg. per step = 0.069151862 s

STEP 36 starts ...

 Sustained Performence: 59.704636 TFLOPS 

 Peak Performence: 60.719544 TFLOPS 
arvg_metric: 107457113.866339
STEP 36 ends. TIME = 1.531990931e-14 DT = 4.255530363e-16
Evolve time = 2.474033716 s; This step = 0.053718546 s; Avg. per step = 0.06872315878 s

STEP 37 starts ...

 Sustained Performence: 59.840564 TFLOPS 

 Peak Performence: 60.719544 TFLOPS 
arvg_metric: 106523347.358881
STEP 37 ends. TIME = 1.574546234e-14 DT = 4.255530363e-16
Evolve time = 2.527868722 s; This step = 0.053835006 s; Avg. per step = 0.06832077627 s

STEP 38 starts ...

 Sustained Performence: 59.650376 TFLOPS 

 Peak Performence: 60.719544 TFLOPS 
arvg_metric: 107404921.666331
STEP 38 ends. TIME = 1.617101538e-14 DT = 4.255530363e-16
Evolve time = 2.581415777 s; This step = 0.053547055 s; Avg. per step = 0.06793199413 s

STEP 39 starts ...

 Sustained Performence: 60.960081 TFLOPS 

 Peak Performence: 60.960081 TFLOPS 
arvg_metric: 104648210.038280
STEP 39 ends. TIME = 1.659656842e-14 DT = 4.255530363e-16
Evolve time = 2.636459756 s; This step = 0.055043979 s; Avg. per step = 0.06760153221 s

STEP 40 starts ...

 Sustained Performence: 59.518547 TFLOPS 

 Peak Performence: 60.960081 TFLOPS 
arvg_metric: 107530680.760494
STEP 40 ends. TIME = 1.702212145e-14 DT = 4.255530363e-16
Evolve time = 2.689958782 s; This step = 0.053499026 s; Avg. per step = 0.06724896955 s

STEP 41 starts ...

 Sustained Performence: 60.743812 TFLOPS 

 Peak Performence: 60.960081 TFLOPS 
arvg_metric: 108160971.479924
STEP 41 ends. TIME = 1.744767449e-14 DT = 4.255530363e-16
Evolve time = 2.743258987 s; This step = 0.053300205 s; Avg. per step = 0.06690875578 s

STEP 42 starts ...

 Sustained Performence: 60.389578 TFLOPS 

 Peak Performence: 60.960081 TFLOPS 
arvg_metric: 108839637.449290
STEP 42 ends. TIME = 1.787322753e-14 DT = 4.255530363e-16
Evolve time = 2.796351341 s; This step = 0.053092354 s; Avg. per step = 0.06657979383 s

STEP 43 starts ...

 Sustained Performence: 60.664218 TFLOPS 

 Peak Performence: 60.960081 TFLOPS 
arvg_metric: 108534091.165900
STEP 43 ends. TIME = 1.829878056e-14 DT = 4.255530363e-16
Evolve time = 2.852010631 s; This step = 0.05565929 s; Avg. per step = 0.06632582863 s

STEP 44 starts ...

 Sustained Performence: 59.509273 TFLOPS 

 Peak Performence: 60.960081 TFLOPS 
arvg_metric: 104774443.221401
STEP 44 ends. TIME = 1.87243336e-14 DT = 4.255530363e-16
Evolve time = 2.904935305 s; This step = 0.052924674 s; Avg. per step = 0.06602125693 s

STEP 45 starts ...

 Sustained Performence: 59.579363 TFLOPS 

 Peak Performence: 60.960081 TFLOPS 
arvg_metric: 4429242.869287
STEP 45 ends. TIME = 1.914988663e-14 DT = 4.255530363e-16
Evolve time = 3.868019562 s; This step = 0.963084257 s; Avg. per step = 0.08595599027 s

STEP 46 starts ...

 Sustained Performence: 55.798139 TFLOPS 

 Peak Performence: 60.960081 TFLOPS 
arvg_metric: 104579606.696479
STEP 46 ends. TIME = 1.957543967e-14 DT = 4.255530363e-16
Evolve time = 3.959552239 s; This step = 0.091532677 s; Avg. per step = 0.08607722259 s

STEP 47 starts ...

 Sustained Performence: 60.365995 TFLOPS 

 Peak Performence: 60.960081 TFLOPS 
arvg_metric: 109178177.269980
STEP 47 ends. TIME = 2.000099271e-14 DT = 4.255530363e-16
Evolve time = 4.012783014 s; This step = 0.053230775 s; Avg. per step = 0.085378362 s

STEP 48 starts ...

 Sustained Performence: 59.128600 TFLOPS 

 Peak Performence: 60.960081 TFLOPS 
arvg_metric: 107525597.131792
STEP 48 ends. TIME = 2.042654574e-14 DT = 4.255530363e-16
Evolve time = 4.06639541 s; This step = 0.053612396 s; Avg. per step = 0.08471657104 s

STEP 49 starts ...

 Sustained Performence: 59.894793 TFLOPS 

 Peak Performence: 60.960081 TFLOPS 
arvg_metric: 106695884.855123
STEP 49 ends. TIME = 2.085209878e-14 DT = 4.255530363e-16
Evolve time = 4.120205796 s; This step = 0.053810386 s; Avg. per step = 0.08408583257 s

STEP 50 starts ...

 Sustained Performence: 59.741088 TFLOPS 

 Peak Performence: 60.960081 TFLOPS 
arvg_metric: 107570992.751870
STEP 50 ends. TIME = 2.127765182e-14 DT = 4.255530363e-16
Evolve time = 4.173613421 s; This step = 0.053407625 s; Avg. per step = 0.08347226842 s

STEP 51 starts ...

 Sustained Performence: 58.748029 TFLOPS 

 Peak Performence: 60.960081 TFLOPS 
arvg_metric: 107180792.472389
STEP 51 ends. TIME = 2.170320485e-14 DT = 4.255530363e-16
Evolve time = 4.227586737 s; This step = 0.053973316 s; Avg. per step = 0.08289385759 s

STEP 52 starts ...

 Sustained Performence: 59.629553 TFLOPS 

 Peak Performence: 60.960081 TFLOPS 
arvg_metric: 106184755.256781
STEP 52 ends. TIME = 2.212875789e-14 DT = 4.255530363e-16
Evolve time = 4.281865814 s; This step = 0.054279077 s; Avg. per step = 0.08234357335 s

STEP 53 starts ...

 Sustained Performence: 60.347616 TFLOPS 

 Peak Performence: 60.960081 TFLOPS 
arvg_metric: 107728598.517583
STEP 53 ends. TIME = 2.255431093e-14 DT = 4.255530363e-16
Evolve time = 4.33560895 s; This step = 0.053743136 s; Avg. per step = 0.08180394245 s

STEP 54 starts ...

 Sustained Performence: 59.772951 TFLOPS 

 Peak Performence: 60.960081 TFLOPS 
arvg_metric: 107456185.576409
STEP 54 ends. TIME = 2.297986396e-14 DT = 4.255530363e-16
Evolve time = 4.389450706 s; This step = 0.053841756 s; Avg. per step = 0.08128612419 s

STEP 55 starts ...

 Sustained Performence: 60.305133 TFLOPS 

 Peak Performence: 60.960081 TFLOPS 
arvg_metric: 107523465.044912
STEP 55 ends. TIME = 2.3405417e-14 DT = 4.255530363e-16
Evolve time = 4.443351653 s; This step = 0.053900947 s; Avg. per step = 0.08078821187 s

STEP 56 starts ...

 Sustained Performence: 60.592456 TFLOPS 

 Peak Performence: 60.960081 TFLOPS 
arvg_metric: 107032894.156096
STEP 56 ends. TIME = 2.383097003e-14 DT = 4.255530363e-16
Evolve time = 4.496729468 s; This step = 0.053377815 s; Avg. per step = 0.0802987405 s

STEP 57 starts ...

 Sustained Performence: 58.738063 TFLOPS 

 Peak Performence: 60.960081 TFLOPS 
arvg_metric: 108730693.864880
STEP 57 ends. TIME = 2.425652307e-14 DT = 4.255530363e-16
Evolve time = 4.550506404 s; This step = 0.053776936 s; Avg. per step = 0.07983344568 s

STEP 58 starts ...

 Sustained Performence: 59.795215 TFLOPS 

 Peak Performence: 60.960081 TFLOPS 
arvg_metric: 108169800.265150
STEP 58 ends. TIME = 2.468207611e-14 DT = 4.255530363e-16
Evolve time = 4.604396211 s; This step = 0.053889807 s; Avg. per step = 0.07938614157 s

STEP 59 starts ...

 Sustained Performence: 60.100188 TFLOPS 

 Peak Performence: 60.960081 TFLOPS 
arvg_metric: 104278781.082688
STEP 59 ends. TIME = 2.510762914e-14 DT = 4.255530363e-16
Evolve time = 4.65953521 s; This step = 0.055138999 s; Avg. per step = 0.07897517305 s

STEP 60 starts ...

 Sustained Performence: 59.738971 TFLOPS 

 Peak Performence: 60.960081 TFLOPS 
arvg_metric: 107290666.406024
STEP 60 ends. TIME = 2.553318218e-14 DT = 4.255530363e-16
Evolve time = 4.713360277 s; This step = 0.053825067 s; Avg. per step = 0.07855600462 s

STEP 61 starts ...

 Sustained Performence: 60.465208 TFLOPS 

 Peak Performence: 60.960081 TFLOPS 
arvg_metric: 106919718.940963
STEP 61 ends. TIME = 2.595873522e-14 DT = 4.255530363e-16
Evolve time = 4.769632828 s; This step = 0.056272551 s; Avg. per step = 0.0781907021 s

STEP 62 starts ...

 Sustained Performence: 60.435056 TFLOPS 

 Peak Performence: 60.960081 TFLOPS 
arvg_metric: 107909560.471213
STEP 62 ends. TIME = 2.638428825e-14 DT = 4.255530363e-16
Evolve time = 4.821236319 s; This step = 0.051603491 s; Avg. per step = 0.07776187611 s

STEP 63 starts ...

 Sustained Performence: 60.075059 TFLOPS 

 Peak Performence: 60.960081 TFLOPS 
arvg_metric: 28856901.770218
STEP 63 ends. TIME = 2.680984129e-14 DT = 4.255530363e-16
Evolve time = 4.999013312 s; This step = 0.177776993 s; Avg. per step = 0.07934941765 s

STEP 64 starts ...

 Sustained Performence: 59.663811 TFLOPS 

 Peak Performence: 60.960081 TFLOPS 
arvg_metric: 105568787.795823
STEP 64 ends. TIME = 2.723539432e-14 DT = 4.255530363e-16
Evolve time = 5.05365007 s; This step = 0.054636758 s; Avg. per step = 0.07896328234 s

STEP 65 starts ...

 Sustained Performence: 60.187683 TFLOPS 

 Peak Performence: 60.960081 TFLOPS 
arvg_metric: 108100708.085101
STEP 65 ends. TIME = 2.766094736e-14 DT = 4.255530363e-16
Evolve time = 5.107397426 s; This step = 0.053747356 s; Avg. per step = 0.07857534502 s

STEP 66 starts ...

 Sustained Performence: 57.474331 TFLOPS 

 Peak Performence: 60.960081 TFLOPS 
arvg_metric: 107975618.293521
STEP 66 ends. TIME = 2.80865004e-14 DT = 4.255530363e-16
Evolve time = 5.160750351 s; This step = 0.053352925 s; Avg. per step = 0.07819318714 s

STEP 67 starts ...

 Sustained Performence: 60.327893 TFLOPS 

 Peak Performence: 60.960081 TFLOPS 
arvg_metric: 107789434.821900
STEP 67 ends. TIME = 2.851205343e-14 DT = 4.255530363e-16
Evolve time = 5.214405047 s; This step = 0.053654696 s; Avg. per step = 0.077826941 s

STEP 68 starts ...

 Sustained Performence: 60.299446 TFLOPS 

 Peak Performence: 60.960081 TFLOPS 
arvg_metric: 107139576.954749
STEP 68 ends. TIME = 2.893760647e-14 DT = 4.255530363e-16
Evolve time = 5.268080683 s; This step = 0.053675636 s; Avg. per step = 0.07747177475 s

STEP 69 starts ...

 Sustained Performence: 60.002644 TFLOPS 

 Peak Performence: 60.960081 TFLOPS 
arvg_metric: 105216901.573181
STEP 69 ends. TIME = 2.936315951e-14 DT = 4.255530363e-16
Evolve time = 5.32259311 s; This step = 0.054512427 s; Avg. per step = 0.07713903058 s

STEP 70 starts ...

 Sustained Performence: 59.724540 TFLOPS 

 Peak Performence: 60.960081 TFLOPS 
arvg_metric: 106559555.137127
STEP 70 ends. TIME = 2.978871254e-14 DT = 4.255530363e-16
Evolve time = 5.376585856 s; This step = 0.053992746 s; Avg. per step = 0.07680836937 s

STEP 71 starts ...

 Sustained Performence: 60.062226 TFLOPS 

 Peak Performence: 60.960081 TFLOPS 
arvg_metric: 107213435.715619
STEP 71 ends. TIME = 3.021426558e-14 DT = 4.255530363e-16
Evolve time = 5.430073271 s; This step = 0.053487415 s; Avg. per step = 0.07647990523 s

STEP 72 starts ...

 Sustained Performence: 61.017865 TFLOPS 

 Peak Performence: 61.017865 TFLOPS 
arvg_metric: 106706295.324318
STEP 72 ends. TIME = 3.063981862e-14 DT = 4.255530363e-16
Evolve time = 5.483769996 s; This step = 0.053696725 s; Avg. per step = 0.07616347217 s

STEP 73 starts ...

 Sustained Performence: 59.793682 TFLOPS 

 Peak Performence: 61.017865 TFLOPS 
arvg_metric: 105448681.801152
STEP 73 ends. TIME = 3.106537165e-14 DT = 4.255530363e-16
Evolve time = 5.538094363 s; This step = 0.054324367 s; Avg. per step = 0.07586430634 s

STEP 74 starts ...

 Sustained Performence: 59.785478 TFLOPS 

 Peak Performence: 61.017865 TFLOPS 
arvg_metric: 105466217.051096
STEP 74 ends. TIME = 3.149092469e-14 DT = 4.255530363e-16
Evolve time = 5.59232074 s; This step = 0.054226377 s; Avg. per step = 0.07557190189 s

STEP 75 starts ...

 Sustained Performence: 60.045985 TFLOPS 

 Peak Performence: 61.017865 TFLOPS 
arvg_metric: 105645092.216973
STEP 75 ends. TIME = 3.191647772e-14 DT = 4.255530363e-16
Evolve time = 5.646596237 s; This step = 0.054275497 s; Avg. per step = 0.07528794983 s

STEP 76 starts ...

 Sustained Performence: 60.502695 TFLOPS 

 Peak Performence: 61.017865 TFLOPS 
arvg_metric: 107397075.094034
STEP 76 ends. TIME = 3.234203076e-14 DT = 4.255530363e-16
Evolve time = 5.700460813 s; This step = 0.053864576 s; Avg. per step = 0.07500606333 s

STEP 77 starts ...

 Sustained Performence: 58.639425 TFLOPS 

 Peak Performence: 61.017865 TFLOPS 
arvg_metric: 106859450.618369
STEP 77 ends. TIME = 3.27675838e-14 DT = 4.255530363e-16
Evolve time = 5.754352099 s; This step = 0.053891286 s; Avg. per step = 0.07473184544 s

STEP 78 starts ...

 Sustained Performence: 54.455139 TFLOPS 

 Peak Performence: 61.017865 TFLOPS 
arvg_metric: 108024378.376077
STEP 78 ends. TIME = 3.319313683e-14 DT = 4.255530363e-16
Evolve time = 5.807959535 s; This step = 0.053607436 s; Avg. per step = 0.07446101968 s

STEP 79 starts ...

 Sustained Performence: 59.653830 TFLOPS 

 Peak Performence: 61.017865 TFLOPS 
arvg_metric: 106489891.708407
STEP 79 ends. TIME = 3.361868987e-14 DT = 4.255530363e-16
Evolve time = 5.862094652 s; This step = 0.054135117 s; Avg. per step = 0.07420372977 s

STEP 80 starts ...

 Sustained Performence: 60.051624 TFLOPS 

 Peak Performence: 61.017865 TFLOPS 
arvg_metric: 107224447.430402
STEP 80 ends. TIME = 3.404424291e-14 DT = 4.255530363e-16
Evolve time = 5.954043831 s; This step = 0.091949179 s; Avg. per step = 0.07442554789 s

STEP 81 starts ...

 Sustained Performence: 60.119470 TFLOPS 

 Peak Performence: 61.017865 TFLOPS 
arvg_metric: 107636341.913471
STEP 81 ends. TIME = 3.446979594e-14 DT = 4.255530363e-16
Evolve time = 6.006210824 s; This step = 0.052166993 s; Avg. per step = 0.07415075091 s

STEP 82 starts ...

 Sustained Performence: 59.459095 TFLOPS 

 Peak Performence: 61.017865 TFLOPS 
arvg_metric: 106568441.420634
STEP 82 ends. TIME = 3.489534898e-14 DT = 4.255530363e-16
Evolve time = 6.06013449 s; This step = 0.053923666 s; Avg. per step = 0.07390407915 s

STEP 83 starts ...

 Sustained Performence: 59.777104 TFLOPS 

 Peak Performence: 61.017865 TFLOPS 
arvg_metric: 107671095.652310
STEP 83 ends. TIME = 3.532090202e-14 DT = 4.255530363e-16
Evolve time = 6.113672805 s; This step = 0.053538315 s; Avg. per step = 0.07365870849 s

STEP 84 starts ...

 Sustained Performence: 59.202143 TFLOPS 

 Peak Performence: 61.017865 TFLOPS 
arvg_metric: 105765681.626533
STEP 84 ends. TIME = 3.574645505e-14 DT = 4.255530363e-16
Evolve time = 6.168015272 s; This step = 0.054342467 s; Avg. per step = 0.07342875324 s

STEP 85 starts ...

 Sustained Performence: 60.288859 TFLOPS 

 Peak Performence: 61.017865 TFLOPS 
arvg_metric: 108239129.998873
STEP 85 ends. TIME = 3.617200809e-14 DT = 4.255530363e-16
Evolve time = 6.221299296 s; This step = 0.053284024 s; Avg. per step = 0.07319175642 s

STEP 86 starts ...

 Sustained Performence: 60.900826 TFLOPS 

 Peak Performence: 61.017865 TFLOPS 
arvg_metric: 107004417.800812
STEP 86 ends. TIME = 3.659756112e-14 DT = 4.255530363e-16
Evolve time = 6.275298182 s; This step = 0.053998886 s; Avg. per step = 0.07296858351 s

STEP 87 starts ...

 Sustained Performence: 59.045010 TFLOPS 

 Peak Performence: 61.017865 TFLOPS 
arvg_metric: 106913526.304272
STEP 87 ends. TIME = 3.702311416e-14 DT = 4.255530363e-16
Evolve time = 6.329163788 s; This step = 0.053865606 s; Avg. per step = 0.07274900906 s

STEP 88 starts ...

 Sustained Performence: 60.357349 TFLOPS 

 Peak Performence: 61.017865 TFLOPS 
arvg_metric: 106605337.038909
STEP 88 ends. TIME = 3.74486672e-14 DT = 4.255530363e-16
Evolve time = 6.383488725 s; This step = 0.054324937 s; Avg. per step = 0.0725396446 s

STEP 89 starts ...

 Sustained Performence: 60.007217 TFLOPS 

 Peak Performence: 61.017865 TFLOPS 
arvg_metric: 107176040.627336
STEP 89 ends. TIME = 3.787422023e-14 DT = 4.255530363e-16
Evolve time = 6.438080163 s; This step = 0.054591438 s; Avg. per step = 0.07233797936 s

STEP 90 starts ...

 Sustained Performence: 59.341012 TFLOPS 

 Peak Performence: 61.017865 TFLOPS 
arvg_metric: 106260501.814398
STEP 90 ends. TIME = 3.829977327e-14 DT = 4.255530363e-16
Evolve time = 6.492118169 s; This step = 0.054038006 s; Avg. per step = 0.07213464632 s

STEP 91 starts ...

 Sustained Performence: 59.973834 TFLOPS 

 Peak Performence: 61.017865 TFLOPS 
arvg_metric: 106910164.911536
STEP 91 ends. TIME = 3.872532631e-14 DT = 4.255530363e-16
Evolve time = 6.545644224 s; This step = 0.053526055 s; Avg. per step = 0.07193015631 s

STEP 92 starts ...

 Sustained Performence: 60.382607 TFLOPS 

 Peak Performence: 61.017865 TFLOPS 
arvg_metric: 106727882.351883
STEP 92 ends. TIME = 3.915087934e-14 DT = 4.255530363e-16
Evolve time = 6.59950494 s; This step = 0.053860716 s; Avg. per step = 0.07173374935 s

STEP 93 starts ...

 Sustained Performence: 59.104193 TFLOPS 

 Peak Performence: 61.017865 TFLOPS 
arvg_metric: 108600742.790973
STEP 93 ends. TIME = 3.957643238e-14 DT = 4.255530363e-16
Evolve time = 6.652431104 s; This step = 0.052926164 s; Avg. per step = 0.07153151725 s

STEP 94 starts ...

 Sustained Performence: 59.925861 TFLOPS 

 Peak Performence: 61.017865 TFLOPS 
arvg_metric: 107491831.604204
STEP 94 ends. TIME = 4.000198541e-14 DT = 4.255530363e-16
Evolve time = 6.70631216 s; This step = 0.053881056 s; Avg. per step = 0.07134374638 s

STEP 95 starts ...

 Sustained Performence: 60.117823 TFLOPS 

 Peak Performence: 61.017865 TFLOPS 
arvg_metric: 107463323.044065
STEP 95 ends. TIME = 4.042753845e-14 DT = 4.255530363e-16
Evolve time = 6.759695175 s; This step = 0.053383015 s; Avg. per step = 0.07115468605 s

STEP 96 starts ...

 Sustained Performence: 60.231086 TFLOPS 

 Peak Performence: 61.017865 TFLOPS 
arvg_metric: 106821606.937739
STEP 96 ends. TIME = 4.085309149e-14 DT = 4.255530363e-16
Evolve time = 6.814029642 s; This step = 0.054334467 s; Avg. per step = 0.07097947544 s

STEP 97 starts ...

 Sustained Performence: 60.564243 TFLOPS 

 Peak Performence: 61.017865 TFLOPS 
arvg_metric: 107411938.151539
STEP 97 ends. TIME = 4.127864452e-14 DT = 4.255530363e-16
Evolve time = 6.86875457 s; This step = 0.054724928 s; Avg. per step = 0.07081190278 s

STEP 98 starts ...

 Sustained Performence: 55.751658 TFLOPS 

 Peak Performence: 61.017865 TFLOPS 
arvg_metric: 105737848.314752
STEP 98 ends. TIME = 4.170419756e-14 DT = 4.255530363e-16
Evolve time = 6.92420932 s; This step = 0.05545475 s; Avg. per step = 0.07065519714 s

STEP 99 starts ...

 Sustained Performence: 60.026838 TFLOPS 

 Peak Performence: 61.017865 TFLOPS 
arvg_metric: 106403403.750233
STEP 99 ends. TIME = 4.21297506e-14 DT = 4.255530363e-16
Evolve time = 6.978298436 s; This step = 0.054089116 s; Avg. per step = 0.07048786299 s

STEP 100 starts ...

 Sustained Performence: 59.896051 TFLOPS 

 Peak Performence: 61.017865 TFLOPS 
arvg_metric: 105446523.994317
STEP 100 ends. TIME = 4.255530363e-14 DT = 4.255530363e-16
Evolve time = 7.042678775 s; This step = 0.064380339 s; Avg. per step = 0.07042678775 s


**** WARNINGS ******************************************************************
* GLOBAL warning list  after  [ THE END ]
*
* No recorded warnings.
********************************************************************************

Total Time                     : 7.522174337


TinyProfiler total time across processes [min...avg...max]: 7.515 ... 7.521 ... 7.522

----------------------------------------------------------------------------------------------------------
Name                                                       NCalls  Excl. Min  Excl. Avg  Excl. Max   Max %
----------------------------------------------------------------------------------------------------------
FillBoundary_finish()                                        1207      1.513      2.244      2.401  31.92%
FabArray::ParallelCopy_finish()                               300      1.836       2.02      2.147  28.55%
FillBoundary_nowait()                                        1207     0.5675     0.6611      1.385  18.41%
ParticleContainer::RedistributeCPU()                          102     0.4224     0.4365     0.4828   6.42%
PhysicalParticleContainer::Evolve::GatherAndPush             1572     0.2623     0.2689     0.2723   3.62%
WarpX::OneStep_nosub()                                        100      0.144      0.183     0.2554   3.39%
WarpX::Evolve::step                                           100     0.1462      0.187     0.2451   3.26%
Filter::ApplyStencil(MultiFab)                                300     0.1749     0.1892      0.206   2.74%
FabArray::setVal()                                            622    0.09013     0.1211     0.1983   2.64%
ParticleContainer::RedistributeMPI()                          102    0.02749     0.1458     0.1928   2.56%
PhysicalParticleContainer::AddPlasma()                          1     0.1129     0.1191     0.1705   2.27%
amrex::Copy()                                                1206    0.04039    0.05297     0.1606   2.13%
FabArray::ParallelCopy_nowait()                               300     0.1121     0.1296     0.1577   2.10%
WarpXParticleContainer::DepositCurrent::Accumulate           1572     0.1294     0.1364     0.1419   1.89%
PhysicalParticleContainer::Evolve()                           100    0.06667    0.08432     0.1114   1.48%
DenseBins<T>::buildOpenMP                                     512    0.03055    0.04281     0.1088   1.45%
WarpX::EvolveE()                                              100    0.04001     0.0475    0.08725   1.16%
main()                                                          1    0.04102    0.04668    0.07674   1.02%
WarpX::EvolveB()                                              200    0.06666    0.07058    0.07463   0.99%
WarpXParticleContainer::SortParticlesByBin()                    1    0.06803    0.07037    0.07315   0.97%
[1] USER SME_sortanrpre                                      1572    0.04273     0.0444    0.04697   0.62%
[2] USER SME_kernal                                          1572    0.03817    0.03932     0.0404   0.54%
DistributionMapping::LeastUsedCPUs()                            1  0.0001031    0.03515    0.03767   0.50%
ablastr::utils::communication::FillBoundary                  1206    0.01619    0.01948    0.02159   0.29%
[0] USER doDepositionShapeN_special()                        1572   0.009717    0.01147    0.02118   0.28%
WarpXParticleContainer::DepositCurrent::CurrentDeposition    1572    0.01018    0.01244    0.02034   0.27%
WarpX::SyncCurrent()                                          100    0.01485    0.01629    0.01756   0.23%
WarpX::InitData()                                               1   0.000844   0.001494   0.008655   0.12%
ParticleContainer::BuildRedistributeMask                      200   0.008125   0.008232   0.008371   0.11%
FabArray<FAB>::SumBoundary_finish()                           300   0.005687   0.006776   0.008363   0.11%
FabArray<FAB>::SumBoundary_nowait()                           300   0.006116   0.006882   0.007861   0.10%
FabArray::FillBoundary()                                      607    0.00526   0.005968   0.007172   0.10%
FabArray::FillBoundaryAndSync()                               600   0.002323   0.003149   0.004383   0.06%
FillBoundaryAndSync_finish()                                  600   0.001865   0.002693   0.004177   0.06%
FabArray<FAB>::SumBoundary()                                  300   0.001532    0.00216   0.003691   0.05%
FillBoundaryAndSync_nowait()                                  600   0.001728   0.002464   0.003227   0.04%
MultiFab::Copy()                                              906   0.002128   0.002325   0.002427   0.03%
ablastr::utils::communication::SumBoundary                    300  0.0008024  0.0009049   0.001079   0.01%
WarpX::Evolve()                                                 1  0.0004157   0.000624  0.0008496   0.01%
PhysicalParticleContainer::AddParticles()                       2  2.576e-05  3.882e-05  5.011e-05   0.00%
DistributionMapping::SFCProcessorMapDoIt()                      1  1.833e-05  2.627e-05  3.898e-05   0.00%
REG::WarpX::Evolve()                                            1   1.24e-05  1.667e-05  2.028e-05   0.00%
AmrMesh::MakeDistributionMap()                                  1   5.06e-06  8.469e-06  1.118e-05   0.00%
Other                                                        3790    0.03507    0.04144    0.04733   0.63%
----------------------------------------------------------------------------------------------------------

----------------------------------------------------------------------------------------------------------
Name                                                       NCalls  Incl. Min  Incl. Avg  Incl. Max   Max %
----------------------------------------------------------------------------------------------------------
main()                                                          1      7.515      7.521      7.522 100.00%
REG::WarpX::Evolve()                                            1      6.994       7.06      7.075  94.05%
WarpX::Evolve()                                                 1      6.994       7.06      7.075  94.05%
WarpX::Evolve::step                                           100      6.993      7.059      7.074  94.04%
WarpX::OneStep_nosub()                                        100      5.252      5.294      5.345  71.06%
ablastr::utils::communication::FillBoundary                  1206        2.8      2.943      3.043  40.45%
WarpX::SyncCurrent()                                          100      2.357      2.446      2.615  34.77%
FillBoundary_finish()                                        1207      1.513      2.244      2.401  31.92%
ablastr::utils::communication::SumBoundary                    300      2.061      2.204      2.366  31.46%
FabArray<FAB>::SumBoundary()                                  300       2.06      2.204      2.365  31.44%
FabArray<FAB>::SumBoundary_finish()                           300      1.843      2.027      2.155  28.65%
FabArray::ParallelCopy_finish()                               300      1.836       2.02      2.147  28.55%
FabArray::FillBoundaryAndSync()                               600      1.729      1.888      1.962  26.09%
FillBoundaryAndSync_finish()                                  600     0.7779      1.593      1.738  23.11%
FillBoundary_nowait()                                        1207     0.5747     0.6676      1.391  18.49%
FillBoundaryAndSync_nowait()                                  600     0.1984     0.2922      1.094  14.55%
FabArray::FillBoundary()                                      607     0.9769      1.038      1.072  14.25%
ParticleContainer::RedistributeCPU()                          102     0.5343     0.6182     0.6674   8.87%
PhysicalParticleContainer::Evolve()                           100     0.5945     0.6181     0.6474   8.61%
WarpX::InitData()                                               1     0.4013     0.4141     0.4825   6.41%
PhysicalParticleContainer::Evolve::GatherAndPush             1572     0.2623     0.2689     0.2723   3.62%
FabArray<FAB>::SumBoundary_nowait()                           300     0.1585     0.1748     0.2148   2.85%
Filter::ApplyStencil(MultiFab)                                300     0.1749     0.1892      0.206   2.74%
FabArray::setVal()                                            622    0.09013     0.1211     0.1983   2.64%
ParticleContainer::RedistributeMPI()                          102    0.02786     0.1462     0.1932   2.57%
WarpXParticleContainer::SortParticlesByBin()                    1    0.09858     0.1132     0.1796   2.39%
PhysicalParticleContainer::AddParticles()                       2     0.1129     0.1192     0.1706   2.27%
PhysicalParticleContainer::AddPlasma()                          1     0.1129     0.1191     0.1705   2.27%
amrex::Copy()                                                1206    0.04039    0.05297     0.1606   2.13%
FabArray::ParallelCopy_nowait()                               300      0.114     0.1315     0.1597   2.12%
MultiFab::Copy()                                              906    0.02662    0.03773     0.1445   1.92%
WarpXParticleContainer::DepositCurrent::Accumulate           1572     0.1294     0.1364     0.1419   1.89%
WarpXParticleContainer::DepositCurrent::CurrentDeposition    1572     0.1238     0.1284     0.1416   1.88%
[0] USER doDepositionShapeN_special()                        1572     0.1121     0.1159     0.1251   1.66%
DenseBins<T>::buildOpenMP                                     512    0.03055    0.04281     0.1088   1.45%
WarpX::EvolveE()                                              100    0.04001     0.0475    0.08725   1.16%
WarpX::EvolveB()                                              200    0.06666    0.07058    0.07463   0.99%
[1] USER SME_sortanrpre                                      1572    0.04273     0.0444    0.04697   0.62%
[2] USER SME_kernal                                          1572    0.03817    0.03932     0.0404   0.54%
AmrMesh::MakeDistributionMap()                                  1  0.0001389    0.03519    0.03772   0.50%
DistributionMapping::SFCProcessorMapDoIt()                      1  0.0001319    0.03519    0.03771   0.50%
DistributionMapping::LeastUsedCPUs()                            1  0.0001031    0.03515    0.03767   0.50%
ParticleContainer::BuildRedistributeMask                      200    0.03525    0.03578    0.03621   0.48%
Other                                                        3790    0.03775    0.04417    0.05004   0.67%
----------------------------------------------------------------------------------------------------------



BEGIN REGION WarpX::Evolve()

----------------------------------------------------------------------------------------------------------
Name                                                       NCalls  Excl. Min  Excl. Avg  Excl. Max   Max %
----------------------------------------------------------------------------------------------------------
FillBoundary_finish()                                        1207      1.513      2.244      2.401  31.92%
FabArray::ParallelCopy_finish()                               300      1.836       2.02      2.147  28.55%
FillBoundary_nowait()                                        1207     0.5675     0.6611      1.385  18.41%
ParticleContainer::RedistributeCPU()                          100     0.4148     0.4288      0.475   6.31%
PhysicalParticleContainer::Evolve::GatherAndPush             1572     0.2623     0.2689     0.2723   3.62%
WarpX::OneStep_nosub()                                        100      0.144      0.183     0.2554   3.39%
WarpX::Evolve::step                                           100     0.1462      0.187     0.2451   3.26%
Filter::ApplyStencil(MultiFab)                                300     0.1749     0.1892      0.206   2.74%
amrex::Copy()                                                1206    0.04039    0.05297     0.1606   2.13%
FabArray::ParallelCopy_nowait()                               300     0.1121     0.1296     0.1577   2.10%
WarpXParticleContainer::DepositCurrent::Accumulate           1572     0.1294     0.1364     0.1419   1.89%
PhysicalParticleContainer::Evolve()                           100    0.06667    0.08432     0.1114   1.48%
FabArray::setVal()                                            601    0.06831    0.07446    0.08757   1.16%
WarpX::EvolveE()                                              100    0.04001     0.0475    0.08725   1.16%
ParticleContainer::RedistributeMPI()                          100    0.02729    0.05511    0.07934   1.05%
WarpX::EvolveB()                                              200    0.06666    0.07058    0.07463   0.99%
[1] USER SME_sortanrpre                                      1572    0.04273     0.0444    0.04697   0.62%
[2] USER SME_kernal                                          1572    0.03817    0.03932     0.0404   0.54%
ablastr::utils::communication::FillBoundary                  1206    0.01619    0.01948    0.02159   0.29%
[0] USER doDepositionShapeN_special()                        1572   0.009717    0.01147    0.02118   0.28%
WarpXParticleContainer::DepositCurrent::CurrentDeposition    1572    0.01018    0.01244    0.02034   0.27%
WarpX::SyncCurrent()                                          100    0.01485    0.01629    0.01756   0.23%
ParticleContainer::BuildRedistributeMask                      200   0.008125   0.008232   0.008371   0.11%
FabArray<FAB>::SumBoundary_finish()                           300   0.005687   0.006776   0.008363   0.11%
FabArray<FAB>::SumBoundary_nowait()                           300   0.006116   0.006882   0.007861   0.10%
FabArray::FillBoundary()                                      607    0.00526   0.005968   0.007172   0.10%
FabArray::FillBoundaryAndSync()                               600   0.002323   0.003149   0.004383   0.06%
FillBoundaryAndSync_finish()                                  600   0.001865   0.002693   0.004177   0.06%
FabArray<FAB>::SumBoundary()                                  300   0.001532    0.00216   0.003691   0.05%
FillBoundaryAndSync_nowait()                                  600   0.001728   0.002464   0.003227   0.04%
MultiFab::Copy()                                              906   0.002128   0.002325   0.002427   0.03%
ablastr::utils::communication::SumBoundary                    300  0.0008024  0.0009049   0.001079   0.01%
WarpX::Evolve()                                                 1  0.0004157   0.000624  0.0008496   0.01%
REG::WarpX::Evolve()                                            1   1.24e-05  1.667e-05  2.028e-05   0.00%
Other                                                        3787    0.03505    0.04142     0.0473   0.63%
----------------------------------------------------------------------------------------------------------

----------------------------------------------------------------------------------------------------------
Name                                                       NCalls  Incl. Min  Incl. Avg  Incl. Max   Max %
----------------------------------------------------------------------------------------------------------
REG::WarpX::Evolve()                                            1      6.994       7.06      7.075  94.05%
WarpX::Evolve()                                                 1      6.994       7.06      7.075  94.05%
WarpX::Evolve::step                                           100      6.993      7.059      7.074  94.04%
WarpX::OneStep_nosub()                                        100      5.252      5.294      5.345  71.06%
ablastr::utils::communication::FillBoundary                  1206        2.8      2.943      3.043  40.45%
WarpX::SyncCurrent()                                          100      2.357      2.446      2.615  34.77%
FillBoundary_finish()                                        1207      1.513      2.244      2.401  31.92%
ablastr::utils::communication::SumBoundary                    300      2.061      2.204      2.366  31.46%
FabArray<FAB>::SumBoundary()                                  300       2.06      2.204      2.365  31.44%
FabArray<FAB>::SumBoundary_finish()                           300      1.843      2.027      2.155  28.65%
FabArray::ParallelCopy_finish()                               300      1.836       2.02      2.147  28.55%
FabArray::FillBoundaryAndSync()                               600      1.729      1.888      1.962  26.09%
FillBoundaryAndSync_finish()                                  600     0.7779      1.593      1.738  23.11%
FillBoundary_nowait()                                        1207     0.5747     0.6676      1.391  18.49%
FillBoundaryAndSync_nowait()                                  600     0.1984     0.2922      1.094  14.55%
FabArray::FillBoundary()                                      607     0.9769      1.038      1.072  14.25%
PhysicalParticleContainer::Evolve()                           100     0.5945     0.6181     0.6474   8.61%
ParticleContainer::RedistributeCPU()                          100     0.4843     0.5197     0.5384   7.16%
PhysicalParticleContainer::Evolve::GatherAndPush             1572     0.2623     0.2689     0.2723   3.62%
FabArray<FAB>::SumBoundary_nowait()                           300     0.1585     0.1748     0.2148   2.85%
Filter::ApplyStencil(MultiFab)                                300     0.1749     0.1892      0.206   2.74%
amrex::Copy()                                                1206    0.04039    0.05297     0.1606   2.13%
FabArray::ParallelCopy_nowait()                               300      0.114     0.1315     0.1597   2.12%
MultiFab::Copy()                                              906    0.02662    0.03773     0.1445   1.92%
WarpXParticleContainer::DepositCurrent::Accumulate           1572     0.1294     0.1364     0.1419   1.89%
WarpXParticleContainer::DepositCurrent::CurrentDeposition    1572     0.1238     0.1284     0.1416   1.88%
[0] USER doDepositionShapeN_special()                        1572     0.1121     0.1159     0.1251   1.66%
FabArray::setVal()                                            601    0.06831    0.07446    0.08757   1.16%
WarpX::EvolveE()                                              100    0.04001     0.0475    0.08725   1.16%
ParticleContainer::RedistributeMPI()                          100    0.02765     0.0555     0.0798   1.06%
WarpX::EvolveB()                                              200    0.06666    0.07058    0.07463   0.99%
[1] USER SME_sortanrpre                                      1572    0.04273     0.0444    0.04697   0.62%
[2] USER SME_kernal                                          1572    0.03817    0.03932     0.0404   0.54%
ParticleContainer::BuildRedistributeMask                      200    0.03525    0.03578    0.03621   0.48%
Other                                                        3787    0.03773    0.04415    0.05001   0.66%
----------------------------------------------------------------------------------------------------------

END REGION WarpX::Evolve()
Unused ParmParse Variables:
  [TOP]::chk.diag_type(nvals = 1)  :: [Full]
  [TOP]::chk.intervals(nvals = 1)  :: [6]
  [TOP]::diag1.diag_type(nvals = 1)  :: [Full]
  [TOP]::diag1.electrons.variables(nvals = 7)  :: [x, y, z, ux, uy, uz, w]
  [TOP]::diag1.fields_to_plot(nvals = 10)  :: [Bx, By, Bz, Ex, Ey, Ez, jx, jy, jz, rho]
  [TOP]::diag1.intervals(nvals = 1)  :: [4]
  [TOP]::warpx.sort_intervals(nvals = 1)  :: [-1]

Pinned Memory Usage:
---------------------------------------------------------------------------------------------------------------------
Name                            Nalloc  Nfree  AvgMem min  AvgMem avg  AvgMem max  MaxMem min  MaxMem avg  MaxMem max
---------------------------------------------------------------------------------------------------------------------
The_Pinned_Arena::Initialize()      16     16    1869   B    2174   B    2947   B    8192 KiB    8192 KiB    8192 KiB
main()                             928    928     603   B     604   B     605   B     608   B     608   B     608   B
---------------------------------------------------------------------------------------------------------------------

AMReX (24.07) finalized
Done!
