Loading bisheng/kml25.0.0/kml
  Loading requirement: /pacific_fs/HPCKit/latest/modulefiles/bisheng/kml25.0.0/kspblas/omp /pacific_fs/HPCKit/latest/modulefiles/bisheng/kml25.0.0/kvml/serial
    /pacific_fs/HPCKit/latest/modulefiles/bisheng/kml25.0.0/kblas/multi
Currently Loaded Modulefiles:
 1) bisheng/compiler4.2.0/bishengmodule   3) /pacific_fs/HPCKit/latest/modulefiles/bisheng/kml25.0.0/kspblas/omp <aL>   5) /pacific_fs/HPCKit/latest/modulefiles/bisheng/kml25.0.0/kblas/multi <aL>  
 2) bisheng/hmpi25.0.0/hmpi               4) /pacific_fs/HPCKit/latest/modulefiles/bisheng/kml25.0.0/kvml/serial <aL>   6) bisheng/kml25.0.0/kml                                                     

Key:
<module-tag>  <aL>=auto-loaded  
Running job !!!!!
Initializing AMReX (24.07)...
MPI initialized with 16 MPI processes
MPI initialized with thread support level 1
OMP initialized with 32 OMP threads
AMReX (24.07) initialized
WarpX (Unknown)

    __        __             __  __
    \ \      / /_ _ _ __ _ __\ \/ /
     \ \ /\ / / _` | '__| '_ \\  /
      \ V  V / (_| | |  | |_) /  \
       \_/\_/ \__,_|_|  | .__/_/\_\
                        |_|

Level 0: dt = 4.255530363e-16 ; dx = 1.5625e-07 ; dy = 3.125e-07 ; dz = 3.125e-07

Grids Summary:
  Level 0   16 grids  4194304 cells  100 % of domain
            smallest grid: 64 x 64 x 64  biggest grid: 64 x 64 x 64

-------------------------------------------------------------------------------
--------------------------- MAIN EM PIC PARAMETERS ----------------------------
-------------------------------------------------------------------------------
Precision:            | DOUBLE
Particle precision:   | DOUBLE
Geometry:             | 3D (XYZ)
Operation mode:       | Electromagnetic
                      | - vacuum
-------------------------------------------------------------------------------
Current Deposition:   | direct 
Particle Pusher:      | Boris 
Charge Deposition:    | standard 
Field Gathering:      | energy-conserving 
Particle Shape Factor:| 1
-------------------------------------------------------------------------------
Maxwell Solver:       | CKC 
                      | - collocated grid 
-------------------------------------------------------------------------------
For full input parameters, see the file: warpx_used_inputs

STEP 1 starts ...

 Sustained Performence: 45.536691 TFLOPS 

 Peak Performence: 45.536691 TFLOPS 
[1] RankSort: Skipping rank sort due to minimum interval constraint.
------m_steps_since_last_rank_sort = 1
[1] RankSort: Skipping rank sort due to minimum interval constraint.
------m_steps_since_last_rank_sort = 1
[1] RankSort: Skipping rank sort due to minimum interval constraint.
------m_steps_since_last_rank_sort = 1
[1] RankSort: Skipping rank sort due to minimum interval constraint.
------m_steps_since_last_rank_sort = 1
[1] RankSort: Skipping rank sort due to minimum interval constraint.
------m_steps_since_last_rank_sort = 1
[1] RankSort: Skipping rank sort due to minimum interval constraint.
------m_steps_since_last_rank_sort = 1
[1] RankSort: Skipping rank sort due to minimum interval constraint.
------m_steps_since_last_rank_sort = 1
[1] RankSort: Skipping rank sort due to minimum interval constraint.
------m_steps_since_last_rank_sort = 1
[1] RankSort: Skipping rank sort due to minimum interval constraint.
------m_steps_since_last_rank_sort = 1
[1] RankSort: Skipping rank sort due to minimum interval constraint.
------m_steps_since_last_rank_sort = 1
[1] RankSort: Skipping rank sort due to minimum interval constraint.
------m_steps_since_last_rank_sort = 1
[1] RankSort: Skipping rank sort due to minimum interval constraint.
------m_steps_since_last_rank_sort = 1
[1] RankSort: Skipping rank sort due to minimum interval constraint.
------m_steps_since_last_rank_sort = 1
[1] RankSort: Skipping rank sort due to minimum interval constraint.
------m_steps_since_last_rank_sort = 1
[1] RankSort: Skipping rank sort due to minimum interval constraint.
------m_steps_since_last_rank_sort = 1
arvg_metric: 440854063.409323
[1] RankSort: Skipping rank sort due to minimum interval constraint.
------m_steps_since_last_rank_sort = 1

Unused ParmParse Variables:
  [TOP]::chk.diag_type(nvals = 1)  :: [Full]
  [TOP]::chk.intervals(nvals = 1)  :: [6]
  [TOP]::diag1.diag_type(nvals = 1)  :: [Full]
  [TOP]::diag1.electrons.variables(nvals = 7)  :: [x, y, z, ux, uy, uz, w]
  [TOP]::diag1.fields_to_plot(nvals = 10)  :: [Bx, By, Bz, Ex, Ey, Ez, jx, jy, jz, rho]
  [TOP]::diag1.intervals(nvals = 1)  :: [4]
  [TOP]::warpx.sort_intervals(nvals = 1)  :: [-1]


**** WARNINGS ******************************************************************
* GLOBAL warning list  after  [ FIRST STEP ]
*
* No recorded warnings.
********************************************************************************

STEP 1 ends. TIME = 4.255530363e-16 DT = 4.255530363e-16
Evolve time = 2.206993467 s; This step = 2.206993467 s; Avg. per step = 2.206993467 s

STEP 2 starts ...

 Sustained Performence: 62.885745 TFLOPS 

 Peak Performence: 62.885745 TFLOPS 
[1] RankSort: Skipping rank sort due to minimum interval constraint.
------m_steps_since_last_rank_sort = 2
[1] RankSort: Skipping rank sort due to minimum interval constraint.
------m_steps_since_last_rank_sort = 2
[1] RankSort: Skipping rank sort due to minimum interval constraint.
------m_steps_since_last_rank_sort = 2
[1] RankSort: Skipping rank sort due to minimum interval constraint.
------m_steps_since_last_rank_sort = 2
[1] RankSort: Skipping rank sort due to minimum interval constraint.
------m_steps_since_last_rank_sort = 2
[1] RankSort: Skipping rank sort due to minimum interval constraint.
------m_steps_since_last_rank_sort = 2
[1] RankSort: Skipping rank sort due to minimum interval constraint.
------m_steps_since_last_rank_sort = 2
[1] RankSort: Skipping rank sort due to minimum interval constraint.
------m_steps_since_last_rank_sort = 2
[1] RankSort: Skipping rank sort due to minimum interval constraint.
------m_steps_since_last_rank_sort = 2
[1] RankSort: Skipping rank sort due to minimum interval constraint.
------m_steps_since_last_rank_sort = 2
[1] RankSort: Skipping rank sort due to minimum interval constraint.
------m_steps_since_last_rank_sort = 2
[1] RankSort: Skipping rank sort due to minimum interval constraint.
------m_steps_since_last_rank_sort = 2
[1] RankSort: Skipping rank sort due to minimum interval constraint.
------m_steps_since_last_rank_sort = 2
arvg_metric: 566898221.406183
[1] RankSort: Skipping rank sort due to minimum interval constraint.
------m_steps_since_last_rank_sort = 2
[1] RankSort: Skipping rank sort due to minimum interval constraint.
------m_steps_since_last_rank_sort = 2
[1] RankSort: Skipping rank sort due to minimum interval constraint.
------m_steps_since_last_rank_sort = 2
STEP 2 ends. TIME = 8.511060727e-16 DT = 4.255530363e-16
Evolve time = 3.728166518 s; This step = 1.521173051 s; Avg. per step = 1.864083259 s

STEP 3 starts ...
Segfault
See Backtrace.9.18 file for details
--------------------------------------------------------------------------
MPI_ABORT was invoked on rank 9 in communicator MPI COMMUNICATOR 3 DUP FROM 0
with errorcode 11.

NOTE: invoking MPI_ABORT causes Open MPI to kill all MPI processes.
You may or may not see output from other processes, depending on
exactly when Open MPI kills them.
--------------------------------------------------------------------------
Done!
