Loading bisheng/kml25.0.0/kml
  Loading requirement: /pacific_fs/HPCKit/latest/modulefiles/bisheng/kml25.0.0/kspblas/omp /pacific_fs/HPCKit/latest/modulefiles/bisheng/kml25.0.0/kvml/serial
    /pacific_fs/HPCKit/latest/modulefiles/bisheng/kml25.0.0/kblas/multi
Currently Loaded Modulefiles:
 1) bisheng/compiler4.2.0/bishengmodule   3) /pacific_fs/HPCKit/latest/modulefiles/bisheng/kml25.0.0/kspblas/omp <aL>   5) /pacific_fs/HPCKit/latest/modulefiles/bisheng/kml25.0.0/kblas/multi <aL>  
 2) bisheng/hmpi25.0.0/hmpi               4) /pacific_fs/HPCKit/latest/modulefiles/bisheng/kml25.0.0/kvml/serial <aL>   6) bisheng/kml25.0.0/kml                                                     

Key:
<module-tag>  <aL>=auto-loaded  
Running job !!!!!
Initializing AMReX (24.07)...
MPI initialized with 16 MPI processes
MPI initialized with thread support level 1
OMP initialized with 32 OMP threads
AMReX (24.07) initialized
WarpX (Unknown)

    __        __             __  __
    \ \      / /_ _ _ __ _ __\ \/ /
     \ \ /\ / / _` | '__| '_ \\  /
      \ V  V / (_| | |  | |_) /  \
       \_/\_/ \__,_|_|  | .__/_/\_\
                        |_|

Level 0: dt = 4.255530363e-16 ; dx = 1.5625e-07 ; dy = 3.125e-07 ; dz = 3.125e-07

Grids Summary:
  Level 0   16 grids  4194304 cells  100 % of domain
            smallest grid: 64 x 64 x 64  biggest grid: 64 x 64 x 64

-------------------------------------------------------------------------------
--------------------------- MAIN EM PIC PARAMETERS ----------------------------
-------------------------------------------------------------------------------
Precision:            | DOUBLE
Particle precision:   | DOUBLE
Geometry:             | 3D (XYZ)
Operation mode:       | Electromagnetic
                      | - vacuum
-------------------------------------------------------------------------------
Current Deposition:   | direct 
Particle Pusher:      | Boris 
Charge Deposition:    | standard 
Field Gathering:      | energy-conserving 
Particle Shape Factor:| 1
-------------------------------------------------------------------------------
Maxwell Solver:       | CKC 
                      | - collocated grid 
-------------------------------------------------------------------------------
For full input parameters, see the file: warpx_used_inputs

STEP 1 starts ...

 Sustained Performence: 61.865351 TFLOPS 

 Peak Performence: 61.865351 TFLOPS 
arvg_metric: 490117532.837819

Unused ParmParse Variables:
  [TOP]::chk.diag_type(nvals = 1)  :: [Full]
  [TOP]::chk.intervals(nvals = 1)  :: [6]
  [TOP]::diag1.diag_type(nvals = 1)  :: [Full]
  [TOP]::diag1.electrons.variables(nvals = 7)  :: [x, y, z, ux, uy, uz, w]
  [TOP]::diag1.fields_to_plot(nvals = 10)  :: [Bx, By, Bz, Ex, Ey, Ez, jx, jy, jz, rho]
  [TOP]::diag1.intervals(nvals = 1)  :: [4]
  [TOP]::warpx.sort_intervals(nvals = 1)  :: [-1]


**** WARNINGS ******************************************************************
* GLOBAL warning list  after  [ FIRST STEP ]
*
* No recorded warnings.
********************************************************************************

STEP 1 ends. TIME = 4.255530363e-16 DT = 4.255530363e-16
Evolve time = 0.706959171 s; This step = 0.706959171 s; Avg. per step = 0.706959171 s

STEP 2 starts ...

 Sustained Performence: 72.131153 TFLOPS 

 Peak Performence: 72.131153 TFLOPS 
arvg_metric: 603283656.439256
STEP 2 ends. TIME = 8.511060727e-16 DT = 4.255530363e-16
Evolve time = 0.986352286 s; This step = 0.279393115 s; Avg. per step = 0.493176143 s

STEP 3 starts ...

 Sustained Performence: 73.087095 TFLOPS 

 Peak Performence: 73.087095 TFLOPS 
arvg_metric: 609280351.801624
STEP 3 ends. TIME = 1.276659109e-15 DT = 4.255530363e-16
Evolve time = 1.264579858 s; This step = 0.278227572 s; Avg. per step = 0.4215266193 s

STEP 4 starts ...

 Sustained Performence: 73.690160 TFLOPS 

 Peak Performence: 73.690160 TFLOPS 
arvg_metric: 613737986.490807
STEP 4 ends. TIME = 1.702212145e-15 DT = 4.255530363e-16
Evolve time = 1.540562185 s; This step = 0.275982327 s; Avg. per step = 0.3851405463 s

STEP 5 starts ...

 Sustained Performence: 73.262790 TFLOPS 

 Peak Performence: 73.690160 TFLOPS 
arvg_metric: 613096687.300090
STEP 5 ends. TIME = 2.127765182e-15 DT = 4.255530363e-16
Evolve time = 1.823095927 s; This step = 0.282533742 s; Avg. per step = 0.3646191854 s

STEP 6 starts ...

 Sustained Performence: 74.195479 TFLOPS 

 Peak Performence: 74.195479 TFLOPS 
arvg_metric: 617357404.684014
STEP 6 ends. TIME = 2.553318218e-15 DT = 4.255530363e-16
Evolve time = 2.098022583 s; This step = 0.274926656 s; Avg. per step = 0.3496704305 s

STEP 7 starts ...

 Sustained Performence: 59.949156 TFLOPS 

 Peak Performence: 74.195479 TFLOPS 
arvg_metric: 526635596.893418
STEP 7 ends. TIME = 2.978871254e-15 DT = 4.255530363e-16
Evolve time = 2.41054848 s; This step = 0.312525897 s; Avg. per step = 0.3443640686 s

STEP 8 starts ...

 Sustained Performence: 16.024354 TFLOPS 

 Peak Performence: 74.195479 TFLOPS 
arvg_metric: 167211267.696368
STEP 8 ends. TIME = 3.404424291e-15 DT = 4.255530363e-16
Evolve time = 3.270502652 s; This step = 0.859954172 s; Avg. per step = 0.4088128315 s

STEP 9 starts ...

 Sustained Performence: 64.806850 TFLOPS 

 Peak Performence: 74.195479 TFLOPS 
arvg_metric: 439458338.692714
STEP 9 ends. TIME = 3.829977327e-15 DT = 4.255530363e-16
Evolve time = 3.641729176 s; This step = 0.371226524 s; Avg. per step = 0.4046365751 s

STEP 10 starts ...

 Sustained Performence: 67.256786 TFLOPS 

 Peak Performence: 74.195479 TFLOPS 
arvg_metric: 468962534.105648
STEP 10 ends. TIME = 4.255530363e-15 DT = 4.255530363e-16
Evolve time = 4.009455593 s; This step = 0.367726417 s; Avg. per step = 0.4009455593 s

STEP 11 starts ...

 Sustained Performence: 69.815987 TFLOPS 

 Peak Performence: 74.195479 TFLOPS 
arvg_metric: 326816419.539366
STEP 11 ends. TIME = 4.6810834e-15 DT = 4.255530363e-16
Evolve time = 4.561662319 s; This step = 0.552206726 s; Avg. per step = 0.4146965745 s

STEP 12 starts ...

 Sustained Performence: 63.902802 TFLOPS 

 Peak Performence: 74.195479 TFLOPS 
arvg_metric: 431115526.900085
STEP 12 ends. TIME = 5.106636436e-15 DT = 4.255530363e-16
Evolve time = 5.047584152 s; This step = 0.485921833 s; Avg. per step = 0.4206320127 s

STEP 13 starts ...

 Sustained Performence: 60.332908 TFLOPS 

 Peak Performence: 74.195479 TFLOPS 
arvg_metric: 368196064.757051
STEP 13 ends. TIME = 5.532189472e-15 DT = 4.255530363e-16
Evolve time = 5.595375409 s; This step = 0.547791257 s; Avg. per step = 0.430413493 s

STEP 14 starts ...

 Sustained Performence: 60.921440 TFLOPS 

 Peak Performence: 74.195479 TFLOPS 
arvg_metric: 441017935.492182
STEP 14 ends. TIME = 5.957742509e-15 DT = 4.255530363e-16
Evolve time = 6.059968095 s; This step = 0.464592686 s; Avg. per step = 0.4328548639 s

STEP 15 starts ...

 Sustained Performence: 65.237663 TFLOPS 

 Peak Performence: 74.195479 TFLOPS 
arvg_metric: 298922489.609057
STEP 15 ends. TIME = 6.383295545e-15 DT = 4.255530363e-16
Evolve time = 6.619341116 s; This step = 0.559373021 s; Avg. per step = 0.4412894077 s

STEP 16 starts ...

 Sustained Performence: 73.946605 TFLOPS 

 Peak Performence: 74.195479 TFLOPS 
arvg_metric: 611074168.134496
STEP 16 ends. TIME = 6.808848581e-15 DT = 4.255530363e-16
Evolve time = 6.92120166 s; This step = 0.301860544 s; Avg. per step = 0.4325751038 s

STEP 17 starts ...

 Sustained Performence: 72.740376 TFLOPS 

 Peak Performence: 74.195479 TFLOPS 
arvg_metric: 609868622.501700
STEP 17 ends. TIME = 7.234401618e-15 DT = 4.255530363e-16
Evolve time = 7.19861834 s; This step = 0.27741668 s; Avg. per step = 0.4234481376 s

STEP 18 starts ...

 Sustained Performence: 71.432856 TFLOPS 

 Peak Performence: 74.195479 TFLOPS 
arvg_metric: 604554671.395781
STEP 18 ends. TIME = 7.659954654e-15 DT = 4.255530363e-16
Evolve time = 7.479020907 s; This step = 0.280402567 s; Avg. per step = 0.4155011615 s

STEP 19 starts ...

 Sustained Performence: 15.775629 TFLOPS 

 Peak Performence: 74.195479 TFLOPS 
arvg_metric: 165770193.159128
STEP 19 ends. TIME = 8.08550769e-15 DT = 4.255530363e-16
Evolve time = 8.347018576 s; This step = 0.867997669 s; Avg. per step = 0.4393167672 s

STEP 20 starts ...

 Sustained Performence: 53.798815 TFLOPS 

 Peak Performence: 74.195479 TFLOPS 
arvg_metric: 483588360.574440
STEP 20 ends. TIME = 8.511060727e-15 DT = 4.255530363e-16
Evolve time = 8.683133404 s; This step = 0.336114828 s; Avg. per step = 0.4341566702 s

STEP 21 starts ...

 Sustained Performence: 73.014408 TFLOPS 

 Peak Performence: 74.195479 TFLOPS 
arvg_metric: 611812256.520914
STEP 21 ends. TIME = 8.936613763e-15 DT = 4.255530363e-16
Evolve time = 8.962671569 s; This step = 0.279538165 s; Avg. per step = 0.4267938842 s

STEP 22 starts ...

 Sustained Performence: 73.512585 TFLOPS 

 Peak Performence: 74.195479 TFLOPS 
arvg_metric: 614394248.184600
STEP 22 ends. TIME = 9.362166799e-15 DT = 4.255530363e-16
Evolve time = 9.238761607 s; This step = 0.276090038 s; Avg. per step = 0.4199437094 s

STEP 23 starts ...

 Sustained Performence: 74.430728 TFLOPS 

 Peak Performence: 74.430728 TFLOPS 
arvg_metric: 621491235.151188
STEP 23 ends. TIME = 9.787719836e-15 DT = 4.255530363e-16
Evolve time = 9.513737042 s; This step = 0.274975435 s; Avg. per step = 0.413640741 s

STEP 24 starts ...

 Sustained Performence: 57.118300 TFLOPS 

 Peak Performence: 74.430728 TFLOPS 
arvg_metric: 509364432.706114
STEP 24 ends. TIME = 1.021327287e-14 DT = 4.255530363e-16
Evolve time = 9.834222926 s; This step = 0.320485884 s; Avg. per step = 0.4097592886 s

STEP 25 starts ...

 Sustained Performence: 73.672409 TFLOPS 

 Peak Performence: 74.430728 TFLOPS 
arvg_metric: 617512115.666579
STEP 25 ends. TIME = 1.063882591e-14 DT = 4.255530363e-16
Evolve time = 10.10912468 s; This step = 0.274901755 s; Avg. per step = 0.4043649872 s

STEP 26 starts ...

 Sustained Performence: 73.758665 TFLOPS 

 Peak Performence: 74.430728 TFLOPS 
arvg_metric: 616586753.506973
STEP 26 ends. TIME = 1.106437894e-14 DT = 4.255530363e-16
Evolve time = 10.38488239 s; This step = 0.275757707 s; Avg. per step = 0.3994185534 s

STEP 27 starts ...

 Sustained Performence: 73.746500 TFLOPS 

 Peak Performence: 74.430728 TFLOPS 
arvg_metric: 457625314.908322
STEP 27 ends. TIME = 1.148993198e-14 DT = 4.255530363e-16
Evolve time = 10.73643782 s; This step = 0.351555432 s; Avg. per step = 0.3976458452 s

STEP 28 starts ...

 Sustained Performence: 72.831448 TFLOPS 

 Peak Performence: 74.430728 TFLOPS 
arvg_metric: 609458407.138770
STEP 28 ends. TIME = 1.191548502e-14 DT = 4.255530363e-16
Evolve time = 11.01408749 s; This step = 0.277649671 s; Avg. per step = 0.3933602675 s

STEP 29 starts ...

 Sustained Performence: 72.275621 TFLOPS 

 Peak Performence: 74.430728 TFLOPS 
arvg_metric: 609449575.069040
STEP 29 ends. TIME = 1.234103805e-14 DT = 4.255530363e-16
Evolve time = 11.29201147 s; This step = 0.277923982 s; Avg. per step = 0.389379706 s

STEP 30 starts ...

 Sustained Performence: 74.091024 TFLOPS 

 Peak Performence: 74.430728 TFLOPS 
arvg_metric: 615393743.148392
STEP 30 ends. TIME = 1.276659109e-14 DT = 4.255530363e-16
Evolve time = 11.56775866 s; This step = 0.275747187 s; Avg. per step = 0.3855919553 s

STEP 31 starts ...

 Sustained Performence: 73.414593 TFLOPS 

 Peak Performence: 74.430728 TFLOPS 
arvg_metric: 613099999.906000
STEP 31 ends. TIME = 1.319214413e-14 DT = 4.255530363e-16
Evolve time = 11.84432597 s; This step = 0.276567309 s; Avg. per step = 0.3820750313 s

STEP 32 starts ...

 Sustained Performence: 73.713454 TFLOPS 

 Peak Performence: 74.430728 TFLOPS 
arvg_metric: 616807730.657508
STEP 32 ends. TIME = 1.361769716e-14 DT = 4.255530363e-16
Evolve time = 12.11963962 s; This step = 0.275313646 s; Avg. per step = 0.378738738 s

STEP 33 starts ...

 Sustained Performence: 72.764822 TFLOPS 

 Peak Performence: 74.430728 TFLOPS 
arvg_metric: 611114550.687562
STEP 33 ends. TIME = 1.40432502e-14 DT = 4.255530363e-16
Evolve time = 12.39732424 s; This step = 0.277684621 s; Avg. per step = 0.375676492 s

STEP 34 starts ...

 Sustained Performence: 73.910995 TFLOPS 

 Peak Performence: 74.430728 TFLOPS 
arvg_metric: 159147429.146708
STEP 34 ends. TIME = 1.446880324e-14 DT = 4.255530363e-16
Evolve time = 13.29867434 s; This step = 0.901350101 s; Avg. per step = 0.3911374805 s

STEP 35 starts ...

 Sustained Performence: 73.164785 TFLOPS 

 Peak Performence: 74.430728 TFLOPS 
arvg_metric: 610668733.768084
STEP 35 ends. TIME = 1.489435627e-14 DT = 4.255530363e-16
Evolve time = 13.57787968 s; This step = 0.279205345 s; Avg. per step = 0.3879394195 s

STEP 36 starts ...

 Sustained Performence: 73.577316 TFLOPS 

 Peak Performence: 74.430728 TFLOPS 
arvg_metric: 616689608.145288
STEP 36 ends. TIME = 1.531990931e-14 DT = 4.255530363e-16
Evolve time = 13.85219358 s; This step = 0.274313894 s; Avg. per step = 0.3847831549 s

STEP 37 starts ...

 Sustained Performence: 73.549572 TFLOPS 

 Peak Performence: 74.430728 TFLOPS 
arvg_metric: 614256135.789930
STEP 37 ends. TIME = 1.574546234e-14 DT = 4.255530363e-16
Evolve time = 14.12860968 s; This step = 0.276416108 s; Avg. per step = 0.3818543158 s

STEP 38 starts ...

 Sustained Performence: 73.453777 TFLOPS 

 Peak Performence: 74.430728 TFLOPS 
arvg_metric: 616177163.700046
STEP 38 ends. TIME = 1.617101538e-14 DT = 4.255530363e-16
Evolve time = 14.40386796 s; This step = 0.275258276 s; Avg. per step = 0.3790491568 s

STEP 39 starts ...

 Sustained Performence: 48.039891 TFLOPS 

 Peak Performence: 74.430728 TFLOPS 
arvg_metric: 443909263.976691
STEP 39 ends. TIME = 1.659656842e-14 DT = 4.255530363e-16
Evolve time = 14.8405096 s; This step = 0.436641636 s; Avg. per step = 0.3805258871 s

STEP 40 starts ...

 Sustained Performence: 73.593387 TFLOPS 

 Peak Performence: 74.430728 TFLOPS 
arvg_metric: 612528605.902214
STEP 40 ends. TIME = 1.702212145e-14 DT = 4.255530363e-16
Evolve time = 15.11673858 s; This step = 0.276228988 s; Avg. per step = 0.3779184646 s

STEP 41 starts ...

 Sustained Performence: 72.976898 TFLOPS 

 Peak Performence: 74.430728 TFLOPS 
arvg_metric: 612377085.373344
STEP 41 ends. TIME = 1.744767449e-14 DT = 4.255530363e-16
Evolve time = 15.39374371 s; This step = 0.277005129 s; Avg. per step = 0.3754571637 s

STEP 42 starts ...

 Sustained Performence: 74.290797 TFLOPS 

 Peak Performence: 74.430728 TFLOPS 
arvg_metric: 622637461.053515
STEP 42 ends. TIME = 1.787322753e-14 DT = 4.255530363e-16
Evolve time = 15.6676891 s; This step = 0.273945383 s; Avg. per step = 0.3730402166 s

STEP 43 starts ...

 Sustained Performence: 73.593802 TFLOPS 

 Peak Performence: 74.430728 TFLOPS 
arvg_metric: 615115683.251677
STEP 43 ends. TIME = 1.829878056e-14 DT = 4.255530363e-16
Evolve time = 15.94396055 s; This step = 0.276271458 s; Avg. per step = 0.3707897803 s

STEP 44 starts ...

 Sustained Performence: 32.852040 TFLOPS 

 Peak Performence: 74.430728 TFLOPS 
arvg_metric: 321944550.919270
STEP 44 ends. TIME = 1.87243336e-14 DT = 4.255530363e-16
Evolve time = 16.41768952 s; This step = 0.473728965 s; Avg. per step = 0.3731293073 s

STEP 45 starts ...

 Sustained Performence: 73.632671 TFLOPS 

 Peak Performence: 74.430728 TFLOPS 
arvg_metric: 613523227.105136
STEP 45 ends. TIME = 1.914988663e-14 DT = 4.255530363e-16
Evolve time = 16.69392469 s; This step = 0.276235168 s; Avg. per step = 0.3709761042 s

STEP 46 starts ...

 Sustained Performence: 55.990425 TFLOPS 

 Peak Performence: 74.430728 TFLOPS 
arvg_metric: 498783477.073928
STEP 46 ends. TIME = 1.957543967e-14 DT = 4.255530363e-16
Evolve time = 17.0214394 s; This step = 0.32751471 s; Avg. per step = 0.3700312912 s

STEP 47 starts ...

 Sustained Performence: 74.131926 TFLOPS 

 Peak Performence: 74.430728 TFLOPS 
arvg_metric: 617267970.771109
STEP 47 ends. TIME = 2.000099271e-14 DT = 4.255530363e-16
Evolve time = 17.29658546 s; This step = 0.275146066 s; Avg. per step = 0.3680124567 s

STEP 48 starts ...

 Sustained Performence: 73.730775 TFLOPS 

 Peak Performence: 74.430728 TFLOPS 
arvg_metric: 149379714.748496
STEP 48 ends. TIME = 2.042654574e-14 DT = 4.255530363e-16
Evolve time = 18.25274409 s; This step = 0.95615863 s; Avg. per step = 0.3802655019 s

STEP 49 starts ...

 Sustained Performence: 72.478693 TFLOPS 

 Peak Performence: 74.430728 TFLOPS 
arvg_metric: 609807125.907694
STEP 49 ends. TIME = 2.085209878e-14 DT = 4.255530363e-16
Evolve time = 18.530473 s; This step = 0.277728902 s; Avg. per step = 0.3781729183 s

STEP 50 starts ...

 Sustained Performence: 73.288300 TFLOPS 

 Peak Performence: 74.430728 TFLOPS 
arvg_metric: 615377533.805591
STEP 50 ends. TIME = 2.127765182e-14 DT = 4.255530363e-16
Evolve time = 18.80641975 s; This step = 0.275946758 s; Avg. per step = 0.3761283951 s

STEP 51 starts ...

 Sustained Performence: 54.338265 TFLOPS 

 Peak Performence: 74.430728 TFLOPS 
arvg_metric: 486829434.152238
STEP 51 ends. TIME = 2.170320485e-14 DT = 4.255530363e-16
Evolve time = 19.14053911 s; This step = 0.334119354 s; Avg. per step = 0.3753046884 s

STEP 52 starts ...

 Sustained Performence: 73.662595 TFLOPS 

 Peak Performence: 74.430728 TFLOPS 
arvg_metric: 617734920.679365
STEP 52 ends. TIME = 2.212875789e-14 DT = 4.255530363e-16
Evolve time = 19.41455082 s; This step = 0.274011713 s; Avg. per step = 0.3733567465 s

STEP 53 starts ...

 Sustained Performence: 71.701781 TFLOPS 

 Peak Performence: 74.430728 TFLOPS 
arvg_metric: 499921535.324717
STEP 53 ends. TIME = 2.255431093e-14 DT = 4.255530363e-16
Evolve time = 19.74018107 s; This step = 0.325630245 s; Avg. per step = 0.3724562465 s

STEP 54 starts ...

 Sustained Performence: 73.833375 TFLOPS 

 Peak Performence: 74.430728 TFLOPS 
arvg_metric: 619729107.062256
STEP 54 ends. TIME = 2.297986396e-14 DT = 4.255530363e-16
Evolve time = 20.01433346 s; This step = 0.274152394 s; Avg. per step = 0.3706358048 s

STEP 55 starts ...

 Sustained Performence: 73.145038 TFLOPS 

 Peak Performence: 74.430728 TFLOPS 
arvg_metric: 612452201.717412
STEP 55 ends. TIME = 2.3405417e-14 DT = 4.255530363e-16
Evolve time = 20.29103515 s; This step = 0.276701689 s; Avg. per step = 0.3689279118 s

STEP 56 starts ...

 Sustained Performence: 74.013830 TFLOPS 

 Peak Performence: 74.430728 TFLOPS 
arvg_metric: 615560965.627520
STEP 56 ends. TIME = 2.383097003e-14 DT = 4.255530363e-16
Evolve time = 20.56893972 s; This step = 0.277904572 s; Avg. per step = 0.367302495 s

STEP 57 starts ...

 Sustained Performence: 73.409293 TFLOPS 

 Peak Performence: 74.430728 TFLOPS 
arvg_metric: 615215748.648646
STEP 57 ends. TIME = 2.425652307e-14 DT = 4.255530363e-16
Evolve time = 20.95661638 s; This step = 0.38767666 s; Avg. per step = 0.3676599365 s

STEP 58 starts ...

 Sustained Performence: 72.281063 TFLOPS 

 Peak Performence: 74.430728 TFLOPS 
arvg_metric: 609162737.143538
STEP 58 ends. TIME = 2.468207611e-14 DT = 4.255530363e-16
Evolve time = 21.23696173 s; This step = 0.280345347 s; Avg. per step = 0.3661545125 s

STEP 59 starts ...

 Sustained Performence: 74.138099 TFLOPS 

 Peak Performence: 74.430728 TFLOPS 
arvg_metric: 618106044.151565
STEP 59 ends. TIME = 2.510762914e-14 DT = 4.255530363e-16
Evolve time = 21.51039819 s; This step = 0.273436462 s; Avg. per step = 0.3645830202 s

STEP 60 starts ...

 Sustained Performence: 72.943941 TFLOPS 

 Peak Performence: 74.430728 TFLOPS 
arvg_metric: 611022477.688254
STEP 60 ends. TIME = 2.553318218e-14 DT = 4.255530363e-16
Evolve time = 21.78737337 s; This step = 0.27697518 s; Avg. per step = 0.3631228895 s

STEP 61 starts ...

 Sustained Performence: 73.371567 TFLOPS 

 Peak Performence: 74.430728 TFLOPS 
arvg_metric: 617456196.904184
STEP 61 ends. TIME = 2.595873522e-14 DT = 4.255530363e-16
Evolve time = 22.06212128 s; This step = 0.274747914 s; Avg. per step = 0.3616741194 s

STEP 62 starts ...

 Sustained Performence: 73.948909 TFLOPS 

 Peak Performence: 74.430728 TFLOPS 
arvg_metric: 617293859.731861
STEP 62 ends. TIME = 2.638428825e-14 DT = 4.255530363e-16
Evolve time = 22.33717687 s; This step = 0.275055585 s; Avg. per step = 0.3602770463 s

STEP 63 starts ...

 Sustained Performence: 69.602848 TFLOPS 

 Peak Performence: 74.430728 TFLOPS 
arvg_metric: 149557217.913454
STEP 63 ends. TIME = 2.680984129e-14 DT = 4.255530363e-16
Evolve time = 23.29244609 s; This step = 0.955269218 s; Avg. per step = 0.3697213664 s

STEP 64 starts ...

 Sustained Performence: 72.866808 TFLOPS 

 Peak Performence: 74.430728 TFLOPS 
arvg_metric: 610010822.463496
STEP 64 ends. TIME = 2.723539432e-14 DT = 4.255530363e-16
Evolve time = 23.57199951 s; This step = 0.279553425 s; Avg. per step = 0.3683124924 s

STEP 65 starts ...

 Sustained Performence: 73.831290 TFLOPS 

 Peak Performence: 74.430728 TFLOPS 
arvg_metric: 616438556.913295
STEP 65 ends. TIME = 2.766094736e-14 DT = 4.255530363e-16
Evolve time = 23.84748827 s; This step = 0.275488756 s; Avg. per step = 0.3668844349 s

STEP 66 starts ...

 Sustained Performence: 71.088074 TFLOPS 

 Peak Performence: 74.430728 TFLOPS 
arvg_metric: 601493609.915169
STEP 66 ends. TIME = 2.80865004e-14 DT = 4.255530363e-16
Evolve time = 24.12784931 s; This step = 0.280361047 s; Avg. per step = 0.3655734745 s

STEP 67 starts ...

 Sustained Performence: 74.717364 TFLOPS 

 Peak Performence: 74.717364 TFLOPS 
arvg_metric: 619669770.075902
STEP 67 ends. TIME = 2.851205343e-14 DT = 4.255530363e-16
Evolve time = 24.40210693 s; This step = 0.274257614 s; Avg. per step = 0.3642105512 s

STEP 68 starts ...

 Sustained Performence: 54.682259 TFLOPS 

 Peak Performence: 74.717364 TFLOPS 
arvg_metric: 492225391.775770
STEP 68 ends. TIME = 2.893760647e-14 DT = 4.255530363e-16
Evolve time = 24.73249426 s; This step = 0.330387335 s; Avg. per step = 0.3637131509 s

STEP 69 starts ...

 Sustained Performence: 73.425690 TFLOPS 

 Peak Performence: 74.717364 TFLOPS 
arvg_metric: 611671952.619843
STEP 69 ends. TIME = 2.936315951e-14 DT = 4.255530363e-16
Evolve time = 25.00937103 s; This step = 0.276876769 s; Avg. per step = 0.3624546526 s

STEP 70 starts ...

 Sustained Performence: 74.142175 TFLOPS 

 Peak Performence: 74.717364 TFLOPS 
arvg_metric: 463583106.579287
STEP 70 ends. TIME = 2.978871254e-14 DT = 4.255530363e-16
Evolve time = 25.35640097 s; This step = 0.347029941 s; Avg. per step = 0.3622342996 s

STEP 71 starts ...

 Sustained Performence: 73.417758 TFLOPS 

 Peak Performence: 74.717364 TFLOPS 
arvg_metric: 612215205.664326
STEP 71 ends. TIME = 3.021426558e-14 DT = 4.255530363e-16
Evolve time = 25.633277 s; This step = 0.276876029 s; Avg. per step = 0.3610320705 s

STEP 72 starts ...

 Sustained Performence: 72.983837 TFLOPS 

 Peak Performence: 74.717364 TFLOPS 
arvg_metric: 612016224.617218
STEP 72 ends. TIME = 3.063981862e-14 DT = 4.255530363e-16
Evolve time = 25.91223028 s; This step = 0.278953274 s; Avg. per step = 0.3598920872 s

STEP 73 starts ...

 Sustained Performence: 73.760018 TFLOPS 

 Peak Performence: 74.717364 TFLOPS 
arvg_metric: 570373242.873042
STEP 73 ends. TIME = 3.106537165e-14 DT = 4.255530363e-16
Evolve time = 26.2278459 s; This step = 0.315615623 s; Avg. per step = 0.3592855603 s

STEP 74 starts ...

 Sustained Performence: 74.269939 TFLOPS 

 Peak Performence: 74.717364 TFLOPS 
arvg_metric: 615288160.803207
STEP 74 ends. TIME = 3.149092469e-14 DT = 4.255530363e-16
Evolve time = 26.50361742 s; This step = 0.275771517 s; Avg. per step = 0.3581569921 s

STEP 75 starts ...

 Sustained Performence: 73.783209 TFLOPS 

 Peak Performence: 74.717364 TFLOPS 
arvg_metric: 617014137.100705
STEP 75 ends. TIME = 3.191647772e-14 DT = 4.255530363e-16
Evolve time = 26.77839798 s; This step = 0.274780565 s; Avg. per step = 0.3570453064 s

STEP 76 starts ...

 Sustained Performence: 73.367910 TFLOPS 

 Peak Performence: 74.717364 TFLOPS 
arvg_metric: 614347862.995501
STEP 76 ends. TIME = 3.234203076e-14 DT = 4.255530363e-16
Evolve time = 27.05434596 s; This step = 0.275947977 s; Avg. per step = 0.3559782363 s

STEP 77 starts ...

 Sustained Performence: 73.824809 TFLOPS 

 Peak Performence: 74.717364 TFLOPS 
arvg_metric: 619038943.231575
STEP 77 ends. TIME = 3.27675838e-14 DT = 4.255530363e-16
Evolve time = 27.39442545 s; This step = 0.340079496 s; Avg. per step = 0.3557717591 s

STEP 78 starts ...

 Sustained Performence: 15.835396 TFLOPS 

 Peak Performence: 74.717364 TFLOPS 
arvg_metric: 166348517.338393
STEP 78 ends. TIME = 3.319313683e-14 DT = 4.255530363e-16
Evolve time = 28.27619939 s; This step = 0.881773939 s; Avg. per step = 0.3625153768 s

STEP 79 starts ...

 Sustained Performence: 73.887598 TFLOPS 

 Peak Performence: 74.717364 TFLOPS 
arvg_metric: 612796735.958729
STEP 79 ends. TIME = 3.361868987e-14 DT = 4.255530363e-16
Evolve time = 28.55499907 s; This step = 0.278799674 s; Avg. per step = 0.3614556844 s

STEP 80 starts ...

 Sustained Performence: 74.282077 TFLOPS 

 Peak Performence: 74.717364 TFLOPS 
arvg_metric: 620782819.774107
STEP 80 ends. TIME = 3.404424291e-14 DT = 4.255530363e-16
Evolve time = 28.82921495 s; This step = 0.274215884 s; Avg. per step = 0.3603651869 s

STEP 81 starts ...

 Sustained Performence: 73.849792 TFLOPS 

 Peak Performence: 74.717364 TFLOPS 
arvg_metric: 617634777.948202
STEP 81 ends. TIME = 3.446979594e-14 DT = 4.255530363e-16
Evolve time = 29.10385077 s; This step = 0.274635815 s; Avg. per step = 0.3593067996 s

STEP 82 starts ...

 Sustained Performence: 74.192140 TFLOPS 

 Peak Performence: 74.717364 TFLOPS 
arvg_metric: 615793229.949719
STEP 82 ends. TIME = 3.489534898e-14 DT = 4.255530363e-16
Evolve time = 29.45603826 s; This step = 0.352187493 s; Avg. per step = 0.3592199788 s

STEP 83 starts ...

 Sustained Performence: 45.344999 TFLOPS 

 Peak Performence: 74.717364 TFLOPS 
arvg_metric: 422943170.012385
STEP 83 ends. TIME = 3.532090202e-14 DT = 4.255530363e-16
Evolve time = 29.82997434 s; This step = 0.37393608 s; Avg. per step = 0.3593972812 s

STEP 84 starts ...

 Sustained Performence: 73.199157 TFLOPS 

 Peak Performence: 74.717364 TFLOPS 
arvg_metric: 612790032.178331
STEP 84 ends. TIME = 3.574645505e-14 DT = 4.255530363e-16
Evolve time = 30.10676746 s; This step = 0.276793119 s; Avg. per step = 0.3584138983 s

STEP 85 starts ...

 Sustained Performence: 73.654343 TFLOPS 

 Peak Performence: 74.717364 TFLOPS 
arvg_metric: 535167282.861574
STEP 85 ends. TIME = 3.617200809e-14 DT = 4.255530363e-16
Evolve time = 30.41646023 s; This step = 0.30969277 s; Avg. per step = 0.3578407086 s

STEP 86 starts ...

 Sustained Performence: 73.718010 TFLOPS 

 Peak Performence: 74.717364 TFLOPS 
arvg_metric: 613861617.998748
STEP 86 ends. TIME = 3.659756112e-14 DT = 4.255530363e-16
Evolve time = 30.69342914 s; This step = 0.27696891 s; Avg. per step = 0.3569003388 s

STEP 87 starts ...

 Sustained Performence: 73.640329 TFLOPS 

 Peak Performence: 74.717364 TFLOPS 
arvg_metric: 612015428.923424
STEP 87 ends. TIME = 3.702311416e-14 DT = 4.255530363e-16
Evolve time = 30.97082785 s; This step = 0.277398711 s; Avg. per step = 0.355986527 s

STEP 88 starts ...

 Sustained Performence: 73.244309 TFLOPS 

 Peak Performence: 74.717364 TFLOPS 
arvg_metric: 614566751.699829
STEP 88 ends. TIME = 3.74486672e-14 DT = 4.255530363e-16
Evolve time = 31.24689913 s; This step = 0.276071278 s; Avg. per step = 0.3550783992 s

STEP 89 starts ...

 Sustained Performence: 70.834724 TFLOPS 

 Peak Performence: 74.717364 TFLOPS 
arvg_metric: 444421441.155541
STEP 89 ends. TIME = 3.787422023e-14 DT = 4.255530363e-16
Evolve time = 31.60666659 s; This step = 0.359767459 s; Avg. per step = 0.3551310852 s

STEP 90 starts ...

 Sustained Performence: 73.080538 TFLOPS 

 Peak Performence: 74.717364 TFLOPS 
arvg_metric: 608588236.980914
STEP 90 ends. TIME = 3.829977327e-14 DT = 4.255530363e-16
Evolve time = 31.88485205 s; This step = 0.278185462 s; Avg. per step = 0.3542761339 s

STEP 91 starts ...

 Sustained Performence: 73.783475 TFLOPS 

 Peak Performence: 74.717364 TFLOPS 
arvg_metric: 616807500.577076
STEP 91 ends. TIME = 3.872532631e-14 DT = 4.255530363e-16
Evolve time = 32.15965832 s; This step = 0.274806275 s; Avg. per step = 0.3534028387 s

STEP 92 starts ...

 Sustained Performence: 73.786237 TFLOPS 

 Peak Performence: 74.717364 TFLOPS 
arvg_metric: 615391281.403112
STEP 92 ends. TIME = 3.915087934e-14 DT = 4.255530363e-16
Evolve time = 32.45514548 s; This step = 0.295487159 s; Avg. per step = 0.3527733205 s

STEP 93 starts ...

 Sustained Performence: 18.963518 TFLOPS 

 Peak Performence: 74.717364 TFLOPS 
arvg_metric: 196707765.419271
STEP 93 ends. TIME = 3.957643238e-14 DT = 4.255530363e-16
Evolve time = 33.20822164 s; This step = 0.75307616 s; Avg. per step = 0.3570776521 s

STEP 94 starts ...

 Sustained Performence: 74.086889 TFLOPS 

 Peak Performence: 74.717364 TFLOPS 
arvg_metric: 617804933.779209
STEP 94 ends. TIME = 4.000198541e-14 DT = 4.255530363e-16
Evolve time = 33.4829912 s; This step = 0.274769555 s; Avg. per step = 0.356202034 s

STEP 95 starts ...

 Sustained Performence: 72.978033 TFLOPS 

 Peak Performence: 74.717364 TFLOPS 
arvg_metric: 609396278.605159
STEP 95 ends. TIME = 4.042753845e-14 DT = 4.255530363e-16
Evolve time = 33.76068018 s; This step = 0.277688981 s; Avg. per step = 0.3553755808 s

STEP 96 starts ...

 Sustained Performence: 72.907413 TFLOPS 

 Peak Performence: 74.717364 TFLOPS 
arvg_metric: 611345783.650967
STEP 96 ends. TIME = 4.085309149e-14 DT = 4.255530363e-16
Evolve time = 34.03792157 s; This step = 0.27724139 s; Avg. per step = 0.354561683 s

STEP 97 starts ...

 Sustained Performence: 73.698782 TFLOPS 

 Peak Performence: 74.717364 TFLOPS 
arvg_metric: 617778451.723929
STEP 97 ends. TIME = 4.127864452e-14 DT = 4.255530363e-16
Evolve time = 34.31288196 s; This step = 0.274960396 s; Avg. per step = 0.3537410512 s

STEP 98 starts ...

 Sustained Performence: 73.751446 TFLOPS 

 Peak Performence: 74.717364 TFLOPS 
arvg_metric: 535703470.582532
STEP 98 ends. TIME = 4.170419756e-14 DT = 4.255530363e-16
Evolve time = 34.67341767 s; This step = 0.360535701 s; Avg. per step = 0.3538103843 s

STEP 99 starts ...

 Sustained Performence: 71.039714 TFLOPS 

 Peak Performence: 74.717364 TFLOPS 
arvg_metric: 601083207.148567
STEP 99 ends. TIME = 4.21297506e-14 DT = 4.255530363e-16
Evolve time = 34.95283328 s; This step = 0.279415615 s; Avg. per step = 0.353058922 s

STEP 100 starts ...

 Sustained Performence: 73.451377 TFLOPS 

 Peak Performence: 74.717364 TFLOPS 
arvg_metric: 615981720.329243
STEP 100 ends. TIME = 4.255530363e-14 DT = 4.255530363e-16
Evolve time = 35.29910644 s; This step = 0.34627316 s; Avg. per step = 0.3529910644 s


**** WARNINGS ******************************************************************
* GLOBAL warning list  after  [ THE END ]
*
* No recorded warnings.
********************************************************************************

Total Time                     : 40.39667456


TinyProfiler total time across processes [min...avg...max]: 40.39 ... 40.39 ... 40.4

----------------------------------------------------------------------------------------------------------
Name                                                       NCalls  Excl. Min  Excl. Avg  Excl. Max   Max %
----------------------------------------------------------------------------------------------------------
FabArray::ParallelCopy_finish()                               300      3.488      6.623      8.024  19.86%
PhysicalParticleContainer::Evolve::GatherAndPush             1506      7.105       7.19      7.281  18.02%
WarpX::OneStep_nosub()                                        100      2.651      3.364      6.936  17.17%
[1] USER SME_sortanrpre                                      1506       3.61      3.934      4.174  10.33%
PhysicalParticleContainer::AddPlasma()                          1       3.51      3.551      3.723   9.22%
FillBoundary_finish()                                        1207      1.997       2.57      3.074   7.61%
PhysicalParticleContainer::Evolve()                           100     0.7664      1.073      2.807   6.95%
ParticleContainer::RedistributeCPU()                          102      2.344      2.427      2.752   6.81%
WarpX::Evolve::step                                           100      2.571      2.601      2.649   6.56%
[2] USER SME_kernal                                          1506      1.392       1.52      1.616   4.00%
[0] USER doDepositionShapeN_special()                        1506      0.854      1.094      1.331   3.30%
Filter::ApplyStencil(MultiFab)                                300     0.2198      0.314      1.043   2.58%
ParticleContainer::RedistributeMPI()                          102     0.1763     0.7155     0.9501   2.35%
WarpXParticleContainer::DepositCurrent::CurrentDeposition    1506     0.5121      0.643     0.7874   1.95%
main()                                                          1    0.04878    0.09285     0.6896   1.71%
DistributionMapping::LeastUsedCPUs()                            1  0.0001152     0.6034     0.6439   1.59%
FillBoundary_nowait()                                        1207     0.4281     0.5221     0.6412   1.59%
WarpXParticleContainer::SortParticlesByBin()                    1     0.4896     0.5077     0.5248   1.30%
DenseBins<T>::buildOpenMP                                     512    0.05641    0.08601     0.2529   0.63%
WarpXParticleContainer::DepositCurrent::Accumulate           1506     0.1534      0.175     0.1931   0.48%
FabArray::setVal()                                            622     0.1109     0.1408      0.171   0.42%
FabArray::ParallelCopy_nowait()                               300     0.1132     0.1371      0.165   0.41%
[3] USER SME_post                                            1506    0.09991     0.1244     0.1477   0.37%
PhysicalParticleContainer::PushP()                              2     0.1267     0.1287     0.1297   0.32%
WarpX::EvolveE()                                              100    0.03408     0.0448     0.1266   0.31%
ablastr::utils::communication::FillBoundary                  1206     0.0168    0.01929    0.02115   0.05%
WarpX::SyncCurrent()                                          100    0.01414     0.0173    0.02016   0.05%
FabArray<FAB>::SumBoundary_nowait()                           300   0.006008   0.007207    0.01043   0.03%
WarpX::InitData()                                               1  0.0007775   0.001381   0.008149   0.02%
FabArray<FAB>::SumBoundary_finish()                           300   0.004679   0.006032   0.007901   0.02%
FabArray::FillBoundary()                                      607   0.005199   0.005917   0.007172   0.02%
FillBoundaryAndSync_finish()                                  600   0.001932   0.002777   0.004334   0.01%
FabArray::FillBoundaryAndSync()                               600   0.002375   0.003101   0.004168   0.01%
FabArray<FAB>::SumBoundary()                                  300   0.001645   0.002358   0.003989   0.01%
FillBoundaryAndSync_nowait()                                  600    0.00182   0.002492   0.003114   0.01%
ablastr::utils::communication::SumBoundary                    300  0.0008678  0.0009705   0.001183   0.00%
WarpX::Evolve()                                                 1  0.0004125   0.000632  0.0008741   0.00%
REG::WarpX::Evolve()                                            1  1.928e-05  2.789e-05  8.743e-05   0.00%
PhysicalParticleContainer::AddParticles()                       2  3.518e-05  4.866e-05  6.938e-05   0.00%
DistributionMapping::SFCProcessorMapDoIt()                      1  1.947e-05  2.742e-05  4.177e-05   0.00%
AmrMesh::MakeDistributionMap()                                  1   5.09e-06  9.227e-06  1.279e-05   0.00%
Other                                                        4728     0.1203     0.1417     0.2327   0.58%
----------------------------------------------------------------------------------------------------------

----------------------------------------------------------------------------------------------------------
Name                                                       NCalls  Incl. Min  Incl. Avg  Incl. Max   Max %
----------------------------------------------------------------------------------------------------------
main()                                                          1      40.39      40.39       40.4 100.00%
REG::WarpX::Evolve()                                            1      35.12      35.29      35.33  87.46%
WarpX::Evolve()                                                 1      35.12      35.29      35.33  87.46%
WarpX::Evolve::step                                           100      35.12      35.29      35.33  87.46%
WarpX::OneStep_nosub()                                        100      28.03      28.07      28.12  69.62%
PhysicalParticleContainer::Evolve()                           100         15      15.75      17.24  42.68%
WarpX::SyncCurrent()                                          100      4.017      7.178      8.493  21.03%
ablastr::utils::communication::SumBoundary                    300      3.682      6.814      8.211  20.33%
FabArray<FAB>::SumBoundary()                                  300      3.682      6.813       8.21  20.32%
FabArray<FAB>::SumBoundary_finish()                           300      3.495      6.629      8.029  19.87%
FabArray::ParallelCopy_finish()                               300      3.488      6.623      8.024  19.86%
WarpXParticleContainer::DepositCurrent::CurrentDeposition    1506      6.744      7.316      7.708  19.08%
PhysicalParticleContainer::Evolve::GatherAndPush             1506      7.105       7.19      7.281  18.02%
[0] USER doDepositionShapeN_special()                        1506      6.213      6.672      6.951  17.21%
WarpX::InitData()                                               1      4.366      5.011      5.218  12.92%
[1] USER SME_sortanrpre                                      1506       3.61      3.934      4.174  10.33%
PhysicalParticleContainer::AddParticles()                       2       3.51      3.551      3.723   9.22%
PhysicalParticleContainer::AddPlasma()                          1       3.51      3.551      3.723   9.22%
ablastr::utils::communication::FillBoundary                  1206      2.592      3.092      3.571   8.84%
ParticleContainer::RedistributeCPU()                          102      2.946      3.219      3.415   8.45%
FillBoundary_finish()                                        1207      1.997       2.57      3.074   7.61%
FabArray::FillBoundaryAndSync()                               600      1.299      1.626      2.032   5.03%
FillBoundaryAndSync_finish()                                  600      1.055      1.389      1.825   4.52%
FabArray::FillBoundary()                                      607      1.275      1.486      1.652   4.09%
[2] USER SME_kernal                                          1506      1.392       1.52      1.616   4.00%
Filter::ApplyStencil(MultiFab)                                300     0.2198      0.314      1.043   2.58%
ParticleContainer::RedistributeMPI()                          102     0.1767     0.7159     0.9506   2.35%
WarpXParticleContainer::SortParticlesByBin()                    1     0.5526     0.5937     0.7602   1.88%
FillBoundary_nowait()                                        1207     0.4342     0.5285     0.6477   1.60%
AmrMesh::MakeDistributionMap()                                  1  0.0001519     0.6034     0.6439   1.59%
DistributionMapping::SFCProcessorMapDoIt()                      1  0.0001435     0.6034     0.6439   1.59%
DistributionMapping::LeastUsedCPUs()                            1  0.0001152     0.6034     0.6439   1.59%
FillBoundaryAndSync_nowait()                                  600     0.2018     0.2348     0.3605   0.89%
DenseBins<T>::buildOpenMP                                     512    0.05641    0.08601     0.2529   0.63%
FabArray<FAB>::SumBoundary_nowait()                           300     0.1543     0.1816     0.2167   0.54%
WarpXParticleContainer::DepositCurrent::Accumulate           1506     0.1534      0.175     0.1931   0.48%
FabArray::setVal()                                            622     0.1109     0.1408      0.171   0.42%
FabArray::ParallelCopy_nowait()                               300     0.1153     0.1393     0.1675   0.41%
[3] USER SME_post                                            1506    0.09991     0.1244     0.1477   0.37%
PhysicalParticleContainer::PushP()                              2     0.1267     0.1287     0.1297   0.32%
WarpX::EvolveE()                                              100    0.03408     0.0448     0.1266   0.31%
Other                                                        4728     0.1753     0.2448     0.3925   0.97%
----------------------------------------------------------------------------------------------------------



BEGIN REGION WarpX::Evolve()

----------------------------------------------------------------------------------------------------------
Name                                                       NCalls  Excl. Min  Excl. Avg  Excl. Max   Max %
----------------------------------------------------------------------------------------------------------
FabArray::ParallelCopy_finish()                               300      3.488      6.623      8.024  19.86%
PhysicalParticleContainer::Evolve::GatherAndPush             1506      7.105       7.19      7.281  18.02%
WarpX::OneStep_nosub()                                        100      2.651      3.364      6.936  17.17%
[1] USER SME_sortanrpre                                      1506       3.61      3.934      4.174  10.33%
FillBoundary_finish()                                        1207      1.997       2.57      3.074   7.61%
PhysicalParticleContainer::Evolve()                           100     0.7664      1.073      2.807   6.95%
ParticleContainer::RedistributeCPU()                          100      2.315      2.398      2.723   6.74%
WarpX::Evolve::step                                           100      2.571      2.601      2.649   6.56%
[2] USER SME_kernal                                          1506      1.392       1.52      1.616   4.00%
[0] USER doDepositionShapeN_special()                        1506      0.854      1.094      1.331   3.30%
Filter::ApplyStencil(MultiFab)                                300     0.2198      0.314      1.043   2.58%
WarpXParticleContainer::DepositCurrent::CurrentDeposition    1506     0.5121      0.643     0.7874   1.95%
ParticleContainer::RedistributeMPI()                          100     0.1757      0.548     0.7344   1.82%
FillBoundary_nowait()                                        1207     0.4281     0.5221     0.6412   1.59%
WarpXParticleContainer::DepositCurrent::Accumulate           1506     0.1534      0.175     0.1931   0.48%
FabArray::ParallelCopy_nowait()                               300     0.1132     0.1371      0.165   0.41%
[3] USER SME_post                                            1506    0.09991     0.1244     0.1477   0.37%
PhysicalParticleContainer::PushP()                              2     0.1267     0.1287     0.1297   0.32%
WarpX::EvolveE()                                              100    0.03408     0.0448     0.1266   0.31%
FabArray::setVal()                                            601     0.0658    0.07562     0.1238   0.31%
ablastr::utils::communication::FillBoundary                  1206     0.0168    0.01929    0.02115   0.05%
WarpX::SyncCurrent()                                          100    0.01414     0.0173    0.02016   0.05%
FabArray<FAB>::SumBoundary_nowait()                           300   0.006008   0.007207    0.01043   0.03%
FabArray<FAB>::SumBoundary_finish()                           300   0.004679   0.006032   0.007901   0.02%
FabArray::FillBoundary()                                      607   0.005199   0.005917   0.007172   0.02%
FillBoundaryAndSync_finish()                                  600   0.001932   0.002777   0.004334   0.01%
FabArray::FillBoundaryAndSync()                               600   0.002375   0.003101   0.004168   0.01%
FabArray<FAB>::SumBoundary()                                  300   0.001645   0.002358   0.003989   0.01%
FillBoundaryAndSync_nowait()                                  600    0.00182   0.002492   0.003114   0.01%
ablastr::utils::communication::SumBoundary                    300  0.0008678  0.0009705   0.001183   0.00%
WarpX::Evolve()                                                 1  0.0004125   0.000632  0.0008741   0.00%
REG::WarpX::Evolve()                                            1  1.928e-05  2.789e-05  8.743e-05   0.00%
Other                                                        4725     0.1203     0.1417     0.2327   0.58%
----------------------------------------------------------------------------------------------------------

----------------------------------------------------------------------------------------------------------
Name                                                       NCalls  Incl. Min  Incl. Avg  Incl. Max   Max %
----------------------------------------------------------------------------------------------------------
REG::WarpX::Evolve()                                            1      35.12      35.29      35.33  87.46%
WarpX::Evolve()                                                 1      35.12      35.29      35.33  87.46%
WarpX::Evolve::step                                           100      35.12      35.29      35.33  87.46%
WarpX::OneStep_nosub()                                        100      28.03      28.07      28.12  69.62%
PhysicalParticleContainer::Evolve()                           100         15      15.75      17.24  42.68%
WarpX::SyncCurrent()                                          100      4.017      7.178      8.493  21.03%
ablastr::utils::communication::SumBoundary                    300      3.682      6.814      8.211  20.33%
FabArray<FAB>::SumBoundary()                                  300      3.682      6.813       8.21  20.32%
FabArray<FAB>::SumBoundary_finish()                           300      3.495      6.629      8.029  19.87%
FabArray::ParallelCopy_finish()                               300      3.488      6.623      8.024  19.86%
WarpXParticleContainer::DepositCurrent::CurrentDeposition    1506      6.744      7.316      7.708  19.08%
PhysicalParticleContainer::Evolve::GatherAndPush             1506      7.105       7.19      7.281  18.02%
[0] USER doDepositionShapeN_special()                        1506      6.213      6.672      6.951  17.21%
[1] USER SME_sortanrpre                                      1506       3.61      3.934      4.174  10.33%
ablastr::utils::communication::FillBoundary                  1206      2.592      3.092      3.571   8.84%
ParticleContainer::RedistributeCPU()                          100      2.894      3.023      3.164   7.83%
FillBoundary_finish()                                        1207      1.997       2.57      3.074   7.61%
FabArray::FillBoundaryAndSync()                               600      1.299      1.626      2.032   5.03%
FillBoundaryAndSync_finish()                                  600      1.055      1.389      1.825   4.52%
FabArray::FillBoundary()                                      607      1.275      1.486      1.652   4.09%
[2] USER SME_kernal                                          1506      1.392       1.52      1.616   4.00%
Filter::ApplyStencil(MultiFab)                                300     0.2198      0.314      1.043   2.58%
ParticleContainer::RedistributeMPI()                          100     0.1761     0.5484     0.7348   1.82%
FillBoundary_nowait()                                        1207     0.4342     0.5285     0.6477   1.60%
FillBoundaryAndSync_nowait()                                  600     0.2018     0.2348     0.3605   0.89%
FabArray<FAB>::SumBoundary_nowait()                           300     0.1543     0.1816     0.2167   0.54%
WarpXParticleContainer::DepositCurrent::Accumulate           1506     0.1534      0.175     0.1931   0.48%
FabArray::ParallelCopy_nowait()                               300     0.1153     0.1393     0.1675   0.41%
[3] USER SME_post                                            1506    0.09991     0.1244     0.1477   0.37%
PhysicalParticleContainer::PushP()                              2     0.1267     0.1287     0.1297   0.32%
WarpX::EvolveE()                                              100    0.03408     0.0448     0.1266   0.31%
FabArray::setVal()                                            601     0.0658    0.07562     0.1238   0.31%
Other                                                        4725     0.1753     0.2448     0.3925   0.97%
----------------------------------------------------------------------------------------------------------

END REGION WarpX::Evolve()
Unused ParmParse Variables:
  [TOP]::chk.diag_type(nvals = 1)  :: [Full]
  [TOP]::chk.intervals(nvals = 1)  :: [6]
  [TOP]::diag1.diag_type(nvals = 1)  :: [Full]
  [TOP]::diag1.electrons.variables(nvals = 7)  :: [x, y, z, ux, uy, uz, w]
  [TOP]::diag1.fields_to_plot(nvals = 10)  :: [Bx, By, Bz, Ex, Ey, Ez, jx, jy, jz, rho]
  [TOP]::diag1.intervals(nvals = 1)  :: [4]
  [TOP]::warpx.sort_intervals(nvals = 1)  :: [-1]

Pinned Memory Usage:
---------------------------------------------------------------------------------------------------------------------
Name                            Nalloc  Nfree  AvgMem min  AvgMem avg  AvgMem max  MaxMem min  MaxMem avg  MaxMem max
---------------------------------------------------------------------------------------------------------------------
The_Pinned_Arena::Initialize()      16     16     355   B     404   B     514   B    8192 KiB    8192 KiB    8192 KiB
main()                             928    928     601   B     606   B     607   B     608   B     608   B     608   B
---------------------------------------------------------------------------------------------------------------------

AMReX (24.07) finalized
Done!
