Loading bisheng/kml25.0.0/kml
  Loading requirement: /pacific_fs/HPCKit/latest/modulefiles/bisheng/kml25.0.0/kspblas/omp /pacific_fs/HPCKit/latest/modulefiles/bisheng/kml25.0.0/kvml/serial
    /pacific_fs/HPCKit/latest/modulefiles/bisheng/kml25.0.0/kblas/multi
Currently Loaded Modulefiles:
 1) bisheng/compiler4.2.0/bishengmodule   3) /pacific_fs/HPCKit/latest/modulefiles/bisheng/kml25.0.0/kspblas/omp <aL>   5) /pacific_fs/HPCKit/latest/modulefiles/bisheng/kml25.0.0/kblas/multi <aL>  
 2) bisheng/hmpi25.0.0/hmpi               4) /pacific_fs/HPCKit/latest/modulefiles/bisheng/kml25.0.0/kvml/serial <aL>   6) bisheng/kml25.0.0/kml                                                     

Key:
<module-tag>  <aL>=auto-loaded  
Running job !!!!!
Initializing AMReX (24.07)...
MPI initialized with 16 MPI processes
MPI initialized with thread support level 1
OMP initialized with 32 OMP threads
AMReX (24.07) initialized
WarpX (Unknown)

    __        __             __  __
    \ \      / /_ _ _ __ _ __\ \/ /
     \ \ /\ / / _` | '__| '_ \\  /
      \ V  V / (_| | |  | |_) /  \
       \_/\_/ \__,_|_|  | .__/_/\_\
                        |_|

Level 0: dt = 4.343827613e-16 ; dx = 9.375e-07 ; dy = 9.375e-07 ; dz = 1.328125e-07

Grids Summary:
  Level 0   16 grids  2097152 cells  100 % of domain
            smallest grid: 64 x 64 x 32  biggest grid: 64 x 64 x 32

-------------------------------------------------------------------------------
--------------------------- MAIN EM PIC PARAMETERS ----------------------------
-------------------------------------------------------------------------------
Precision:            | DOUBLE
Particle precision:   | DOUBLE
Geometry:             | 3D (XYZ)
Operation mode:       | Electromagnetic
                      | - vacuum
-------------------------------------------------------------------------------
Current Deposition:   | direct 
Particle Pusher:      | Boris 
Charge Deposition:    | standard 
Field Gathering:      | energy-conserving 
Particle Shape Factor:| 1
-------------------------------------------------------------------------------
Maxwell Solver:       | CKC 
                      | - collocated grid 
-------------------------------------------------------------------------------
For full input parameters, see the file: warpx_used_inputs

STEP 1 starts ...

 Sustained Performence: 14.422062 TFLOPS 

 Peak Performence: 14.422062 TFLOPS 
arvg_metric: 58016093.693062

Unused ParmParse Variables:
  [TOP]::diag1.diag_type(nvals = 1)  :: [Full]
  [TOP]::diag1.fields_to_plot(nvals = 10)  :: [Ex, Ey, Ez, Bx, By, Bz, jx, jy, jz, rho]
  [TOP]::diag1.intervals(nvals = 1)  :: [100]
  [TOP]::warpx.moving_window_dir(nvals = 1)  :: [z]
  [TOP]::warpx.moving_window_v(nvals = 1)  :: [1.0]
  [TOP]::warpx.sort_intervals(nvals = 1)  :: [-1]


**** WARNINGS ******************************************************************
* GLOBAL warning list  after  [ FIRST STEP ]
*
* No recorded warnings.
********************************************************************************

STEP 1 ends. TIME = 4.343827613e-16 DT = 4.343827613e-16
Evolve time = 0.480308185 s; This step = 0.480308185 s; Avg. per step = 0.480308185 s

STEP 2 starts ...

 Sustained Performence: 17.748465 TFLOPS 

 Peak Performence: 17.748465 TFLOPS 
arvg_metric: 119279247.905703
STEP 2 ends. TIME = 8.687655226e-16 DT = 4.343827613e-16
Evolve time = 0.618394113 s; This step = 0.138085928 s; Avg. per step = 0.3091970565 s

STEP 3 starts ...

 Sustained Performence: 17.617085 TFLOPS 

 Peak Performence: 17.748465 TFLOPS 
arvg_metric: 118955616.456744
STEP 3 ends. TIME = 1.303148284e-15 DT = 4.343827613e-16
Evolve time = 0.75640336 s; This step = 0.138009247 s; Avg. per step = 0.2521344533 s

STEP 4 starts ...

 Sustained Performence: 17.859301 TFLOPS 

 Peak Performence: 17.859301 TFLOPS 
arvg_metric: 119145045.972481
STEP 4 ends. TIME = 1.737531045e-15 DT = 4.343827613e-16
Evolve time = 0.893905166 s; This step = 0.137501806 s; Avg. per step = 0.2234762915 s

STEP 5 starts ...

 Sustained Performence: 17.767369 TFLOPS 

 Peak Performence: 17.859301 TFLOPS 
arvg_metric: 11319382.913399
STEP 5 ends. TIME = 2.171913806e-15 DT = 4.343827613e-16
Evolve time = 1.869208408 s; This step = 0.975303242 s; Avg. per step = 0.3738416816 s

STEP 6 starts ...

 Sustained Performence: 17.775336 TFLOPS 

 Peak Performence: 17.859301 TFLOPS 
arvg_metric: 103780421.259629
STEP 6 ends. TIME = 2.606296568e-15 DT = 4.343827613e-16
Evolve time = 2.023249722 s; This step = 0.154041314 s; Avg. per step = 0.337208287 s

STEP 7 starts ...

 Sustained Performence: 17.108847 TFLOPS 

 Peak Performence: 17.859301 TFLOPS 
arvg_metric: 116240361.883524
STEP 7 ends. TIME = 3.040679329e-15 DT = 4.343827613e-16
Evolve time = 2.162835413 s; This step = 0.139585691 s; Avg. per step = 0.3089764876 s

STEP 8 starts ...

 Sustained Performence: 17.394658 TFLOPS 

 Peak Performence: 17.859301 TFLOPS 
arvg_metric: 117430144.094186
STEP 8 ends. TIME = 3.47506209e-15 DT = 4.343827613e-16
Evolve time = 2.301333712 s; This step = 0.138498299 s; Avg. per step = 0.287666714 s

STEP 9 starts ...

 Sustained Performence: 17.384225 TFLOPS 

 Peak Performence: 17.859301 TFLOPS 
arvg_metric: 117420949.476654
STEP 9 ends. TIME = 3.909444852e-15 DT = 4.343827613e-16
Evolve time = 2.442283056 s; This step = 0.140949344 s; Avg. per step = 0.271364784 s

STEP 10 starts ...

 Sustained Performence: 17.239171 TFLOPS 

 Peak Performence: 17.859301 TFLOPS 
arvg_metric: 116851407.334051
STEP 10 ends. TIME = 4.343827613e-15 DT = 4.343827613e-16
Evolve time = 2.597607153 s; This step = 0.155324097 s; Avg. per step = 0.2597607153 s

STEP 11 starts ...

 Sustained Performence: 17.322965 TFLOPS 

 Peak Performence: 17.859301 TFLOPS 
arvg_metric: 122081244.964184
STEP 11 ends. TIME = 4.778210374e-15 DT = 4.343827613e-16
Evolve time = 2.724843226 s; This step = 0.127236073 s; Avg. per step = 0.2477130205 s

STEP 12 starts ...

 Sustained Performence: 17.079953 TFLOPS 

 Peak Performence: 17.859301 TFLOPS 
arvg_metric: 116296826.321987
STEP 12 ends. TIME = 5.212593136e-15 DT = 4.343827613e-16
Evolve time = 2.864020316 s; This step = 0.13917709 s; Avg. per step = 0.2386683597 s

STEP 13 starts ...

 Sustained Performence: 17.349972 TFLOPS 

 Peak Performence: 17.859301 TFLOPS 
arvg_metric: 72990904.812915
STEP 13 ends. TIME = 5.646975897e-15 DT = 4.343827613e-16
Evolve time = 3.058464633 s; This step = 0.194444317 s; Avg. per step = 0.2352665102 s

STEP 14 starts ...

 Sustained Performence: 17.208797 TFLOPS 

 Peak Performence: 17.859301 TFLOPS 
arvg_metric: 122165105.705079
STEP 14 ends. TIME = 6.081358658e-15 DT = 4.343827613e-16
Evolve time = 3.214447531 s; This step = 0.155982898 s; Avg. per step = 0.2296033951 s

STEP 15 starts ...

 Sustained Performence: 17.262143 TFLOPS 

 Peak Performence: 17.859301 TFLOPS 
arvg_metric: 116927034.670315
STEP 15 ends. TIME = 6.515741419e-15 DT = 4.343827613e-16
Evolve time = 3.353569921 s; This step = 0.13912239 s; Avg. per step = 0.2235713281 s

STEP 16 starts ...

 Sustained Performence: 16.912196 TFLOPS 

 Peak Performence: 17.859301 TFLOPS 
arvg_metric: 115460668.910770
STEP 16 ends. TIME = 6.950124181e-15 DT = 4.343827613e-16
Evolve time = 3.494466265 s; This step = 0.140896344 s; Avg. per step = 0.2184041416 s

STEP 17 starts ...

 Sustained Performence: 17.236651 TFLOPS 

 Peak Performence: 17.859301 TFLOPS 
arvg_metric: 116951479.349349
STEP 17 ends. TIME = 7.384506942e-15 DT = 4.343827613e-16
Evolve time = 3.634168886 s; This step = 0.139702621 s; Avg. per step = 0.2137746404 s

STEP 18 starts ...

 Sustained Performence: 17.232105 TFLOPS 

 Peak Performence: 17.859301 TFLOPS 
arvg_metric: 116481739.518965
STEP 18 ends. TIME = 7.818889703e-15 DT = 4.343827613e-16
Evolve time = 3.775682801 s; This step = 0.141513915 s; Avg. per step = 0.2097601556 s

STEP 19 starts ...

 Sustained Performence: 16.956095 TFLOPS 

 Peak Performence: 17.859301 TFLOPS 
arvg_metric: 115870158.995736
STEP 19 ends. TIME = 8.253272465e-15 DT = 4.343827613e-16
Evolve time = 3.916462244 s; This step = 0.140779443 s; Avg. per step = 0.2061295918 s

STEP 20 starts ...

 Sustained Performence: 17.190723 TFLOPS 

 Peak Performence: 17.859301 TFLOPS 
arvg_metric: 116667543.079043
STEP 20 ends. TIME = 8.687655226e-15 DT = 4.343827613e-16
Evolve time = 4.122527678 s; This step = 0.206065434 s; Avg. per step = 0.2061263839 s


**** WARNINGS ******************************************************************
* GLOBAL warning list  after  [ THE END ]
*
* No recorded warnings.
********************************************************************************

Total Time                     : 9.20245487


TinyProfiler total time across processes [min...avg...max]: 9.181 ... 9.192 ... 9.203

----------------------------------------------------------------------------------------------------------
Name                                                       NCalls  Excl. Min  Excl. Avg  Excl. Max   Max %
----------------------------------------------------------------------------------------------------------
ParticleContainer::RedistributeMPI()                           64     0.0808      5.119      5.574  60.57%
PhysicalParticleContainer::AddPlasma()                          1   0.003797     0.3143       4.91  53.35%
FabArray::ParallelCopy_finish()                                60    0.07888     0.7924      2.072  22.51%
WarpX::OneStep_nosub()                                         20     0.2571     0.8601       1.83  19.88%
FillBoundary_finish()                                         248     0.2962     0.9276      1.437  15.62%
FabArray::ParallelCopy_nowait()                                60    0.07634     0.1343     0.9172   9.97%
PhysicalParticleContainer::Evolve::GatherAndPush               16          0     0.1189     0.6828   7.42%
ParticleContainer::RedistributeCPU()                           64     0.1527      0.209     0.4423   4.81%
WarpX::Evolve::step                                            20     0.2235     0.2523     0.3524   3.83%
WarpXParticleContainer::ApplyBoundaryConditions()              40   0.002458    0.05212     0.2719   2.95%
WarpXParticleContainer::SortParticlesByBin()                    2  0.0001005    0.04423     0.2594   2.82%
[1] USER SME_sortanrpre                                        19          0    0.02159     0.1261   1.37%
FillBoundary_nowait()                                         248    0.05145     0.0827     0.1205   1.31%
[2] USER SME_kernal                                            19          0    0.01949     0.1159   1.26%
FabArray::setVal()                                            143    0.04147     0.0732     0.1089   1.18%
PhysicalParticleContainer::Evolve()                            20   0.002012    0.01757    0.09973   1.08%
PhysicalParticleContainer::PushP()                              2  0.0001392    0.01084     0.0602   0.65%
Filter::ApplyStencil(MultiFab)                                 60    0.02328    0.02685     0.0493   0.54%
WarpX::InitData()                                               1   0.001353   0.005709    0.03207   0.35%
DenseBins<T>::buildOpenMP                                      31          0   0.004237    0.02552   0.28%
main()                                                          1   0.002781    0.01451    0.02488   0.27%
WarpXParticleContainer::DepositCurrent::Accumulate             19          0   0.002691     0.0232   0.25%
amrex::Copy()                                                 246   0.006847   0.008442    0.02225   0.24%
[0] USER doDepositionShapeN_special()                          19          0   0.003793    0.02198   0.24%
WarpX::Evolve()                                                 1  0.0001444    0.01672    0.01791   0.19%
WarpXParticleContainer::DepositCurrent::CurrentDeposition      19          0   0.001532   0.009737   0.11%
ParticleContainer::BuildRedistributeMask                       80   0.007024   0.007514   0.007704   0.08%
LaserParticleContainer::Evolve()                               20   0.001229   0.002527   0.006068   0.07%
WarpX::SyncCurrent()                                           20   0.002647   0.003407   0.004254   0.05%
ablastr::utils::communication::FillBoundary                   246   0.002269   0.002621   0.002909   0.03%
FabArray<FAB>::SumBoundary_nowait()                            60   0.001227   0.001477   0.001972   0.02%
FabArray<FAB>::SumBoundary_finish()                            60   0.001313   0.001557   0.001776   0.02%
FabArray::FillBoundary()                                      128  0.0008259  0.0009127    0.00108   0.01%
FabArray<FAB>::SumBoundary()                                   60  0.0005187  0.0005903  0.0007222   0.01%
MultiFab::Copy()                                              186  0.0004031  0.0004597  0.0005228   0.01%
FillBoundaryAndSync_nowait()                                  120  0.0002609  0.0002999  0.0004489   0.00%
FabArray::FillBoundaryAndSync()                               120  0.0002796  0.0003156  0.0003914   0.00%
FillBoundaryAndSync_finish()                                  120  0.0002148  0.0002419  0.0002877   0.00%
ablastr::utils::communication::SumBoundary                     60  0.0001801  0.0002175  0.0002589   0.00%
PhysicalParticleContainer::AddParticles()                       2  3.338e-05  4.398e-05  6.903e-05   0.00%
REG::WarpX::Evolve()                                            1   5.91e-06  1.095e-05  2.398e-05   0.00%
Other                                                         548    0.02291    0.03542    0.05094   0.55%
----------------------------------------------------------------------------------------------------------

----------------------------------------------------------------------------------------------------------
Name                                                       NCalls  Incl. Min  Incl. Avg  Incl. Max   Max %
----------------------------------------------------------------------------------------------------------
main()                                                          1       9.18      9.192      9.203 100.00%
ParticleContainer::RedistributeCPU()                           64      0.525       5.36      5.765  62.65%
ParticleContainer::RedistributeMPI()                           64    0.08103       5.12      5.574  60.57%
WarpX::InitData()                                               1      5.028      5.082      5.318  57.78%
PhysicalParticleContainer::AddParticles()                       2   0.003848     0.3144       4.91  53.35%
PhysicalParticleContainer::AddPlasma()                          1   0.003797     0.3143       4.91  53.35%
REG::WarpX::Evolve()                                            1       3.86      4.095      4.145  45.04%
WarpX::Evolve()                                                 1       3.86      4.095      4.145  45.04%
WarpX::Evolve::step                                            20      3.842      4.079      4.127  44.85%
WarpX::OneStep_nosub()                                         20      2.635      2.838          3  32.59%
WarpX::SyncCurrent()                                           20     0.2021     0.9729      2.235  24.29%
ablastr::utils::communication::SumBoundary                     60     0.1692     0.9371        2.2  23.90%
FabArray<FAB>::SumBoundary()                                   60      0.169     0.9369        2.2  23.90%
FabArray<FAB>::SumBoundary_finish()                            60    0.08042     0.7939      2.073  22.53%
FabArray::ParallelCopy_finish()                                60    0.07888     0.7924      2.072  22.51%
ablastr::utils::communication::FillBoundary                   246     0.3766      1.008      1.504  16.34%
FillBoundary_finish()                                         248     0.2962     0.9276      1.437  15.62%
FabArray::FillBoundaryAndSync()                               120    0.08147     0.7918      1.146  12.46%
FillBoundaryAndSync_finish()                                  120    0.04209     0.7663      1.123  12.20%
PhysicalParticleContainer::Evolve()                            20   0.002012     0.1861      1.052  11.43%
FabArray<FAB>::SumBoundary_nowait()                            60    0.08371     0.1424     0.9248  10.05%
FabArray::ParallelCopy_nowait()                                60    0.07677     0.1348     0.9176   9.97%
PhysicalParticleContainer::Evolve::GatherAndPush               16          0     0.1189     0.6828   7.42%
FabArray::FillBoundary()                                      128    0.07215     0.2217     0.4073   4.43%
WarpXParticleContainer::SortParticlesByBin()                    2  0.0001005    0.04847     0.2849   3.10%
WarpXParticleContainer::DepositCurrent::CurrentDeposition      19          0    0.04787     0.2824   3.07%
[0] USER doDepositionShapeN_special()                          19          0    0.04634     0.2726   2.96%
WarpXParticleContainer::ApplyBoundaryConditions()              40   0.002458    0.05212     0.2719   2.95%
[1] USER SME_sortanrpre                                        19          0    0.02159     0.1261   1.37%
FillBoundary_nowait()                                         248    0.05267    0.08417      0.122   1.33%
[2] USER SME_kernal                                            19          0    0.01949     0.1159   1.26%
FabArray::setVal()                                            143    0.04147     0.0732     0.1089   1.18%
PhysicalParticleContainer::PushP()                              2  0.0001392    0.01084     0.0602   0.65%
ParticleContainer::BuildRedistributeMask                       80    0.01026    0.03151     0.0561   0.61%
Filter::ApplyStencil(MultiFab)                                 60    0.02328    0.02685     0.0493   0.54%
FillBoundaryAndSync_nowait()                                  120    0.01258    0.02524      0.041   0.45%
DenseBins<T>::buildOpenMP                                      31          0   0.004237    0.02552   0.28%
WarpXParticleContainer::DepositCurrent::Accumulate             19          0   0.002691     0.0232   0.25%
LaserParticleContainer::Evolve()                               20   0.001229   0.003561    0.02261   0.25%
amrex::Copy()                                                 246   0.006847   0.008442    0.02225   0.24%
MultiFab::Copy()                                              186   0.004364   0.005758    0.01919   0.21%
Other                                                         548    0.02456    0.05576    0.07427   0.81%
----------------------------------------------------------------------------------------------------------



BEGIN REGION WarpX::Evolve()

----------------------------------------------------------------------------------------------------------
Name                                                       NCalls  Excl. Min  Excl. Avg  Excl. Max   Max %
----------------------------------------------------------------------------------------------------------
FabArray::ParallelCopy_finish()                                60    0.07888     0.7924      2.072  22.51%
WarpX::OneStep_nosub()                                         20     0.2571     0.8601       1.83  19.88%
FillBoundary_finish()                                         248     0.2962     0.9276      1.437  15.62%
FabArray::ParallelCopy_nowait()                                60    0.07634     0.1343     0.9172   9.97%
PhysicalParticleContainer::Evolve::GatherAndPush               16          0     0.1189     0.6828   7.42%
ParticleContainer::RedistributeMPI()                           60    0.03698     0.4799     0.6025   6.55%
ParticleContainer::RedistributeCPU()                           60     0.1427     0.1966     0.4166   4.53%
WarpX::Evolve::step                                            20     0.2235     0.2523     0.3524   3.83%
WarpXParticleContainer::ApplyBoundaryConditions()              40   0.002458    0.05212     0.2719   2.95%
[1] USER SME_sortanrpre                                        19          0    0.02159     0.1261   1.37%
FillBoundary_nowait()                                         248    0.05145     0.0827     0.1205   1.31%
[2] USER SME_kernal                                            19          0    0.01949     0.1159   1.26%
PhysicalParticleContainer::Evolve()                            20   0.002012    0.01757    0.09973   1.08%
PhysicalParticleContainer::PushP()                              2  0.0001392    0.01084     0.0602   0.65%
FabArray::setVal()                                            122   0.008512    0.02192    0.05306   0.58%
Filter::ApplyStencil(MultiFab)                                 60    0.02328    0.02685     0.0493   0.54%
WarpXParticleContainer::DepositCurrent::Accumulate             19          0   0.002691     0.0232   0.25%
[0] USER doDepositionShapeN_special()                          19          0   0.003793    0.02198   0.24%
WarpX::Evolve()                                                 1  0.0001444    0.01672    0.01791   0.19%
WarpXParticleContainer::DepositCurrent::CurrentDeposition      19          0   0.001532   0.009737   0.11%
ParticleContainer::BuildRedistributeMask                       80   0.007024   0.007514   0.007704   0.08%
LaserParticleContainer::Evolve()                               20   0.001229   0.002527   0.006068   0.07%
WarpX::SyncCurrent()                                           20   0.002647   0.003407   0.004254   0.05%
ablastr::utils::communication::FillBoundary                   246   0.002269   0.002621   0.002909   0.03%
FabArray<FAB>::SumBoundary_nowait()                            60   0.001227   0.001477   0.001972   0.02%
FabArray<FAB>::SumBoundary_finish()                            60   0.001313   0.001557   0.001776   0.02%
FabArray::FillBoundary()                                      128  0.0008259  0.0009127    0.00108   0.01%
FabArray<FAB>::SumBoundary()                                   60  0.0005187  0.0005903  0.0007222   0.01%
FillBoundaryAndSync_nowait()                                  120  0.0002609  0.0002999  0.0004489   0.00%
FabArray::FillBoundaryAndSync()                               120  0.0002796  0.0003156  0.0003914   0.00%
FillBoundaryAndSync_finish()                                  120  0.0002148  0.0002419  0.0002877   0.00%
ablastr::utils::communication::SumBoundary                     60  0.0001801  0.0002175  0.0002589   0.00%
REG::WarpX::Evolve()                                            1   5.91e-06  1.095e-05  2.398e-05   0.00%
Other                                                         968    0.02933    0.03384    0.05954   0.65%
----------------------------------------------------------------------------------------------------------

----------------------------------------------------------------------------------------------------------
Name                                                       NCalls  Incl. Min  Incl. Avg  Incl. Max   Max %
----------------------------------------------------------------------------------------------------------
REG::WarpX::Evolve()                                            1       3.86      4.095      4.145  45.04%
WarpX::Evolve()                                                 1       3.86      4.095      4.145  45.04%
WarpX::Evolve::step                                            20      3.842      4.079      4.127  44.85%
WarpX::OneStep_nosub()                                         20      2.635      2.838          3  32.59%
WarpX::SyncCurrent()                                           20     0.2021     0.9729      2.235  24.29%
ablastr::utils::communication::SumBoundary                     60     0.1692     0.9371        2.2  23.90%
FabArray<FAB>::SumBoundary()                                   60      0.169     0.9369        2.2  23.90%
FabArray<FAB>::SumBoundary_finish()                            60    0.08042     0.7939      2.073  22.53%
FabArray::ParallelCopy_finish()                                60    0.07888     0.7924      2.072  22.51%
ablastr::utils::communication::FillBoundary                   246     0.3766      1.008      1.504  16.34%
FillBoundary_finish()                                         248     0.2962     0.9276      1.437  15.62%
FabArray::FillBoundaryAndSync()                               120    0.08147     0.7918      1.146  12.46%
FillBoundaryAndSync_finish()                                  120    0.04209     0.7663      1.123  12.20%
PhysicalParticleContainer::Evolve()                            20   0.002012     0.1861      1.052  11.43%
FabArray<FAB>::SumBoundary_nowait()                            60    0.08371     0.1424     0.9248  10.05%
FabArray::ParallelCopy_nowait()                                60    0.07677     0.1348     0.9176   9.97%
ParticleContainer::RedistributeCPU()                           60     0.4638     0.7079     0.7623   8.28%
PhysicalParticleContainer::Evolve::GatherAndPush               16          0     0.1189     0.6828   7.42%
ParticleContainer::RedistributeMPI()                           60    0.03713     0.4801     0.6028   6.55%
FabArray::FillBoundary()                                      128    0.07215     0.2217     0.4073   4.43%
WarpXParticleContainer::DepositCurrent::CurrentDeposition      19          0    0.04787     0.2824   3.07%
[0] USER doDepositionShapeN_special()                          19          0    0.04634     0.2726   2.96%
WarpXParticleContainer::ApplyBoundaryConditions()              40   0.002458    0.05212     0.2719   2.95%
[1] USER SME_sortanrpre                                        19          0    0.02159     0.1261   1.37%
FillBoundary_nowait()                                         248    0.05267    0.08417      0.122   1.33%
[2] USER SME_kernal                                            19          0    0.01949     0.1159   1.26%
PhysicalParticleContainer::PushP()                              2  0.0001392    0.01084     0.0602   0.65%
ParticleContainer::BuildRedistributeMask                       80    0.01026    0.03151     0.0561   0.61%
FabArray::setVal()                                            122   0.008512    0.02192    0.05306   0.58%
Filter::ApplyStencil(MultiFab)                                 60    0.02328    0.02685     0.0493   0.54%
FillBoundaryAndSync_nowait()                                  120    0.01258    0.02524      0.041   0.45%
WarpXParticleContainer::DepositCurrent::Accumulate             19          0   0.002691     0.0232   0.25%
LaserParticleContainer::Evolve()                               20   0.001229   0.003561    0.02261   0.25%
Other                                                         968    0.03418    0.04018    0.07946   0.86%
----------------------------------------------------------------------------------------------------------

END REGION WarpX::Evolve()
Unused ParmParse Variables:
  [TOP]::diag1.diag_type(nvals = 1)  :: [Full]
  [TOP]::diag1.fields_to_plot(nvals = 10)  :: [Ex, Ey, Ez, Bx, By, Bz, jx, jy, jz, rho]
  [TOP]::diag1.intervals(nvals = 1)  :: [100]
  [TOP]::warpx.moving_window_dir(nvals = 1)  :: [z]
  [TOP]::warpx.moving_window_v(nvals = 1)  :: [1.0]
  [TOP]::warpx.sort_intervals(nvals = 1)  :: [-1]

Pinned Memory Usage:
-----------------------------------------------------------------------------------------------------------------------------
Name                                    Nalloc  Nfree  AvgMem min  AvgMem avg  AvgMem max  MaxMem min  MaxMem avg  MaxMem max
-----------------------------------------------------------------------------------------------------------------------------
The_Pinned_Arena::Initialize()              16     16    1536   B    1945   B    2712   B    8192 KiB    8192 KiB    8192 KiB
WarpX::InitData()                          460    460       8   B      11   B      31   B      25 KiB      32 KiB      59 KiB
main()                                    1216   1216     797   B     797   B     798   B     800   B     800   B     800   B
PhysicalParticleContainer::AddPlasma()      32     32     157   B     157   B     159   B     160   B     160   B     160   B
-----------------------------------------------------------------------------------------------------------------------------

AMReX (24.07) finalized
Done!
